[0.101s] Invoking command in '/home/eamon/aws-robomaker-sample-application-pr2-hospital/simulation_ws/build/pr2_hospital_simulation': /usr/bin/cmake /home/eamon/aws-robomaker-sample-application-pr2-hospital/simulation_ws/src/pr2_hospital_simulation -DCATKIN_INSTALL_INTO_PREFIX_ROOT=0 -DCMAKE_INSTALL_PREFIX=/home/eamon/aws-robomaker-sample-application-pr2-hospital/simulation_ws/install/pr2_hospital_simulation
[0.272s] -- The C compiler identification is GNU 9.4.0
[0.394s] -- The CXX compiler identification is GNU 9.4.0
[0.399s] -- Check for working C compiler: /usr/bin/cc
[0.452s] -- Check for working C compiler: /usr/bin/cc -- works
[0.453s] -- Detecting C compiler ABI info
[0.497s] -- Detecting C compiler ABI info - done
[0.505s] -- Detecting C compile features
[0.506s] -- Detecting C compile features - done
[0.508s] -- Check for working CXX compiler: /usr/bin/c++
[0.559s] -- Check for working CXX compiler: /usr/bin/c++ -- works
[0.560s] -- Detecting CXX compiler ABI info
[0.611s] -- Detecting CXX compiler ABI info - done
[0.620s] -- Detecting CXX compile features
[0.620s] -- Detecting CXX compile features - done
[0.623s] -- Using CATKIN_DEVEL_PREFIX: /home/eamon/aws-robomaker-sample-application-pr2-hospital/simulation_ws/build/pr2_hospital_simulation/devel
[0.624s] -- Using CMAKE_PREFIX_PATH: /opt/ros/noetic
[0.624s] -- This workspace overlays: /opt/ros/noetic
[0.639s] -- Found PythonInterp: /usr/bin/python3 (found suitable version "3.8.10", minimum required is "3") 
[0.639s] -- Using PYTHON_EXECUTABLE: /usr/bin/python3
[0.639s] -- Using Debian Python package layout
[0.659s] -- Found PY_em: /usr/lib/python3/dist-packages/em.py  
[0.659s] -- Using empy: /usr/lib/python3/dist-packages/em.py
[0.731s] -- Using CATKIN_ENABLE_TESTING: ON
[0.731s] -- Call enable_testing()
[0.734s] -- Using CATKIN_TEST_RESULTS_DIR: /home/eamon/aws-robomaker-sample-application-pr2-hospital/simulation_ws/build/pr2_hospital_simulation/test_results
[1.039s] -- Forcing gtest/gmock from source, though one was otherwise available.
[1.039s] -- Found gtest sources under '/usr/src/googletest': gtests will be built
[1.039s] -- Found gmock sources under '/usr/src/googletest': gmock will be built
[1.058s] -- Found PythonInterp: /usr/bin/python3 (found version "3.8.10") 
[1.060s] -- Found Threads: TRUE  
[1.063s] -- Using Python nosetests: /usr/bin/nosetests3
[1.095s] -- catkin 0.8.10
[1.095s] -- BUILD_SHARED_LIBS is on
[1.256s] -- Using these message generators: gencpp;geneus;genlisp;gennodejs;genpy
[1.442s] -- Configuring done
[1.465s] -- Generating done
[1.470s] -- Build files have been written to: /home/eamon/aws-robomaker-sample-application-pr2-hospital/simulation_ws/build/pr2_hospital_simulation
[1.476s] Invoked command in '/home/eamon/aws-robomaker-sample-application-pr2-hospital/simulation_ws/build/pr2_hospital_simulation' returned '0': /usr/bin/cmake /home/eamon/aws-robomaker-sample-application-pr2-hospital/simulation_ws/src/pr2_hospital_simulation -DCATKIN_INSTALL_INTO_PREFIX_ROOT=0 -DCMAKE_INSTALL_PREFIX=/home/eamon/aws-robomaker-sample-application-pr2-hospital/simulation_ws/install/pr2_hospital_simulation
[1.479s] Invoking command in '/home/eamon/aws-robomaker-sample-application-pr2-hospital/simulation_ws/build/pr2_hospital_simulation': /usr/bin/cmake --build /home/eamon/aws-robomaker-sample-application-pr2-hospital/simulation_ws/build/pr2_hospital_simulation -- -j6 -l6
[1.512s] Invoked command in '/home/eamon/aws-robomaker-sample-application-pr2-hospital/simulation_ws/build/pr2_hospital_simulation' returned '0': /usr/bin/cmake --build /home/eamon/aws-robomaker-sample-application-pr2-hospital/simulation_ws/build/pr2_hospital_simulation -- -j6 -l6
[1.560s] Invoking command in '/home/eamon/aws-robomaker-sample-application-pr2-hospital/simulation_ws/build/pr2_hospital_simulation': /usr/bin/cmake --build /home/eamon/aws-robomaker-sample-application-pr2-hospital/simulation_ws/build/pr2_hospital_simulation --target tests -- -j6 -l6
[1.589s] [35m[1mScanning dependencies of target tests[0m
[1.595s] Built target tests
[1.602s] Invoked command in '/home/eamon/aws-robomaker-sample-application-pr2-hospital/simulation_ws/build/pr2_hospital_simulation' returned '0': /usr/bin/cmake --build /home/eamon/aws-robomaker-sample-application-pr2-hospital/simulation_ws/build/pr2_hospital_simulation --target tests -- -j6 -l6
[1.650s] Invoking command in '/home/eamon/aws-robomaker-sample-application-pr2-hospital/simulation_ws/build/pr2_hospital_simulation': /usr/bin/cmake --install /home/eamon/aws-robomaker-sample-application-pr2-hospital/simulation_ws/build/pr2_hospital_simulation
[1.655s] -- Install configuration: ""
[1.655s] -- Installing: /home/eamon/aws-robomaker-sample-application-pr2-hospital/simulation_ws/install/pr2_hospital_simulation/lib/pkgconfig/pr2_hospital_simulation.pc
[1.655s] -- Installing: /home/eamon/aws-robomaker-sample-application-pr2-hospital/simulation_ws/install/pr2_hospital_simulation/share/pr2_hospital_simulation/cmake/pr2_hospital_simulationConfig.cmake
[1.656s] -- Installing: /home/eamon/aws-robomaker-sample-application-pr2-hospital/simulation_ws/install/pr2_hospital_simulation/share/pr2_hospital_simulation/cmake/pr2_hospital_simulationConfig-version.cmake
[1.656s] -- Up-to-date: /home/eamon/aws-robomaker-sample-application-pr2-hospital/simulation_ws/install/pr2_hospital_simulation/share/pr2_hospital_simulation/package.xml
[1.656s] -- Up-to-date: /home/eamon/aws-robomaker-sample-application-pr2-hospital/simulation_ws/install/pr2_hospital_simulation/share/pr2_hospital_simulation/launch
[1.656s] -- Up-to-date: /home/eamon/aws-robomaker-sample-application-pr2-hospital/simulation_ws/install/pr2_hospital_simulation/share/pr2_hospital_simulation/launch/hospital.launch
[1.656s] -- Up-to-date: /home/eamon/aws-robomaker-sample-application-pr2-hospital/simulation_ws/install/pr2_hospital_simulation/share/pr2_hospital_simulation/launch/view_hospital.launch
[1.656s] -- Up-to-date: /home/eamon/aws-robomaker-sample-application-pr2-hospital/simulation_ws/install/pr2_hospital_simulation/share/pr2_hospital_simulation/worlds
[1.656s] -- Up-to-date: /home/eamon/aws-robomaker-sample-application-pr2-hospital/simulation_ws/install/pr2_hospital_simulation/share/pr2_hospital_simulation/worlds/empty.world
[1.657s] Invoked command in '/home/eamon/aws-robomaker-sample-application-pr2-hospital/simulation_ws/build/pr2_hospital_simulation' returned '0': /usr/bin/cmake --install /home/eamon/aws-robomaker-sample-application-pr2-hospital/simulation_ws/build/pr2_hospital_simulation
