-- The C compiler identification is GNU 9.4.0
-- The CXX compiler identification is GNU 9.4.0
-- Check for working C compiler: /usr/bin/cc
-- Check for working C compiler: /usr/bin/cc -- works
-- Detecting C compiler ABI info
-- Detecting C compiler ABI info - done
-- Detecting C compile features
-- Detecting C compile features - done
-- Check for working CXX compiler: /usr/bin/c++
-- Check for working CXX compiler: /usr/bin/c++ -- works
-- Detecting CXX compiler ABI info
-- Detecting CXX compiler ABI info - done
-- Detecting CXX compile features
-- Detecting CXX compile features - done
-- Using CATKIN_DEVEL_PREFIX: /home/eamon/aws-robomaker-sample-application-pr2-hospital/simulation_ws/build/aws_robomaker_hospital_world/devel
-- Using CMAKE_PREFIX_PATH: /opt/ros/noetic
-- This workspace overlays: /opt/ros/noetic
-- Found PythonInterp: /usr/bin/python3 (found suitable version "3.8.10", minimum required is "3") 
-- Using PYTHON_EXECUTABLE: /usr/bin/python3
-- Using Debian Python package layout
-- Found PY_em: /usr/lib/python3/dist-packages/em.py  
-- Using empy: /usr/lib/python3/dist-packages/em.py
-- Using CATKIN_ENABLE_TESTING: ON
-- Call enable_testing()
-- Using CATKIN_TEST_RESULTS_DIR: /home/eamon/aws-robomaker-sample-application-pr2-hospital/simulation_ws/build/aws_robomaker_hospital_world/test_results
-- Forcing gtest/gmock from source, though one was otherwise available.
-- Found gtest sources under '/usr/src/googletest': gtests will be built
-- Found gmock sources under '/usr/src/googletest': gmock will be built
-- Found PythonInterp: /usr/bin/python3 (found version "3.8.10") 
-- Found Threads: TRUE  
-- Using Python nosetests: /usr/bin/nosetests3
-- catkin 0.8.10
-- BUILD_SHARED_LIBS is on
-- Using these message generators: gencpp;geneus;genlisp;gennodejs;genpy
running python3 -m pip install -r /home/eamon/aws-robomaker-sample-application-pr2-hospital/simulation_ws/src/deps/aws_robomaker_hospital_world/requirements.txt 2>&1
/usr/bin/python3: No module named pip
running python3 /home/eamon/aws-robomaker-sample-application-pr2-hospital/simulation_ws/src/deps/aws_robomaker_hospital_world/fuel_utility.py download -m XRayMachine -m IVStand -m BloodPressureMonitor -m BPCart -m BMWCart -m CGMClassic -m StorageRack -m Chair -m InstrumentCart1 -m Scrubs -m PatientWheelChair -m WhiteChipChair -m TrolleyBed -m SurgicalTrolley -m PotatoChipChair -m VisitorKidSit -m FemaleVisitorSit -m AdjTable -m MopCart3 -m MaleVisitorSit -m Drawer -m OfficeChairBlack -m ElderLadyPatient -m ElderMalePatient -m InstrumentCart2 -m MetalCabinet -m BedTable -m BedsideTable -m AnesthesiaMachine -m TrolleyBedPatient -m Shower -m SurgicalTrolleyMed -m StorageRackCovered -m KitchenSink -m Toilet -m VendingMachine -m ParkingTrolleyMin -m PatientFSit -m MaleVisitorOnPhone -m FemaleVisitor -m MalePatientBed -m StorageRackCoverOpen -m ParkingTrolleyMax -d /home/eamon/aws-robomaker-sample-application-pr2-hospital/simulation_ws/src/deps/aws_robomaker_hospital_world/fuel_models --verbose 2>&1
Traceback (most recent call last):
  File "/home/eamon/aws-robomaker-sample-application-pr2-hospital/simulation_ws/src/deps/aws_robomaker_hospital_world/fuel_utility.py", line 20, in <module>
    from docopt import docopt
ModuleNotFoundError: No module named 'docopt'
-- Configuring done
-- Generating done
-- Build files have been written to: /home/eamon/aws-robomaker-sample-application-pr2-hospital/simulation_ws/build/aws_robomaker_hospital_world
[35m[1mScanning dependencies of target tests[0m
Built target tests
-- Install configuration: ""
-- Installing: /home/eamon/aws-robomaker-sample-application-pr2-hospital/simulation_ws/install/aws_robomaker_hospital_world/lib/pkgconfig/aws_robomaker_hospital_world.pc
-- Installing: /home/eamon/aws-robomaker-sample-application-pr2-hospital/simulation_ws/install/aws_robomaker_hospital_world/share/aws_robomaker_hospital_world/cmake/aws_robomaker_hospital_worldConfig.cmake
-- Installing: /home/eamon/aws-robomaker-sample-application-pr2-hospital/simulation_ws/install/aws_robomaker_hospital_world/share/aws_robomaker_hospital_world/cmake/aws_robomaker_hospital_worldConfig-version.cmake
-- Installing: /home/eamon/aws-robomaker-sample-application-pr2-hospital/simulation_ws/install/aws_robomaker_hospital_world/share/aws_robomaker_hospital_world/package.xml
-- Installing: /home/eamon/aws-robomaker-sample-application-pr2-hospital/simulation_ws/install/aws_robomaker_hospital_world/share/aws_robomaker_hospital_world/launch
-- Installing: /home/eamon/aws-robomaker-sample-application-pr2-hospital/simulation_ws/install/aws_robomaker_hospital_world/share/aws_robomaker_hospital_world/launch/hospital.launch
-- Installing: /home/eamon/aws-robomaker-sample-application-pr2-hospital/simulation_ws/install/aws_robomaker_hospital_world/share/aws_robomaker_hospital_world/launch/view_hospital.launch
-- Installing: /home/eamon/aws-robomaker-sample-application-pr2-hospital/simulation_ws/install/aws_robomaker_hospital_world/share/aws_robomaker_hospital_world/models
-- Installing: /home/eamon/aws-robomaker-sample-application-pr2-hospital/simulation_ws/install/aws_robomaker_hospital_world/share/aws_robomaker_hospital_world/models/aws_robomaker_residential_PortraitA_02
-- Installing: /home/eamon/aws-robomaker-sample-application-pr2-hospital/simulation_ws/install/aws_robomaker_hospital_world/share/aws_robomaker_hospital_world/models/aws_robomaker_residential_PortraitA_02/meshes
-- Installing: /home/eamon/aws-robomaker-sample-application-pr2-hospital/simulation_ws/install/aws_robomaker_hospital_world/share/aws_robomaker_hospital_world/models/aws_robomaker_residential_PortraitA_02/meshes/aws_PortraitA_01_collision.DAE
-- Installing: /home/eamon/aws-robomaker-sample-application-pr2-hospital/simulation_ws/install/aws_robomaker_hospital_world/share/aws_robomaker_hospital_world/models/aws_robomaker_residential_PortraitA_02/meshes/aws_PortraitA_01_visual.DAE
-- Installing: /home/eamon/aws-robomaker-sample-application-pr2-hospital/simulation_ws/install/aws_robomaker_hospital_world/share/aws_robomaker_hospital_world/models/aws_robomaker_residential_PortraitA_02/materials
-- Installing: /home/eamon/aws-robomaker-sample-application-pr2-hospital/simulation_ws/install/aws_robomaker_hospital_world/share/aws_robomaker_hospital_world/models/aws_robomaker_residential_PortraitA_02/materials/textures
-- Installing: /home/eamon/aws-robomaker-sample-application-pr2-hospital/simulation_ws/install/aws_robomaker_hospital_world/share/aws_robomaker_hospital_world/models/aws_robomaker_residential_PortraitA_02/materials/textures/aws_PortraitA_01.png
-- Installing: /home/eamon/aws-robomaker-sample-application-pr2-hospital/simulation_ws/install/aws_robomaker_hospital_world/share/aws_robomaker_hospital_world/models/aws_robomaker_residential_PortraitA_02/materials/textures/aws_PortraitA_02.png
-- Installing: /home/eamon/aws-robomaker-sample-application-pr2-hospital/simulation_ws/install/aws_robomaker_hospital_world/share/aws_robomaker_hospital_world/models/aws_robomaker_residential_PortraitA_02/model.sdf
-- Installing: /home/eamon/aws-robomaker-sample-application-pr2-hospital/simulation_ws/install/aws_robomaker_hospital_world/share/aws_robomaker_hospital_world/models/aws_robomaker_residential_PortraitA_02/model.config
-- Installing: /home/eamon/aws-robomaker-sample-application-pr2-hospital/simulation_ws/install/aws_robomaker_hospital_world/share/aws_robomaker_hospital_world/models/aws_robomaker_hospital_hospitalsign_01
-- Installing: /home/eamon/aws-robomaker-sample-application-pr2-hospital/simulation_ws/install/aws_robomaker_hospital_world/share/aws_robomaker_hospital_world/models/aws_robomaker_hospital_hospitalsign_01/meshes
-- Installing: /home/eamon/aws-robomaker-sample-application-pr2-hospital/simulation_ws/install/aws_robomaker_hospital_world/share/aws_robomaker_hospital_world/models/aws_robomaker_hospital_hospitalsign_01/meshes/aws_robomaker_hospital_hospitalsign_01.png
-- Installing: /home/eamon/aws-robomaker-sample-application-pr2-hospital/simulation_ws/install/aws_robomaker_hospital_world/share/aws_robomaker_hospital_world/models/aws_robomaker_hospital_hospitalsign_01/meshes/aws_robomaker_hospital_hospitalsign_01_normal.png
-- Installing: /home/eamon/aws-robomaker-sample-application-pr2-hospital/simulation_ws/install/aws_robomaker_hospital_world/share/aws_robomaker_hospital_world/models/aws_robomaker_hospital_hospitalsign_01/meshes/aws_robomaker_hospital_hospitalsign_01_visual.dae
-- Installing: /home/eamon/aws-robomaker-sample-application-pr2-hospital/simulation_ws/install/aws_robomaker_hospital_world/share/aws_robomaker_hospital_world/models/aws_robomaker_hospital_hospitalsign_01/meshes/aws_robomaker_hospital_hospitalsign_01_collision.dae
-- Installing: /home/eamon/aws-robomaker-sample-application-pr2-hospital/simulation_ws/install/aws_robomaker_hospital_world/share/aws_robomaker_hospital_world/models/aws_robomaker_hospital_hospitalsign_01/model.sdf
-- Installing: /home/eamon/aws-robomaker-sample-application-pr2-hospital/simulation_ws/install/aws_robomaker_hospital_world/share/aws_robomaker_hospital_world/models/aws_robomaker_hospital_hospitalsign_01/model.config
-- Installing: /home/eamon/aws-robomaker-sample-application-pr2-hospital/simulation_ws/install/aws_robomaker_hospital_world/share/aws_robomaker_hospital_world/models/aws_robomaker_hospital_curtain_closed_01
-- Installing: /home/eamon/aws-robomaker-sample-application-pr2-hospital/simulation_ws/install/aws_robomaker_hospital_world/share/aws_robomaker_hospital_world/models/aws_robomaker_hospital_curtain_closed_01/meshes
-- Installing: /home/eamon/aws-robomaker-sample-application-pr2-hospital/simulation_ws/install/aws_robomaker_hospital_world/share/aws_robomaker_hospital_world/models/aws_robomaker_hospital_curtain_closed_01/meshes/aws_robomaker_hospital_curtain_closed_01_visual.dae
-- Installing: /home/eamon/aws-robomaker-sample-application-pr2-hospital/simulation_ws/install/aws_robomaker_hospital_world/share/aws_robomaker_hospital_world/models/aws_robomaker_hospital_curtain_closed_01/meshes/aws_robomaker_hospital_curtain_closed_01_visual.png
-- Installing: /home/eamon/aws-robomaker-sample-application-pr2-hospital/simulation_ws/install/aws_robomaker_hospital_world/share/aws_robomaker_hospital_world/models/aws_robomaker_hospital_curtain_closed_01/meshes/aws_robomaker_hospital_curtain_closed_01_visual_normal.png
-- Installing: /home/eamon/aws-robomaker-sample-application-pr2-hospital/simulation_ws/install/aws_robomaker_hospital_world/share/aws_robomaker_hospital_world/models/aws_robomaker_hospital_curtain_closed_01/meshes/aws_robomaker_hospital_curtainrail_01_visual_normal.png
-- Installing: /home/eamon/aws-robomaker-sample-application-pr2-hospital/simulation_ws/install/aws_robomaker_hospital_world/share/aws_robomaker_hospital_world/models/aws_robomaker_hospital_curtain_closed_01/meshes/aws_robomaker_hospital_curtain_closed_01_low_normal.png
-- Installing: /home/eamon/aws-robomaker-sample-application-pr2-hospital/simulation_ws/install/aws_robomaker_hospital_world/share/aws_robomaker_hospital_world/models/aws_robomaker_hospital_curtain_closed_01/meshes/aws_robomaker_hospital_curtainrail_01_visual.png
-- Installing: /home/eamon/aws-robomaker-sample-application-pr2-hospital/simulation_ws/install/aws_robomaker_hospital_world/share/aws_robomaker_hospital_world/models/aws_robomaker_hospital_curtain_closed_01/meshes/aws_robomaker_hospital_curtain_closed_01_low.png
-- Installing: /home/eamon/aws-robomaker-sample-application-pr2-hospital/simulation_ws/install/aws_robomaker_hospital_world/share/aws_robomaker_hospital_world/models/aws_robomaker_hospital_curtain_closed_01/meshes/aws_robomaker_hospital_curtainrail_01_low.png
-- Installing: /home/eamon/aws-robomaker-sample-application-pr2-hospital/simulation_ws/install/aws_robomaker_hospital_world/share/aws_robomaker_hospital_world/models/aws_robomaker_hospital_curtain_closed_01/meshes/aws_robomaker_hospital_curtainrail_01_low_normal.png
-- Installing: /home/eamon/aws-robomaker-sample-application-pr2-hospital/simulation_ws/install/aws_robomaker_hospital_world/share/aws_robomaker_hospital_world/models/aws_robomaker_hospital_curtain_closed_01/meshes/aws_robomaker_hospital_curtain_closed_01_collision.dae
-- Installing: /home/eamon/aws-robomaker-sample-application-pr2-hospital/simulation_ws/install/aws_robomaker_hospital_world/share/aws_robomaker_hospital_world/models/aws_robomaker_hospital_curtain_closed_01/model.sdf
-- Installing: /home/eamon/aws-robomaker-sample-application-pr2-hospital/simulation_ws/install/aws_robomaker_hospital_world/share/aws_robomaker_hospital_world/models/aws_robomaker_hospital_curtain_closed_01/model.config
-- Installing: /home/eamon/aws-robomaker-sample-application-pr2-hospital/simulation_ws/install/aws_robomaker_hospital_world/share/aws_robomaker_hospital_world/models/aws_robomaker_hospital_curtain_open_01
-- Installing: /home/eamon/aws-robomaker-sample-application-pr2-hospital/simulation_ws/install/aws_robomaker_hospital_world/share/aws_robomaker_hospital_world/models/aws_robomaker_hospital_curtain_open_01/meshes
-- Installing: /home/eamon/aws-robomaker-sample-application-pr2-hospital/simulation_ws/install/aws_robomaker_hospital_world/share/aws_robomaker_hospital_world/models/aws_robomaker_hospital_curtain_open_01/meshes/aws_robomaker_hospital_curtainrail_01_visual_normal.png
-- Installing: /home/eamon/aws-robomaker-sample-application-pr2-hospital/simulation_ws/install/aws_robomaker_hospital_world/share/aws_robomaker_hospital_world/models/aws_robomaker_hospital_curtain_open_01/meshes/aws_robomaker_hospital_curtain_open_01_low_normal.png
-- Installing: /home/eamon/aws-robomaker-sample-application-pr2-hospital/simulation_ws/install/aws_robomaker_hospital_world/share/aws_robomaker_hospital_world/models/aws_robomaker_hospital_curtain_open_01/meshes/aws_robomaker_hospital_curtain_open_01_visual_normal.png
-- Installing: /home/eamon/aws-robomaker-sample-application-pr2-hospital/simulation_ws/install/aws_robomaker_hospital_world/share/aws_robomaker_hospital_world/models/aws_robomaker_hospital_curtain_open_01/meshes/aws_robomaker_hospital_curtain_open_01_visual.png
-- Installing: /home/eamon/aws-robomaker-sample-application-pr2-hospital/simulation_ws/install/aws_robomaker_hospital_world/share/aws_robomaker_hospital_world/models/aws_robomaker_hospital_curtain_open_01/meshes/aws_robomaker_hospital_curtainrail_01_visual.png
-- Installing: /home/eamon/aws-robomaker-sample-application-pr2-hospital/simulation_ws/install/aws_robomaker_hospital_world/share/aws_robomaker_hospital_world/models/aws_robomaker_hospital_curtain_open_01/meshes/aws_robomaker_hospital_curtain_open_01_collision.dae
-- Installing: /home/eamon/aws-robomaker-sample-application-pr2-hospital/simulation_ws/install/aws_robomaker_hospital_world/share/aws_robomaker_hospital_world/models/aws_robomaker_hospital_curtain_open_01/meshes/aws_robomaker_hospital_curtainrail_01_low.png
-- Installing: /home/eamon/aws-robomaker-sample-application-pr2-hospital/simulation_ws/install/aws_robomaker_hospital_world/share/aws_robomaker_hospital_world/models/aws_robomaker_hospital_curtain_open_01/meshes/aws_robomaker_hospital_curtain_open_01_visual.dae
-- Installing: /home/eamon/aws-robomaker-sample-application-pr2-hospital/simulation_ws/install/aws_robomaker_hospital_world/share/aws_robomaker_hospital_world/models/aws_robomaker_hospital_curtain_open_01/meshes/aws_robomaker_hospital_curtainrail_01_low_normal.png
-- Installing: /home/eamon/aws-robomaker-sample-application-pr2-hospital/simulation_ws/install/aws_robomaker_hospital_world/share/aws_robomaker_hospital_world/models/aws_robomaker_hospital_curtain_open_01/meshes/aws_robomaker_hospital_curtain_open_01_low.png
-- Installing: /home/eamon/aws-robomaker-sample-application-pr2-hospital/simulation_ws/install/aws_robomaker_hospital_world/share/aws_robomaker_hospital_world/models/aws_robomaker_hospital_curtain_open_01/model.sdf
-- Installing: /home/eamon/aws-robomaker-sample-application-pr2-hospital/simulation_ws/install/aws_robomaker_hospital_world/share/aws_robomaker_hospital_world/models/aws_robomaker_hospital_curtain_open_01/model.config
-- Installing: /home/eamon/aws-robomaker-sample-application-pr2-hospital/simulation_ws/install/aws_robomaker_hospital_world/share/aws_robomaker_hospital_world/models/aws_robomaker_hospital_floor_01_floor
-- Installing: /home/eamon/aws-robomaker-sample-application-pr2-hospital/simulation_ws/install/aws_robomaker_hospital_world/share/aws_robomaker_hospital_world/models/aws_robomaker_hospital_floor_01_floor/meshes
-- Installing: /home/eamon/aws-robomaker-sample-application-pr2-hospital/simulation_ws/install/aws_robomaker_hospital_world/share/aws_robomaker_hospital_world/models/aws_robomaker_hospital_floor_01_floor/meshes/aws_robomaker_hospital_floor_01_floor_normal.png
-- Installing: /home/eamon/aws-robomaker-sample-application-pr2-hospital/simulation_ws/install/aws_robomaker_hospital_world/share/aws_robomaker_hospital_world/models/aws_robomaker_hospital_floor_01_floor/meshes/aws_robomaker_hospital_floor_01_floor_visual.dae
-- Installing: /home/eamon/aws-robomaker-sample-application-pr2-hospital/simulation_ws/install/aws_robomaker_hospital_world/share/aws_robomaker_hospital_world/models/aws_robomaker_hospital_floor_01_floor/meshes/aws_robomaker_hospital_floor_01_floor.png
-- Installing: /home/eamon/aws-robomaker-sample-application-pr2-hospital/simulation_ws/install/aws_robomaker_hospital_world/share/aws_robomaker_hospital_world/models/aws_robomaker_hospital_floor_01_floor/meshes/aws_robomaker_hospital_floor_01_floor_collision.dae
-- Installing: /home/eamon/aws-robomaker-sample-application-pr2-hospital/simulation_ws/install/aws_robomaker_hospital_world/share/aws_robomaker_hospital_world/models/aws_robomaker_hospital_floor_01_floor/model.sdf
-- Installing: /home/eamon/aws-robomaker-sample-application-pr2-hospital/simulation_ws/install/aws_robomaker_hospital_world/share/aws_robomaker_hospital_world/models/aws_robomaker_hospital_floor_01_floor/model.config
-- Installing: /home/eamon/aws-robomaker-sample-application-pr2-hospital/simulation_ws/install/aws_robomaker_hospital_world/share/aws_robomaker_hospital_world/models/aws_robomaker_residential_KitchenCabinet_01
-- Installing: /home/eamon/aws-robomaker-sample-application-pr2-hospital/simulation_ws/install/aws_robomaker_hospital_world/share/aws_robomaker_hospital_world/models/aws_robomaker_residential_KitchenCabinet_01/meshes
-- Installing: /home/eamon/aws-robomaker-sample-application-pr2-hospital/simulation_ws/install/aws_robomaker_hospital_world/share/aws_robomaker_hospital_world/models/aws_robomaker_residential_KitchenCabinet_01/meshes/aws_KitchenCabinet_01_visual.DAE
-- Installing: /home/eamon/aws-robomaker-sample-application-pr2-hospital/simulation_ws/install/aws_robomaker_hospital_world/share/aws_robomaker_hospital_world/models/aws_robomaker_residential_KitchenCabinet_01/meshes/aws_KitchenCabinet_01_collision.DAE
-- Installing: /home/eamon/aws-robomaker-sample-application-pr2-hospital/simulation_ws/install/aws_robomaker_hospital_world/share/aws_robomaker_hospital_world/models/aws_robomaker_residential_KitchenCabinet_01/materials
-- Installing: /home/eamon/aws-robomaker-sample-application-pr2-hospital/simulation_ws/install/aws_robomaker_hospital_world/share/aws_robomaker_hospital_world/models/aws_robomaker_residential_KitchenCabinet_01/materials/textures
-- Installing: /home/eamon/aws-robomaker-sample-application-pr2-hospital/simulation_ws/install/aws_robomaker_hospital_world/share/aws_robomaker_hospital_world/models/aws_robomaker_residential_KitchenCabinet_01/materials/textures/aws_KitchenCabinet_01.png
-- Installing: /home/eamon/aws-robomaker-sample-application-pr2-hospital/simulation_ws/install/aws_robomaker_hospital_world/share/aws_robomaker_hospital_world/models/aws_robomaker_residential_KitchenCabinet_01/model.sdf
-- Installing: /home/eamon/aws-robomaker-sample-application-pr2-hospital/simulation_ws/install/aws_robomaker_hospital_world/share/aws_robomaker_hospital_world/models/aws_robomaker_residential_KitchenCabinet_01/model.config
-- Installing: /home/eamon/aws-robomaker-sample-application-pr2-hospital/simulation_ws/install/aws_robomaker_hospital_world/share/aws_robomaker_hospital_world/models/aws_robomaker_residential_Refrigerator_01
-- Installing: /home/eamon/aws-robomaker-sample-application-pr2-hospital/simulation_ws/install/aws_robomaker_hospital_world/share/aws_robomaker_hospital_world/models/aws_robomaker_residential_Refrigerator_01/meshes
-- Installing: /home/eamon/aws-robomaker-sample-application-pr2-hospital/simulation_ws/install/aws_robomaker_hospital_world/share/aws_robomaker_hospital_world/models/aws_robomaker_residential_Refrigerator_01/meshes/aws_Refrigerator_01_collision.DAE
-- Installing: /home/eamon/aws-robomaker-sample-application-pr2-hospital/simulation_ws/install/aws_robomaker_hospital_world/share/aws_robomaker_hospital_world/models/aws_robomaker_residential_Refrigerator_01/meshes/aws_Refrigerator_01.DAE
-- Installing: /home/eamon/aws-robomaker-sample-application-pr2-hospital/simulation_ws/install/aws_robomaker_hospital_world/share/aws_robomaker_hospital_world/models/aws_robomaker_residential_Refrigerator_01/meshes/aws_Refrigerator_01_visual.DAE
-- Installing: /home/eamon/aws-robomaker-sample-application-pr2-hospital/simulation_ws/install/aws_robomaker_hospital_world/share/aws_robomaker_hospital_world/models/aws_robomaker_residential_Refrigerator_01/materials
-- Installing: /home/eamon/aws-robomaker-sample-application-pr2-hospital/simulation_ws/install/aws_robomaker_hospital_world/share/aws_robomaker_hospital_world/models/aws_robomaker_residential_Refrigerator_01/materials/textures
-- Installing: /home/eamon/aws-robomaker-sample-application-pr2-hospital/simulation_ws/install/aws_robomaker_hospital_world/share/aws_robomaker_hospital_world/models/aws_robomaker_residential_Refrigerator_01/materials/textures/aws_Refrigerator_02.png
-- Installing: /home/eamon/aws-robomaker-sample-application-pr2-hospital/simulation_ws/install/aws_robomaker_hospital_world/share/aws_robomaker_hospital_world/models/aws_robomaker_residential_Refrigerator_01/materials/textures/aws_Refrigerator_01.png
-- Installing: /home/eamon/aws-robomaker-sample-application-pr2-hospital/simulation_ws/install/aws_robomaker_hospital_world/share/aws_robomaker_hospital_world/models/aws_robomaker_residential_Refrigerator_01/model.sdf
-- Installing: /home/eamon/aws-robomaker-sample-application-pr2-hospital/simulation_ws/install/aws_robomaker_hospital_world/share/aws_robomaker_hospital_world/models/aws_robomaker_residential_Refrigerator_01/model.config
-- Installing: /home/eamon/aws-robomaker-sample-application-pr2-hospital/simulation_ws/install/aws_robomaker_hospital_world/share/aws_robomaker_hospital_world/models/aws_robomaker_residential_PortraitA_01
-- Installing: /home/eamon/aws-robomaker-sample-application-pr2-hospital/simulation_ws/install/aws_robomaker_hospital_world/share/aws_robomaker_hospital_world/models/aws_robomaker_residential_PortraitA_01/meshes
-- Installing: /home/eamon/aws-robomaker-sample-application-pr2-hospital/simulation_ws/install/aws_robomaker_hospital_world/share/aws_robomaker_hospital_world/models/aws_robomaker_residential_PortraitA_01/meshes/aws_PortraitA_01_collision.DAE
-- Installing: /home/eamon/aws-robomaker-sample-application-pr2-hospital/simulation_ws/install/aws_robomaker_hospital_world/share/aws_robomaker_hospital_world/models/aws_robomaker_residential_PortraitA_01/meshes/aws_PortraitA_01_visual.DAE
-- Installing: /home/eamon/aws-robomaker-sample-application-pr2-hospital/simulation_ws/install/aws_robomaker_hospital_world/share/aws_robomaker_hospital_world/models/aws_robomaker_residential_PortraitA_01/materials
-- Installing: /home/eamon/aws-robomaker-sample-application-pr2-hospital/simulation_ws/install/aws_robomaker_hospital_world/share/aws_robomaker_hospital_world/models/aws_robomaker_residential_PortraitA_01/materials/textures
-- Installing: /home/eamon/aws-robomaker-sample-application-pr2-hospital/simulation_ws/install/aws_robomaker_hospital_world/share/aws_robomaker_hospital_world/models/aws_robomaker_residential_PortraitA_01/materials/textures/aws_PortraitA_01.png
-- Installing: /home/eamon/aws-robomaker-sample-application-pr2-hospital/simulation_ws/install/aws_robomaker_hospital_world/share/aws_robomaker_hospital_world/models/aws_robomaker_residential_PortraitA_01/materials/textures/aws_PortraitA_02.png
-- Installing: /home/eamon/aws-robomaker-sample-application-pr2-hospital/simulation_ws/install/aws_robomaker_hospital_world/share/aws_robomaker_hospital_world/models/aws_robomaker_residential_PortraitA_01/model.sdf
-- Installing: /home/eamon/aws-robomaker-sample-application-pr2-hospital/simulation_ws/install/aws_robomaker_hospital_world/share/aws_robomaker_hospital_world/models/aws_robomaker_residential_PortraitA_01/model.config
-- Installing: /home/eamon/aws-robomaker-sample-application-pr2-hospital/simulation_ws/install/aws_robomaker_hospital_world/share/aws_robomaker_hospital_world/models/aws_robomaker_hospital_floor_01_walls
-- Installing: /home/eamon/aws-robomaker-sample-application-pr2-hospital/simulation_ws/install/aws_robomaker_hospital_world/share/aws_robomaker_hospital_world/models/aws_robomaker_hospital_floor_01_walls/meshes
-- Installing: /home/eamon/aws-robomaker-sample-application-pr2-hospital/simulation_ws/install/aws_robomaker_hospital_world/share/aws_robomaker_hospital_world/models/aws_robomaker_hospital_floor_01_walls/meshes/aws_robomaker_hospital_floor_01_walls.png
-- Installing: /home/eamon/aws-robomaker-sample-application-pr2-hospital/simulation_ws/install/aws_robomaker_hospital_world/share/aws_robomaker_hospital_world/models/aws_robomaker_hospital_floor_01_walls/meshes/aws_robomaker_hospital_floor_01_stairs.png
-- Installing: /home/eamon/aws-robomaker-sample-application-pr2-hospital/simulation_ws/install/aws_robomaker_hospital_world/share/aws_robomaker_hospital_world/models/aws_robomaker_hospital_floor_01_walls/meshes/aws_robomaker_hospital_floor_01_walls_collision.dae
-- Installing: /home/eamon/aws-robomaker-sample-application-pr2-hospital/simulation_ws/install/aws_robomaker_hospital_world/share/aws_robomaker_hospital_world/models/aws_robomaker_hospital_floor_01_walls/meshes/aws_robomaker_hospital_floor_01_doorframes_small.png
-- Installing: /home/eamon/aws-robomaker-sample-application-pr2-hospital/simulation_ws/install/aws_robomaker_hospital_world/share/aws_robomaker_hospital_world/models/aws_robomaker_hospital_floor_01_walls/meshes/aws_robomaker_hospital_floor_01_doorsign.png
-- Installing: /home/eamon/aws-robomaker-sample-application-pr2-hospital/simulation_ws/install/aws_robomaker_hospital_world/share/aws_robomaker_hospital_world/models/aws_robomaker_hospital_floor_01_walls/meshes/aws_robomaker_hospital_floor_01_windows.png
-- Installing: /home/eamon/aws-robomaker-sample-application-pr2-hospital/simulation_ws/install/aws_robomaker_hospital_world/share/aws_robomaker_hospital_world/models/aws_robomaker_hospital_floor_01_walls/meshes/aws_robomaker_hospital_floor_01_doorframes_big.png
-- Installing: /home/eamon/aws-robomaker-sample-application-pr2-hospital/simulation_ws/install/aws_robomaker_hospital_world/share/aws_robomaker_hospital_world/models/aws_robomaker_hospital_floor_01_walls/meshes/aws_robomaker_hospital_floor_01_bumprail.png
-- Installing: /home/eamon/aws-robomaker-sample-application-pr2-hospital/simulation_ws/install/aws_robomaker_hospital_world/share/aws_robomaker_hospital_world/models/aws_robomaker_hospital_floor_01_walls/meshes/aws_robomaker_hospital_floor_01_walls_visual.dae
-- Installing: /home/eamon/aws-robomaker-sample-application-pr2-hospital/simulation_ws/install/aws_robomaker_hospital_world/share/aws_robomaker_hospital_world/models/aws_robomaker_hospital_floor_01_walls/meshes/aws_robomaker_hospital_floor_01_handrail.png
-- Installing: /home/eamon/aws-robomaker-sample-application-pr2-hospital/simulation_ws/install/aws_robomaker_hospital_world/share/aws_robomaker_hospital_world/models/aws_robomaker_hospital_floor_01_walls/model.sdf
-- Installing: /home/eamon/aws-robomaker-sample-application-pr2-hospital/simulation_ws/install/aws_robomaker_hospital_world/share/aws_robomaker_hospital_world/models/aws_robomaker_hospital_floor_01_walls/model.config
-- Installing: /home/eamon/aws-robomaker-sample-application-pr2-hospital/simulation_ws/install/aws_robomaker_hospital_world/share/aws_robomaker_hospital_world/models/aws_robomaker_hospital_ramp_01
-- Installing: /home/eamon/aws-robomaker-sample-application-pr2-hospital/simulation_ws/install/aws_robomaker_hospital_world/share/aws_robomaker_hospital_world/models/aws_robomaker_hospital_ramp_01/meshes
-- Installing: /home/eamon/aws-robomaker-sample-application-pr2-hospital/simulation_ws/install/aws_robomaker_hospital_world/share/aws_robomaker_hospital_world/models/aws_robomaker_hospital_ramp_01/meshes/aws_robomaker_hospital_ramp_01_visual.dae
-- Installing: /home/eamon/aws-robomaker-sample-application-pr2-hospital/simulation_ws/install/aws_robomaker_hospital_world/share/aws_robomaker_hospital_world/models/aws_robomaker_hospital_ramp_01/meshes/aws_robomaker_hospital_ramp_01.png
-- Installing: /home/eamon/aws-robomaker-sample-application-pr2-hospital/simulation_ws/install/aws_robomaker_hospital_world/share/aws_robomaker_hospital_world/models/aws_robomaker_hospital_ramp_01/meshes/aws_robomaker_hospital_ramp_01_collision.dae
-- Installing: /home/eamon/aws-robomaker-sample-application-pr2-hospital/simulation_ws/install/aws_robomaker_hospital_world/share/aws_robomaker_hospital_world/models/aws_robomaker_hospital_ramp_01/meshes/aws_robomaker_hospital_ramp_01_normal.png
-- Installing: /home/eamon/aws-robomaker-sample-application-pr2-hospital/simulation_ws/install/aws_robomaker_hospital_world/share/aws_robomaker_hospital_world/models/aws_robomaker_hospital_ramp_01/model.sdf
-- Installing: /home/eamon/aws-robomaker-sample-application-pr2-hospital/simulation_ws/install/aws_robomaker_hospital_world/share/aws_robomaker_hospital_world/models/aws_robomaker_hospital_ramp_01/model.config
-- Installing: /home/eamon/aws-robomaker-sample-application-pr2-hospital/simulation_ws/install/aws_robomaker_hospital_world/share/aws_robomaker_hospital_world/models/aws_robomaker_hospital_floor_02_ceiling
-- Installing: /home/eamon/aws-robomaker-sample-application-pr2-hospital/simulation_ws/install/aws_robomaker_hospital_world/share/aws_robomaker_hospital_world/models/aws_robomaker_hospital_floor_02_ceiling/meshes
-- Installing: /home/eamon/aws-robomaker-sample-application-pr2-hospital/simulation_ws/install/aws_robomaker_hospital_world/share/aws_robomaker_hospital_world/models/aws_robomaker_hospital_floor_02_ceiling/meshes/aws_robomaker_hospital_floor_02_ceiling_normal.png
-- Installing: /home/eamon/aws-robomaker-sample-application-pr2-hospital/simulation_ws/install/aws_robomaker_hospital_world/share/aws_robomaker_hospital_world/models/aws_robomaker_hospital_floor_02_ceiling/meshes/aws_robomaker_hospital_floor_02_ceiling.png
-- Installing: /home/eamon/aws-robomaker-sample-application-pr2-hospital/simulation_ws/install/aws_robomaker_hospital_world/share/aws_robomaker_hospital_world/models/aws_robomaker_hospital_floor_02_ceiling/meshes/aws_robomaker_hospital_floor_02_ceiling_collision.dae
-- Installing: /home/eamon/aws-robomaker-sample-application-pr2-hospital/simulation_ws/install/aws_robomaker_hospital_world/share/aws_robomaker_hospital_world/models/aws_robomaker_hospital_floor_02_ceiling/meshes/aws_robomaker_hospital_floor_02_ceiling_visual.dae
-- Installing: /home/eamon/aws-robomaker-sample-application-pr2-hospital/simulation_ws/install/aws_robomaker_hospital_world/share/aws_robomaker_hospital_world/models/aws_robomaker_hospital_floor_02_ceiling/materials
-- Installing: /home/eamon/aws-robomaker-sample-application-pr2-hospital/simulation_ws/install/aws_robomaker_hospital_world/share/aws_robomaker_hospital_world/models/aws_robomaker_hospital_floor_02_ceiling/materials/model.sdf
-- Installing: /home/eamon/aws-robomaker-sample-application-pr2-hospital/simulation_ws/install/aws_robomaker_hospital_world/share/aws_robomaker_hospital_world/models/aws_robomaker_hospital_floor_02_ceiling/model.sdf
-- Installing: /home/eamon/aws-robomaker-sample-application-pr2-hospital/simulation_ws/install/aws_robomaker_hospital_world/share/aws_robomaker_hospital_world/models/aws_robomaker_hospital_floor_02_ceiling/model.config
-- Installing: /home/eamon/aws-robomaker-sample-application-pr2-hospital/simulation_ws/install/aws_robomaker_hospital_world/share/aws_robomaker_hospital_world/models/aws_robomaker_hospital_curtain_half_open_01
-- Installing: /home/eamon/aws-robomaker-sample-application-pr2-hospital/simulation_ws/install/aws_robomaker_hospital_world/share/aws_robomaker_hospital_world/models/aws_robomaker_hospital_curtain_half_open_01/meshes
-- Installing: /home/eamon/aws-robomaker-sample-application-pr2-hospital/simulation_ws/install/aws_robomaker_hospital_world/share/aws_robomaker_hospital_world/models/aws_robomaker_hospital_curtain_half_open_01/meshes/aws_robomaker_hospital_curtainrail_01_visual_normal.png
-- Installing: /home/eamon/aws-robomaker-sample-application-pr2-hospital/simulation_ws/install/aws_robomaker_hospital_world/share/aws_robomaker_hospital_world/models/aws_robomaker_hospital_curtain_half_open_01/meshes/aws_robomaker_hospital_curtain_half_open_01_low.png
-- Installing: /home/eamon/aws-robomaker-sample-application-pr2-hospital/simulation_ws/install/aws_robomaker_hospital_world/share/aws_robomaker_hospital_world/models/aws_robomaker_hospital_curtain_half_open_01/meshes/aws_robomaker_hospital_curtain_half_open_01_visual.png
-- Installing: /home/eamon/aws-robomaker-sample-application-pr2-hospital/simulation_ws/install/aws_robomaker_hospital_world/share/aws_robomaker_hospital_world/models/aws_robomaker_hospital_curtain_half_open_01/meshes/aws_robomaker_hospital_curtain_half_open_01_collision.dae
-- Installing: /home/eamon/aws-robomaker-sample-application-pr2-hospital/simulation_ws/install/aws_robomaker_hospital_world/share/aws_robomaker_hospital_world/models/aws_robomaker_hospital_curtain_half_open_01/meshes/aws_robomaker_hospital_curtainrail_01_visual.png
-- Installing: /home/eamon/aws-robomaker-sample-application-pr2-hospital/simulation_ws/install/aws_robomaker_hospital_world/share/aws_robomaker_hospital_world/models/aws_robomaker_hospital_curtain_half_open_01/meshes/aws_robomaker_hospital_curtain_half_open_01_visual_normal.png
-- Installing: /home/eamon/aws-robomaker-sample-application-pr2-hospital/simulation_ws/install/aws_robomaker_hospital_world/share/aws_robomaker_hospital_world/models/aws_robomaker_hospital_curtain_half_open_01/meshes/aws_robomaker_hospital_curtainrail_01_low.png
-- Installing: /home/eamon/aws-robomaker-sample-application-pr2-hospital/simulation_ws/install/aws_robomaker_hospital_world/share/aws_robomaker_hospital_world/models/aws_robomaker_hospital_curtain_half_open_01/meshes/aws_robomaker_hospital_curtain_half_open_01_visual.dae
-- Installing: /home/eamon/aws-robomaker-sample-application-pr2-hospital/simulation_ws/install/aws_robomaker_hospital_world/share/aws_robomaker_hospital_world/models/aws_robomaker_hospital_curtain_half_open_01/meshes/aws_robomaker_hospital_curtain_half_open_01_low_normal.png
-- Installing: /home/eamon/aws-robomaker-sample-application-pr2-hospital/simulation_ws/install/aws_robomaker_hospital_world/share/aws_robomaker_hospital_world/models/aws_robomaker_hospital_curtain_half_open_01/meshes/aws_robomaker_hospital_curtainrail_01_low_normal.png
-- Installing: /home/eamon/aws-robomaker-sample-application-pr2-hospital/simulation_ws/install/aws_robomaker_hospital_world/share/aws_robomaker_hospital_world/models/aws_robomaker_hospital_curtain_half_open_01/model.sdf
-- Installing: /home/eamon/aws-robomaker-sample-application-pr2-hospital/simulation_ws/install/aws_robomaker_hospital_world/share/aws_robomaker_hospital_world/models/aws_robomaker_hospital_curtain_half_open_01/model.config
-- Installing: /home/eamon/aws-robomaker-sample-application-pr2-hospital/simulation_ws/install/aws_robomaker_hospital_world/share/aws_robomaker_hospital_world/models/aws_robomaker_hospital_floor_02_floor
-- Installing: /home/eamon/aws-robomaker-sample-application-pr2-hospital/simulation_ws/install/aws_robomaker_hospital_world/share/aws_robomaker_hospital_world/models/aws_robomaker_hospital_floor_02_floor/meshes
-- Installing: /home/eamon/aws-robomaker-sample-application-pr2-hospital/simulation_ws/install/aws_robomaker_hospital_world/share/aws_robomaker_hospital_world/models/aws_robomaker_hospital_floor_02_floor/meshes/aws_robomaker_hospital_floor_02_floor_normal.png
-- Installing: /home/eamon/aws-robomaker-sample-application-pr2-hospital/simulation_ws/install/aws_robomaker_hospital_world/share/aws_robomaker_hospital_world/models/aws_robomaker_hospital_floor_02_floor/meshes/aws_robomaker_hospital_floor_02_floor.png
-- Installing: /home/eamon/aws-robomaker-sample-application-pr2-hospital/simulation_ws/install/aws_robomaker_hospital_world/share/aws_robomaker_hospital_world/models/aws_robomaker_hospital_floor_02_floor/meshes/aws_robomaker_hospital_floor_02_floor_collision.dae
-- Installing: /home/eamon/aws-robomaker-sample-application-pr2-hospital/simulation_ws/install/aws_robomaker_hospital_world/share/aws_robomaker_hospital_world/models/aws_robomaker_hospital_floor_02_floor/meshes/aws_robomaker_hospital_floor_02_floor_visual.dae
-- Installing: /home/eamon/aws-robomaker-sample-application-pr2-hospital/simulation_ws/install/aws_robomaker_hospital_world/share/aws_robomaker_hospital_world/models/aws_robomaker_hospital_floor_02_floor/model.sdf
-- Installing: /home/eamon/aws-robomaker-sample-application-pr2-hospital/simulation_ws/install/aws_robomaker_hospital_world/share/aws_robomaker_hospital_world/models/aws_robomaker_hospital_floor_02_floor/model.config
-- Installing: /home/eamon/aws-robomaker-sample-application-pr2-hospital/simulation_ws/install/aws_robomaker_hospital_world/share/aws_robomaker_hospital_world/models/aws_robomaker_residential_PortraitB_02
-- Installing: /home/eamon/aws-robomaker-sample-application-pr2-hospital/simulation_ws/install/aws_robomaker_hospital_world/share/aws_robomaker_hospital_world/models/aws_robomaker_residential_PortraitB_02/meshes
-- Installing: /home/eamon/aws-robomaker-sample-application-pr2-hospital/simulation_ws/install/aws_robomaker_hospital_world/share/aws_robomaker_hospital_world/models/aws_robomaker_residential_PortraitB_02/meshes/aws_PortraitB_01_visual.DAE
-- Installing: /home/eamon/aws-robomaker-sample-application-pr2-hospital/simulation_ws/install/aws_robomaker_hospital_world/share/aws_robomaker_hospital_world/models/aws_robomaker_residential_PortraitB_02/meshes/aws_PortraitB_01_collision.DAE
-- Installing: /home/eamon/aws-robomaker-sample-application-pr2-hospital/simulation_ws/install/aws_robomaker_hospital_world/share/aws_robomaker_hospital_world/models/aws_robomaker_residential_PortraitB_02/materials
-- Installing: /home/eamon/aws-robomaker-sample-application-pr2-hospital/simulation_ws/install/aws_robomaker_hospital_world/share/aws_robomaker_hospital_world/models/aws_robomaker_residential_PortraitB_02/materials/textures
-- Installing: /home/eamon/aws-robomaker-sample-application-pr2-hospital/simulation_ws/install/aws_robomaker_hospital_world/share/aws_robomaker_hospital_world/models/aws_robomaker_residential_PortraitB_02/materials/textures/aws_PortraitB_02.png
-- Installing: /home/eamon/aws-robomaker-sample-application-pr2-hospital/simulation_ws/install/aws_robomaker_hospital_world/share/aws_robomaker_hospital_world/models/aws_robomaker_residential_PortraitB_02/materials/textures/aws_PortraitB_01.png
-- Installing: /home/eamon/aws-robomaker-sample-application-pr2-hospital/simulation_ws/install/aws_robomaker_hospital_world/share/aws_robomaker_hospital_world/models/aws_robomaker_residential_PortraitB_02/model.sdf
-- Installing: /home/eamon/aws-robomaker-sample-application-pr2-hospital/simulation_ws/install/aws_robomaker_hospital_world/share/aws_robomaker_hospital_world/models/aws_robomaker_residential_PortraitB_02/model.config
-- Installing: /home/eamon/aws-robomaker-sample-application-pr2-hospital/simulation_ws/install/aws_robomaker_hospital_world/share/aws_robomaker_hospital_world/models/aws_robomaker_residential_PortraitE_01
-- Installing: /home/eamon/aws-robomaker-sample-application-pr2-hospital/simulation_ws/install/aws_robomaker_hospital_world/share/aws_robomaker_hospital_world/models/aws_robomaker_residential_PortraitE_01/meshes
-- Installing: /home/eamon/aws-robomaker-sample-application-pr2-hospital/simulation_ws/install/aws_robomaker_hospital_world/share/aws_robomaker_hospital_world/models/aws_robomaker_residential_PortraitE_01/meshes/aws_PortraitE_01_visual.DAE
-- Installing: /home/eamon/aws-robomaker-sample-application-pr2-hospital/simulation_ws/install/aws_robomaker_hospital_world/share/aws_robomaker_hospital_world/models/aws_robomaker_residential_PortraitE_01/meshes/aws_PortraitE_01_collision.DAE
-- Installing: /home/eamon/aws-robomaker-sample-application-pr2-hospital/simulation_ws/install/aws_robomaker_hospital_world/share/aws_robomaker_hospital_world/models/aws_robomaker_residential_PortraitE_01/materials
-- Installing: /home/eamon/aws-robomaker-sample-application-pr2-hospital/simulation_ws/install/aws_robomaker_hospital_world/share/aws_robomaker_hospital_world/models/aws_robomaker_residential_PortraitE_01/materials/textures
-- Installing: /home/eamon/aws-robomaker-sample-application-pr2-hospital/simulation_ws/install/aws_robomaker_hospital_world/share/aws_robomaker_hospital_world/models/aws_robomaker_residential_PortraitE_01/materials/textures/aws_PortraitE_01.png
-- Installing: /home/eamon/aws-robomaker-sample-application-pr2-hospital/simulation_ws/install/aws_robomaker_hospital_world/share/aws_robomaker_hospital_world/models/aws_robomaker_residential_PortraitE_01/materials/textures/aws_PortraitE_02.png
-- Installing: /home/eamon/aws-robomaker-sample-application-pr2-hospital/simulation_ws/install/aws_robomaker_hospital_world/share/aws_robomaker_hospital_world/models/aws_robomaker_residential_PortraitE_01/model.sdf
-- Installing: /home/eamon/aws-robomaker-sample-application-pr2-hospital/simulation_ws/install/aws_robomaker_hospital_world/share/aws_robomaker_hospital_world/models/aws_robomaker_residential_PortraitE_01/model.config
-- Installing: /home/eamon/aws-robomaker-sample-application-pr2-hospital/simulation_ws/install/aws_robomaker_hospital_world/share/aws_robomaker_hospital_world/models/aws_robomaker_residential_PortraitD_01
-- Installing: /home/eamon/aws-robomaker-sample-application-pr2-hospital/simulation_ws/install/aws_robomaker_hospital_world/share/aws_robomaker_hospital_world/models/aws_robomaker_residential_PortraitD_01/meshes
-- Installing: /home/eamon/aws-robomaker-sample-application-pr2-hospital/simulation_ws/install/aws_robomaker_hospital_world/share/aws_robomaker_hospital_world/models/aws_robomaker_residential_PortraitD_01/meshes/aws_PortraitD_01_visual.DAE
-- Installing: /home/eamon/aws-robomaker-sample-application-pr2-hospital/simulation_ws/install/aws_robomaker_hospital_world/share/aws_robomaker_hospital_world/models/aws_robomaker_residential_PortraitD_01/meshes/aws_PortraitD_01_collision.DAE
-- Installing: /home/eamon/aws-robomaker-sample-application-pr2-hospital/simulation_ws/install/aws_robomaker_hospital_world/share/aws_robomaker_hospital_world/models/aws_robomaker_residential_PortraitD_01/materials
-- Installing: /home/eamon/aws-robomaker-sample-application-pr2-hospital/simulation_ws/install/aws_robomaker_hospital_world/share/aws_robomaker_hospital_world/models/aws_robomaker_residential_PortraitD_01/materials/textures
-- Installing: /home/eamon/aws-robomaker-sample-application-pr2-hospital/simulation_ws/install/aws_robomaker_hospital_world/share/aws_robomaker_hospital_world/models/aws_robomaker_residential_PortraitD_01/materials/textures/aws_PortraitD_01.png
-- Installing: /home/eamon/aws-robomaker-sample-application-pr2-hospital/simulation_ws/install/aws_robomaker_hospital_world/share/aws_robomaker_hospital_world/models/aws_robomaker_residential_PortraitD_01/materials/textures/aws_PortraitD_02.png
-- Installing: /home/eamon/aws-robomaker-sample-application-pr2-hospital/simulation_ws/install/aws_robomaker_hospital_world/share/aws_robomaker_hospital_world/models/aws_robomaker_residential_PortraitD_01/model.sdf
-- Installing: /home/eamon/aws-robomaker-sample-application-pr2-hospital/simulation_ws/install/aws_robomaker_hospital_world/share/aws_robomaker_hospital_world/models/aws_robomaker_residential_PortraitD_01/model.config
-- Installing: /home/eamon/aws-robomaker-sample-application-pr2-hospital/simulation_ws/install/aws_robomaker_hospital_world/share/aws_robomaker_hospital_world/models/aws_robomaker_residential_PortraitB_03
-- Installing: /home/eamon/aws-robomaker-sample-application-pr2-hospital/simulation_ws/install/aws_robomaker_hospital_world/share/aws_robomaker_hospital_world/models/aws_robomaker_residential_PortraitB_03/meshes
-- Installing: /home/eamon/aws-robomaker-sample-application-pr2-hospital/simulation_ws/install/aws_robomaker_hospital_world/share/aws_robomaker_hospital_world/models/aws_robomaker_residential_PortraitB_03/meshes/aws_PortraitB_01_visual.DAE
-- Installing: /home/eamon/aws-robomaker-sample-application-pr2-hospital/simulation_ws/install/aws_robomaker_hospital_world/share/aws_robomaker_hospital_world/models/aws_robomaker_residential_PortraitB_03/meshes/aws_PortraitB_01_collision.DAE
-- Installing: /home/eamon/aws-robomaker-sample-application-pr2-hospital/simulation_ws/install/aws_robomaker_hospital_world/share/aws_robomaker_hospital_world/models/aws_robomaker_residential_PortraitB_03/materials
-- Installing: /home/eamon/aws-robomaker-sample-application-pr2-hospital/simulation_ws/install/aws_robomaker_hospital_world/share/aws_robomaker_hospital_world/models/aws_robomaker_residential_PortraitB_03/materials/textures
-- Installing: /home/eamon/aws-robomaker-sample-application-pr2-hospital/simulation_ws/install/aws_robomaker_hospital_world/share/aws_robomaker_hospital_world/models/aws_robomaker_residential_PortraitB_03/materials/textures/aws_PortraitB_02.png
-- Installing: /home/eamon/aws-robomaker-sample-application-pr2-hospital/simulation_ws/install/aws_robomaker_hospital_world/share/aws_robomaker_hospital_world/models/aws_robomaker_residential_PortraitB_03/materials/textures/aws_PortraitB_01.png
-- Installing: /home/eamon/aws-robomaker-sample-application-pr2-hospital/simulation_ws/install/aws_robomaker_hospital_world/share/aws_robomaker_hospital_world/models/aws_robomaker_residential_PortraitB_03/model.sdf
-- Installing: /home/eamon/aws-robomaker-sample-application-pr2-hospital/simulation_ws/install/aws_robomaker_hospital_world/share/aws_robomaker_hospital_world/models/aws_robomaker_residential_PortraitB_03/model.config
-- Installing: /home/eamon/aws-robomaker-sample-application-pr2-hospital/simulation_ws/install/aws_robomaker_hospital_world/share/aws_robomaker_hospital_world/models/aws_robomaker_retail_Computer_01
-- Installing: /home/eamon/aws-robomaker-sample-application-pr2-hospital/simulation_ws/install/aws_robomaker_hospital_world/share/aws_robomaker_hospital_world/models/aws_robomaker_retail_Computer_01/meshes
-- Installing: /home/eamon/aws-robomaker-sample-application-pr2-hospital/simulation_ws/install/aws_robomaker_hospital_world/share/aws_robomaker_hospital_world/models/aws_robomaker_retail_Computer_01/meshes/aws_Computer_01_visual.DAE
-- Installing: /home/eamon/aws-robomaker-sample-application-pr2-hospital/simulation_ws/install/aws_robomaker_hospital_world/share/aws_robomaker_hospital_world/models/aws_robomaker_retail_Computer_01/meshes/aws_Computer_01_collision.DAE
-- Installing: /home/eamon/aws-robomaker-sample-application-pr2-hospital/simulation_ws/install/aws_robomaker_hospital_world/share/aws_robomaker_hospital_world/models/aws_robomaker_retail_Computer_01/materials
-- Installing: /home/eamon/aws-robomaker-sample-application-pr2-hospital/simulation_ws/install/aws_robomaker_hospital_world/share/aws_robomaker_hospital_world/models/aws_robomaker_retail_Computer_01/materials/textures
-- Installing: /home/eamon/aws-robomaker-sample-application-pr2-hospital/simulation_ws/install/aws_robomaker_hospital_world/share/aws_robomaker_hospital_world/models/aws_robomaker_retail_Computer_01/materials/textures/aws_Computer_01.png
-- Installing: /home/eamon/aws-robomaker-sample-application-pr2-hospital/simulation_ws/install/aws_robomaker_hospital_world/share/aws_robomaker_hospital_world/models/aws_robomaker_retail_Computer_01/model.sdf
-- Installing: /home/eamon/aws-robomaker-sample-application-pr2-hospital/simulation_ws/install/aws_robomaker_hospital_world/share/aws_robomaker_hospital_world/models/aws_robomaker_retail_Computer_01/model.config
-- Installing: /home/eamon/aws-robomaker-sample-application-pr2-hospital/simulation_ws/install/aws_robomaker_hospital_world/share/aws_robomaker_hospital_world/models/aws_robomaker_residential_PortraitD_02
-- Installing: /home/eamon/aws-robomaker-sample-application-pr2-hospital/simulation_ws/install/aws_robomaker_hospital_world/share/aws_robomaker_hospital_world/models/aws_robomaker_residential_PortraitD_02/meshes
-- Installing: /home/eamon/aws-robomaker-sample-application-pr2-hospital/simulation_ws/install/aws_robomaker_hospital_world/share/aws_robomaker_hospital_world/models/aws_robomaker_residential_PortraitD_02/meshes/aws_PortraitD_01_visual.DAE
-- Installing: /home/eamon/aws-robomaker-sample-application-pr2-hospital/simulation_ws/install/aws_robomaker_hospital_world/share/aws_robomaker_hospital_world/models/aws_robomaker_residential_PortraitD_02/meshes/aws_PortraitD_01_collision.DAE
-- Installing: /home/eamon/aws-robomaker-sample-application-pr2-hospital/simulation_ws/install/aws_robomaker_hospital_world/share/aws_robomaker_hospital_world/models/aws_robomaker_residential_PortraitD_02/materials
-- Installing: /home/eamon/aws-robomaker-sample-application-pr2-hospital/simulation_ws/install/aws_robomaker_hospital_world/share/aws_robomaker_hospital_world/models/aws_robomaker_residential_PortraitD_02/materials/textures
-- Installing: /home/eamon/aws-robomaker-sample-application-pr2-hospital/simulation_ws/install/aws_robomaker_hospital_world/share/aws_robomaker_hospital_world/models/aws_robomaker_residential_PortraitD_02/materials/textures/aws_PortraitD_01.png
-- Installing: /home/eamon/aws-robomaker-sample-application-pr2-hospital/simulation_ws/install/aws_robomaker_hospital_world/share/aws_robomaker_hospital_world/models/aws_robomaker_residential_PortraitD_02/materials/textures/aws_PortraitD_02.png
-- Installing: /home/eamon/aws-robomaker-sample-application-pr2-hospital/simulation_ws/install/aws_robomaker_hospital_world/share/aws_robomaker_hospital_world/models/aws_robomaker_residential_PortraitD_02/model.sdf
-- Installing: /home/eamon/aws-robomaker-sample-application-pr2-hospital/simulation_ws/install/aws_robomaker_hospital_world/share/aws_robomaker_hospital_world/models/aws_robomaker_residential_PortraitD_02/model.config
-- Installing: /home/eamon/aws-robomaker-sample-application-pr2-hospital/simulation_ws/install/aws_robomaker_hospital_world/share/aws_robomaker_hospital_world/models/aws_robomaker_residential_Trash_01
-- Installing: /home/eamon/aws-robomaker-sample-application-pr2-hospital/simulation_ws/install/aws_robomaker_hospital_world/share/aws_robomaker_hospital_world/models/aws_robomaker_residential_Trash_01/meshes
-- Installing: /home/eamon/aws-robomaker-sample-application-pr2-hospital/simulation_ws/install/aws_robomaker_hospital_world/share/aws_robomaker_hospital_world/models/aws_robomaker_residential_Trash_01/meshes/aws_Trash_01_visual.DAE
-- Installing: /home/eamon/aws-robomaker-sample-application-pr2-hospital/simulation_ws/install/aws_robomaker_hospital_world/share/aws_robomaker_hospital_world/models/aws_robomaker_residential_Trash_01/meshes/aws_Trash_01_collision.DAE
-- Installing: /home/eamon/aws-robomaker-sample-application-pr2-hospital/simulation_ws/install/aws_robomaker_hospital_world/share/aws_robomaker_hospital_world/models/aws_robomaker_residential_Trash_01/materials
-- Installing: /home/eamon/aws-robomaker-sample-application-pr2-hospital/simulation_ws/install/aws_robomaker_hospital_world/share/aws_robomaker_hospital_world/models/aws_robomaker_residential_Trash_01/materials/textures
-- Installing: /home/eamon/aws-robomaker-sample-application-pr2-hospital/simulation_ws/install/aws_robomaker_hospital_world/share/aws_robomaker_hospital_world/models/aws_robomaker_residential_Trash_01/materials/textures/aws_Trash_01.png
-- Installing: /home/eamon/aws-robomaker-sample-application-pr2-hospital/simulation_ws/install/aws_robomaker_hospital_world/share/aws_robomaker_hospital_world/models/aws_robomaker_residential_Trash_01/model.sdf
-- Installing: /home/eamon/aws-robomaker-sample-application-pr2-hospital/simulation_ws/install/aws_robomaker_hospital_world/share/aws_robomaker_hospital_world/models/aws_robomaker_residential_Trash_01/model.config
-- Installing: /home/eamon/aws-robomaker-sample-application-pr2-hospital/simulation_ws/install/aws_robomaker_hospital_world/share/aws_robomaker_hospital_world/models/aws_robomaker_residential_PortraitB_01
-- Installing: /home/eamon/aws-robomaker-sample-application-pr2-hospital/simulation_ws/install/aws_robomaker_hospital_world/share/aws_robomaker_hospital_world/models/aws_robomaker_residential_PortraitB_01/meshes
-- Installing: /home/eamon/aws-robomaker-sample-application-pr2-hospital/simulation_ws/install/aws_robomaker_hospital_world/share/aws_robomaker_hospital_world/models/aws_robomaker_residential_PortraitB_01/meshes/aws_PortraitB_01_visual.DAE
-- Installing: /home/eamon/aws-robomaker-sample-application-pr2-hospital/simulation_ws/install/aws_robomaker_hospital_world/share/aws_robomaker_hospital_world/models/aws_robomaker_residential_PortraitB_01/meshes/aws_PortraitB_01_collision.DAE
-- Installing: /home/eamon/aws-robomaker-sample-application-pr2-hospital/simulation_ws/install/aws_robomaker_hospital_world/share/aws_robomaker_hospital_world/models/aws_robomaker_residential_PortraitB_01/materials
-- Installing: /home/eamon/aws-robomaker-sample-application-pr2-hospital/simulation_ws/install/aws_robomaker_hospital_world/share/aws_robomaker_hospital_world/models/aws_robomaker_residential_PortraitB_01/materials/textures
-- Installing: /home/eamon/aws-robomaker-sample-application-pr2-hospital/simulation_ws/install/aws_robomaker_hospital_world/share/aws_robomaker_hospital_world/models/aws_robomaker_residential_PortraitB_01/materials/textures/aws_PortraitB_02.png
-- Installing: /home/eamon/aws-robomaker-sample-application-pr2-hospital/simulation_ws/install/aws_robomaker_hospital_world/share/aws_robomaker_hospital_world/models/aws_robomaker_residential_PortraitB_01/materials/textures/aws_PortraitB_01.png
-- Installing: /home/eamon/aws-robomaker-sample-application-pr2-hospital/simulation_ws/install/aws_robomaker_hospital_world/share/aws_robomaker_hospital_world/models/aws_robomaker_residential_PortraitB_01/model.sdf
-- Installing: /home/eamon/aws-robomaker-sample-application-pr2-hospital/simulation_ws/install/aws_robomaker_hospital_world/share/aws_robomaker_hospital_world/models/aws_robomaker_residential_PortraitB_01/model.config
-- Installing: /home/eamon/aws-robomaker-sample-application-pr2-hospital/simulation_ws/install/aws_robomaker_hospital_world/share/aws_robomaker_hospital_world/models/aws_robomaker_residential_SofaB_01
-- Installing: /home/eamon/aws-robomaker-sample-application-pr2-hospital/simulation_ws/install/aws_robomaker_hospital_world/share/aws_robomaker_hospital_world/models/aws_robomaker_residential_SofaB_01/meshes
-- Installing: /home/eamon/aws-robomaker-sample-application-pr2-hospital/simulation_ws/install/aws_robomaker_hospital_world/share/aws_robomaker_hospital_world/models/aws_robomaker_residential_SofaB_01/meshes/aws_SofaB_01_visual.DAE
-- Installing: /home/eamon/aws-robomaker-sample-application-pr2-hospital/simulation_ws/install/aws_robomaker_hospital_world/share/aws_robomaker_hospital_world/models/aws_robomaker_residential_SofaB_01/meshes/aws_SofaB_01_collision.DAE
-- Installing: /home/eamon/aws-robomaker-sample-application-pr2-hospital/simulation_ws/install/aws_robomaker_hospital_world/share/aws_robomaker_hospital_world/models/aws_robomaker_residential_SofaB_01/materials
-- Installing: /home/eamon/aws-robomaker-sample-application-pr2-hospital/simulation_ws/install/aws_robomaker_hospital_world/share/aws_robomaker_hospital_world/models/aws_robomaker_residential_SofaB_01/materials/textures
-- Installing: /home/eamon/aws-robomaker-sample-application-pr2-hospital/simulation_ws/install/aws_robomaker_hospital_world/share/aws_robomaker_hospital_world/models/aws_robomaker_residential_SofaB_01/materials/textures/aws_SofaB_01.png
-- Installing: /home/eamon/aws-robomaker-sample-application-pr2-hospital/simulation_ws/install/aws_robomaker_hospital_world/share/aws_robomaker_hospital_world/models/aws_robomaker_residential_SofaB_01/model.sdf
-- Installing: /home/eamon/aws-robomaker-sample-application-pr2-hospital/simulation_ws/install/aws_robomaker_hospital_world/share/aws_robomaker_hospital_world/models/aws_robomaker_residential_SofaB_01/model.config
-- Installing: /home/eamon/aws-robomaker-sample-application-pr2-hospital/simulation_ws/install/aws_robomaker_hospital_world/share/aws_robomaker_hospital_world/models/aws_robomaker_hospital_elevator_01_car
-- Installing: /home/eamon/aws-robomaker-sample-application-pr2-hospital/simulation_ws/install/aws_robomaker_hospital_world/share/aws_robomaker_hospital_world/models/aws_robomaker_hospital_elevator_01_car/meshes
-- Installing: /home/eamon/aws-robomaker-sample-application-pr2-hospital/simulation_ws/install/aws_robomaker_hospital_world/share/aws_robomaker_hospital_world/models/aws_robomaker_hospital_elevator_01_car/meshes/aws_robomaker_hospital_elevator_01_car_low.dae
-- Installing: /home/eamon/aws-robomaker-sample-application-pr2-hospital/simulation_ws/install/aws_robomaker_hospital_world/share/aws_robomaker_hospital_world/models/aws_robomaker_hospital_elevator_01_car/meshes/aws_robomaker_hospital_elevator_01_car_collision.dae
-- Installing: /home/eamon/aws-robomaker-sample-application-pr2-hospital/simulation_ws/install/aws_robomaker_hospital_world/share/aws_robomaker_hospital_world/models/aws_robomaker_hospital_elevator_01_car/meshes/aws_robomaker_hospital_elevator_01_visual_normal.png
-- Installing: /home/eamon/aws-robomaker-sample-application-pr2-hospital/simulation_ws/install/aws_robomaker_hospital_world/share/aws_robomaker_hospital_world/models/aws_robomaker_hospital_elevator_01_car/meshes/aws_robomaker_hospital_elevator_01_car_visual.dae
-- Installing: /home/eamon/aws-robomaker-sample-application-pr2-hospital/simulation_ws/install/aws_robomaker_hospital_world/share/aws_robomaker_hospital_world/models/aws_robomaker_hospital_elevator_01_car/meshes/aws_robomaker_hospital_elevator_01_low_normal.png
-- Installing: /home/eamon/aws-robomaker-sample-application-pr2-hospital/simulation_ws/install/aws_robomaker_hospital_world/share/aws_robomaker_hospital_world/models/aws_robomaker_hospital_elevator_01_car/meshes/aws_robomaker_hospital_elevator_01_visual.png
-- Installing: /home/eamon/aws-robomaker-sample-application-pr2-hospital/simulation_ws/install/aws_robomaker_hospital_world/share/aws_robomaker_hospital_world/models/aws_robomaker_hospital_elevator_01_car/meshes/aws_robomaker_hospital_elevator_01_low.png
-- Installing: /home/eamon/aws-robomaker-sample-application-pr2-hospital/simulation_ws/install/aws_robomaker_hospital_world/share/aws_robomaker_hospital_world/models/aws_robomaker_hospital_elevator_01_car/model.sdf
-- Installing: /home/eamon/aws-robomaker-sample-application-pr2-hospital/simulation_ws/install/aws_robomaker_hospital_world/share/aws_robomaker_hospital_world/models/aws_robomaker_hospital_elevator_01_car/model.config
-- Installing: /home/eamon/aws-robomaker-sample-application-pr2-hospital/simulation_ws/install/aws_robomaker_hospital_world/share/aws_robomaker_hospital_world/models/aws_robomaker_hospital_floor_02_walls
-- Installing: /home/eamon/aws-robomaker-sample-application-pr2-hospital/simulation_ws/install/aws_robomaker_hospital_world/share/aws_robomaker_hospital_world/models/aws_robomaker_hospital_floor_02_walls/meshes
-- Installing: /home/eamon/aws-robomaker-sample-application-pr2-hospital/simulation_ws/install/aws_robomaker_hospital_world/share/aws_robomaker_hospital_world/models/aws_robomaker_hospital_floor_02_walls/meshes/aws_robomaker_hospital_floor_02_doorsign.png
-- Installing: /home/eamon/aws-robomaker-sample-application-pr2-hospital/simulation_ws/install/aws_robomaker_hospital_world/share/aws_robomaker_hospital_world/models/aws_robomaker_hospital_floor_02_walls/meshes/aws_robomaker_hospital_floor_02_windows.png
-- Installing: /home/eamon/aws-robomaker-sample-application-pr2-hospital/simulation_ws/install/aws_robomaker_hospital_world/share/aws_robomaker_hospital_world/models/aws_robomaker_hospital_floor_02_walls/meshes/aws_robomaker_hospital_floor_02_bumprail.png
-- Installing: /home/eamon/aws-robomaker-sample-application-pr2-hospital/simulation_ws/install/aws_robomaker_hospital_world/share/aws_robomaker_hospital_world/models/aws_robomaker_hospital_floor_02_walls/meshes/aws_robomaker_hospital_floor_02_doorframes_small.png
-- Installing: /home/eamon/aws-robomaker-sample-application-pr2-hospital/simulation_ws/install/aws_robomaker_hospital_world/share/aws_robomaker_hospital_world/models/aws_robomaker_hospital_floor_02_walls/meshes/aws_robomaker_hospital_floor_02_walls.png
-- Installing: /home/eamon/aws-robomaker-sample-application-pr2-hospital/simulation_ws/install/aws_robomaker_hospital_world/share/aws_robomaker_hospital_world/models/aws_robomaker_hospital_floor_02_walls/meshes/aws_robomaker_hospital_floor_02_walls_visual.dae
-- Installing: /home/eamon/aws-robomaker-sample-application-pr2-hospital/simulation_ws/install/aws_robomaker_hospital_world/share/aws_robomaker_hospital_world/models/aws_robomaker_hospital_floor_02_walls/meshes/aws_robomaker_hospital_floor_02_stairs.png
-- Installing: /home/eamon/aws-robomaker-sample-application-pr2-hospital/simulation_ws/install/aws_robomaker_hospital_world/share/aws_robomaker_hospital_world/models/aws_robomaker_hospital_floor_02_walls/meshes/aws_robomaker_hospital_floor_02_handrail.png
-- Installing: /home/eamon/aws-robomaker-sample-application-pr2-hospital/simulation_ws/install/aws_robomaker_hospital_world/share/aws_robomaker_hospital_world/models/aws_robomaker_hospital_floor_02_walls/meshes/aws_robomaker_hospital_floor_02_doorframes_big.png
-- Installing: /home/eamon/aws-robomaker-sample-application-pr2-hospital/simulation_ws/install/aws_robomaker_hospital_world/share/aws_robomaker_hospital_world/models/aws_robomaker_hospital_floor_02_walls/meshes/aws_robomaker_hospital_floor_02_walls_collision.dae
-- Installing: /home/eamon/aws-robomaker-sample-application-pr2-hospital/simulation_ws/install/aws_robomaker_hospital_world/share/aws_robomaker_hospital_world/models/aws_robomaker_hospital_floor_02_walls/model.sdf
-- Installing: /home/eamon/aws-robomaker-sample-application-pr2-hospital/simulation_ws/install/aws_robomaker_hospital_world/share/aws_robomaker_hospital_world/models/aws_robomaker_hospital_floor_02_walls/model.config
-- Installing: /home/eamon/aws-robomaker-sample-application-pr2-hospital/simulation_ws/install/aws_robomaker_hospital_world/share/aws_robomaker_hospital_world/models/aws_robomaker_hospital_floor_01_ceiling
-- Installing: /home/eamon/aws-robomaker-sample-application-pr2-hospital/simulation_ws/install/aws_robomaker_hospital_world/share/aws_robomaker_hospital_world/models/aws_robomaker_hospital_floor_01_ceiling/meshes
-- Installing: /home/eamon/aws-robomaker-sample-application-pr2-hospital/simulation_ws/install/aws_robomaker_hospital_world/share/aws_robomaker_hospital_world/models/aws_robomaker_hospital_floor_01_ceiling/meshes/aws_robomaker_hospital_floor_01_ceiling_normal.png
-- Installing: /home/eamon/aws-robomaker-sample-application-pr2-hospital/simulation_ws/install/aws_robomaker_hospital_world/share/aws_robomaker_hospital_world/models/aws_robomaker_hospital_floor_01_ceiling/meshes/aws_robomaker_hospital_floor_01_ceiling_visual.dae
-- Installing: /home/eamon/aws-robomaker-sample-application-pr2-hospital/simulation_ws/install/aws_robomaker_hospital_world/share/aws_robomaker_hospital_world/models/aws_robomaker_hospital_floor_01_ceiling/meshes/aws_robomaker_hospital_floor_01_ceiling.png
-- Installing: /home/eamon/aws-robomaker-sample-application-pr2-hospital/simulation_ws/install/aws_robomaker_hospital_world/share/aws_robomaker_hospital_world/models/aws_robomaker_hospital_floor_01_ceiling/meshes/aws_robomaker_hospital_floor_01_ceiling_collision.dae
-- Installing: /home/eamon/aws-robomaker-sample-application-pr2-hospital/simulation_ws/install/aws_robomaker_hospital_world/share/aws_robomaker_hospital_world/models/aws_robomaker_hospital_floor_01_ceiling/model.sdf
-- Installing: /home/eamon/aws-robomaker-sample-application-pr2-hospital/simulation_ws/install/aws_robomaker_hospital_world/share/aws_robomaker_hospital_world/models/aws_robomaker_hospital_floor_01_ceiling/model.config
-- Installing: /home/eamon/aws-robomaker-sample-application-pr2-hospital/simulation_ws/install/aws_robomaker_hospital_world/share/aws_robomaker_hospital_world/models/aws_robomaker_residential_Sofa_01
-- Installing: /home/eamon/aws-robomaker-sample-application-pr2-hospital/simulation_ws/install/aws_robomaker_hospital_world/share/aws_robomaker_hospital_world/models/aws_robomaker_residential_Sofa_01/meshes
-- Installing: /home/eamon/aws-robomaker-sample-application-pr2-hospital/simulation_ws/install/aws_robomaker_hospital_world/share/aws_robomaker_hospital_world/models/aws_robomaker_residential_Sofa_01/meshes/aws_Sofa_01_collision.DAE
-- Installing: /home/eamon/aws-robomaker-sample-application-pr2-hospital/simulation_ws/install/aws_robomaker_hospital_world/share/aws_robomaker_hospital_world/models/aws_robomaker_residential_Sofa_01/meshes/aws_Sofa_01_visual.DAE
-- Installing: /home/eamon/aws-robomaker-sample-application-pr2-hospital/simulation_ws/install/aws_robomaker_hospital_world/share/aws_robomaker_hospital_world/models/aws_robomaker_residential_Sofa_01/meshes/aws_Sofa_01.DAE
-- Installing: /home/eamon/aws-robomaker-sample-application-pr2-hospital/simulation_ws/install/aws_robomaker_hospital_world/share/aws_robomaker_hospital_world/models/aws_robomaker_residential_Sofa_01/materials
-- Installing: /home/eamon/aws-robomaker-sample-application-pr2-hospital/simulation_ws/install/aws_robomaker_hospital_world/share/aws_robomaker_hospital_world/models/aws_robomaker_residential_Sofa_01/materials/textures
-- Installing: /home/eamon/aws-robomaker-sample-application-pr2-hospital/simulation_ws/install/aws_robomaker_hospital_world/share/aws_robomaker_hospital_world/models/aws_robomaker_residential_Sofa_01/materials/textures/aws_Sofa_01.png
-- Installing: /home/eamon/aws-robomaker-sample-application-pr2-hospital/simulation_ws/install/aws_robomaker_hospital_world/share/aws_robomaker_hospital_world/models/aws_robomaker_residential_Sofa_01/model.sdf
-- Installing: /home/eamon/aws-robomaker-sample-application-pr2-hospital/simulation_ws/install/aws_robomaker_hospital_world/share/aws_robomaker_hospital_world/models/aws_robomaker_residential_Sofa_01/model.config
-- Installing: /home/eamon/aws-robomaker-sample-application-pr2-hospital/simulation_ws/install/aws_robomaker_hospital_world/share/aws_robomaker_hospital_world/models/aws_robomaker_residential_CoffeeTable_01
-- Installing: /home/eamon/aws-robomaker-sample-application-pr2-hospital/simulation_ws/install/aws_robomaker_hospital_world/share/aws_robomaker_hospital_world/models/aws_robomaker_residential_CoffeeTable_01/meshes
-- Installing: /home/eamon/aws-robomaker-sample-application-pr2-hospital/simulation_ws/install/aws_robomaker_hospital_world/share/aws_robomaker_hospital_world/models/aws_robomaker_residential_CoffeeTable_01/meshes/aws_CoffeeTable_01_visual.DAE
-- Installing: /home/eamon/aws-robomaker-sample-application-pr2-hospital/simulation_ws/install/aws_robomaker_hospital_world/share/aws_robomaker_hospital_world/models/aws_robomaker_residential_CoffeeTable_01/meshes/aws_CoffeeTable_01_collision.DAE
-- Installing: /home/eamon/aws-robomaker-sample-application-pr2-hospital/simulation_ws/install/aws_robomaker_hospital_world/share/aws_robomaker_hospital_world/models/aws_robomaker_residential_CoffeeTable_01/materials
-- Installing: /home/eamon/aws-robomaker-sample-application-pr2-hospital/simulation_ws/install/aws_robomaker_hospital_world/share/aws_robomaker_hospital_world/models/aws_robomaker_residential_CoffeeTable_01/materials/textures
-- Installing: /home/eamon/aws-robomaker-sample-application-pr2-hospital/simulation_ws/install/aws_robomaker_hospital_world/share/aws_robomaker_hospital_world/models/aws_robomaker_residential_CoffeeTable_01/materials/textures/aws_CoffeeTable_01.png
-- Installing: /home/eamon/aws-robomaker-sample-application-pr2-hospital/simulation_ws/install/aws_robomaker_hospital_world/share/aws_robomaker_hospital_world/models/aws_robomaker_residential_CoffeeTable_01/model.sdf
-- Installing: /home/eamon/aws-robomaker-sample-application-pr2-hospital/simulation_ws/install/aws_robomaker_hospital_world/share/aws_robomaker_hospital_world/models/aws_robomaker_residential_CoffeeTable_01/model.config
-- Installing: /home/eamon/aws-robomaker-sample-application-pr2-hospital/simulation_ws/install/aws_robomaker_hospital_world/share/aws_robomaker_hospital_world/models/aws_robomaker_warehouse_ClutteringC_01
-- Installing: /home/eamon/aws-robomaker-sample-application-pr2-hospital/simulation_ws/install/aws_robomaker_hospital_world/share/aws_robomaker_hospital_world/models/aws_robomaker_warehouse_ClutteringC_01/meshes
-- Installing: /home/eamon/aws-robomaker-sample-application-pr2-hospital/simulation_ws/install/aws_robomaker_hospital_world/share/aws_robomaker_hospital_world/models/aws_robomaker_warehouse_ClutteringC_01/meshes/aws_robomaker_warehouse_ClutteringC_01_visual.DAE
-- Installing: /home/eamon/aws-robomaker-sample-application-pr2-hospital/simulation_ws/install/aws_robomaker_hospital_world/share/aws_robomaker_hospital_world/models/aws_robomaker_warehouse_ClutteringC_01/meshes/aws_robomaker_warehouse_ClutteringC_01_collision.DAE
-- Installing: /home/eamon/aws-robomaker-sample-application-pr2-hospital/simulation_ws/install/aws_robomaker_hospital_world/share/aws_robomaker_hospital_world/models/aws_robomaker_warehouse_ClutteringC_01/materials
-- Installing: /home/eamon/aws-robomaker-sample-application-pr2-hospital/simulation_ws/install/aws_robomaker_hospital_world/share/aws_robomaker_hospital_world/models/aws_robomaker_warehouse_ClutteringC_01/materials/textures
-- Installing: /home/eamon/aws-robomaker-sample-application-pr2-hospital/simulation_ws/install/aws_robomaker_hospital_world/share/aws_robomaker_hospital_world/models/aws_robomaker_warehouse_ClutteringC_01/materials/textures/aws_robomaker_warehouse_ClutteringC_02.png
-- Installing: /home/eamon/aws-robomaker-sample-application-pr2-hospital/simulation_ws/install/aws_robomaker_hospital_world/share/aws_robomaker_hospital_world/models/aws_robomaker_warehouse_ClutteringC_01/materials/textures/aws_robomaker_warehouse_ClutteringC_01.png
-- Installing: /home/eamon/aws-robomaker-sample-application-pr2-hospital/simulation_ws/install/aws_robomaker_hospital_world/share/aws_robomaker_hospital_world/models/aws_robomaker_warehouse_ClutteringC_01/model.sdf
-- Installing: /home/eamon/aws-robomaker-sample-application-pr2-hospital/simulation_ws/install/aws_robomaker_hospital_world/share/aws_robomaker_hospital_world/models/aws_robomaker_warehouse_ClutteringC_01/model.config
-- Installing: /home/eamon/aws-robomaker-sample-application-pr2-hospital/simulation_ws/install/aws_robomaker_hospital_world/share/aws_robomaker_hospital_world/models/aws_robomaker_residential_TV_02
-- Installing: /home/eamon/aws-robomaker-sample-application-pr2-hospital/simulation_ws/install/aws_robomaker_hospital_world/share/aws_robomaker_hospital_world/models/aws_robomaker_residential_TV_02/meshes
-- Installing: /home/eamon/aws-robomaker-sample-application-pr2-hospital/simulation_ws/install/aws_robomaker_hospital_world/share/aws_robomaker_hospital_world/models/aws_robomaker_residential_TV_02/meshes/aws_TV_01_collision.DAE
-- Installing: /home/eamon/aws-robomaker-sample-application-pr2-hospital/simulation_ws/install/aws_robomaker_hospital_world/share/aws_robomaker_hospital_world/models/aws_robomaker_residential_TV_02/meshes/aws_TV_01_visual.DAE
-- Installing: /home/eamon/aws-robomaker-sample-application-pr2-hospital/simulation_ws/install/aws_robomaker_hospital_world/share/aws_robomaker_hospital_world/models/aws_robomaker_residential_TV_02/materials
-- Installing: /home/eamon/aws-robomaker-sample-application-pr2-hospital/simulation_ws/install/aws_robomaker_hospital_world/share/aws_robomaker_hospital_world/models/aws_robomaker_residential_TV_02/materials/textures
-- Installing: /home/eamon/aws-robomaker-sample-application-pr2-hospital/simulation_ws/install/aws_robomaker_hospital_world/share/aws_robomaker_hospital_world/models/aws_robomaker_residential_TV_02/materials/textures/aws_TV_01.png
-- Installing: /home/eamon/aws-robomaker-sample-application-pr2-hospital/simulation_ws/install/aws_robomaker_hospital_world/share/aws_robomaker_hospital_world/models/aws_robomaker_residential_TV_02/model.sdf
-- Installing: /home/eamon/aws-robomaker-sample-application-pr2-hospital/simulation_ws/install/aws_robomaker_hospital_world/share/aws_robomaker_hospital_world/models/aws_robomaker_residential_TV_02/model.config
-- Installing: /home/eamon/aws-robomaker-sample-application-pr2-hospital/simulation_ws/install/aws_robomaker_hospital_world/share/aws_robomaker_hospital_world/models/aws_robomaker_residential_PortraitC_01
-- Installing: /home/eamon/aws-robomaker-sample-application-pr2-hospital/simulation_ws/install/aws_robomaker_hospital_world/share/aws_robomaker_hospital_world/models/aws_robomaker_residential_PortraitC_01/meshes
-- Installing: /home/eamon/aws-robomaker-sample-application-pr2-hospital/simulation_ws/install/aws_robomaker_hospital_world/share/aws_robomaker_hospital_world/models/aws_robomaker_residential_PortraitC_01/meshes/aws_PortraitC_01_visual.DAE
-- Installing: /home/eamon/aws-robomaker-sample-application-pr2-hospital/simulation_ws/install/aws_robomaker_hospital_world/share/aws_robomaker_hospital_world/models/aws_robomaker_residential_PortraitC_01/meshes/aws_PortraitC_01_collision.DAE
-- Installing: /home/eamon/aws-robomaker-sample-application-pr2-hospital/simulation_ws/install/aws_robomaker_hospital_world/share/aws_robomaker_hospital_world/models/aws_robomaker_residential_PortraitC_01/materials
-- Installing: /home/eamon/aws-robomaker-sample-application-pr2-hospital/simulation_ws/install/aws_robomaker_hospital_world/share/aws_robomaker_hospital_world/models/aws_robomaker_residential_PortraitC_01/materials/textures
-- Installing: /home/eamon/aws-robomaker-sample-application-pr2-hospital/simulation_ws/install/aws_robomaker_hospital_world/share/aws_robomaker_hospital_world/models/aws_robomaker_residential_PortraitC_01/materials/textures/aws_PortraitC_02.png
-- Installing: /home/eamon/aws-robomaker-sample-application-pr2-hospital/simulation_ws/install/aws_robomaker_hospital_world/share/aws_robomaker_hospital_world/models/aws_robomaker_residential_PortraitC_01/materials/textures/aws_PortraitC_01.png
-- Installing: /home/eamon/aws-robomaker-sample-application-pr2-hospital/simulation_ws/install/aws_robomaker_hospital_world/share/aws_robomaker_hospital_world/models/aws_robomaker_residential_PortraitC_01/model.sdf
-- Installing: /home/eamon/aws-robomaker-sample-application-pr2-hospital/simulation_ws/install/aws_robomaker_hospital_world/share/aws_robomaker_hospital_world/models/aws_robomaker_residential_PortraitC_01/model.config
-- Installing: /home/eamon/aws-robomaker-sample-application-pr2-hospital/simulation_ws/install/aws_robomaker_hospital_world/share/aws_robomaker_hospital_world/models/aws_robomaker_hospital_elevator_01_door
-- Installing: /home/eamon/aws-robomaker-sample-application-pr2-hospital/simulation_ws/install/aws_robomaker_hospital_world/share/aws_robomaker_hospital_world/models/aws_robomaker_hospital_elevator_01_door/meshes
-- Installing: /home/eamon/aws-robomaker-sample-application-pr2-hospital/simulation_ws/install/aws_robomaker_hospital_world/share/aws_robomaker_hospital_world/models/aws_robomaker_hospital_elevator_01_door/meshes/aws_robomaker_hospital_elevator_01_visual_normal.png
-- Installing: /home/eamon/aws-robomaker-sample-application-pr2-hospital/simulation_ws/install/aws_robomaker_hospital_world/share/aws_robomaker_hospital_world/models/aws_robomaker_hospital_elevator_01_door/meshes/aws_robomaker_hospital_elevator_01_door_low.dae
-- Installing: /home/eamon/aws-robomaker-sample-application-pr2-hospital/simulation_ws/install/aws_robomaker_hospital_world/share/aws_robomaker_hospital_world/models/aws_robomaker_hospital_elevator_01_door/meshes/aws_robomaker_hospital_elevator_01_door_visual.dae
-- Installing: /home/eamon/aws-robomaker-sample-application-pr2-hospital/simulation_ws/install/aws_robomaker_hospital_world/share/aws_robomaker_hospital_world/models/aws_robomaker_hospital_elevator_01_door/meshes/aws_robomaker_hospital_elevator_01_low_normal.png
-- Installing: /home/eamon/aws-robomaker-sample-application-pr2-hospital/simulation_ws/install/aws_robomaker_hospital_world/share/aws_robomaker_hospital_world/models/aws_robomaker_hospital_elevator_01_door/meshes/aws_robomaker_hospital_elevator_01_door_collision.dae
-- Installing: /home/eamon/aws-robomaker-sample-application-pr2-hospital/simulation_ws/install/aws_robomaker_hospital_world/share/aws_robomaker_hospital_world/models/aws_robomaker_hospital_elevator_01_door/meshes/aws_robomaker_hospital_elevator_01_visual.png
-- Installing: /home/eamon/aws-robomaker-sample-application-pr2-hospital/simulation_ws/install/aws_robomaker_hospital_world/share/aws_robomaker_hospital_world/models/aws_robomaker_hospital_elevator_01_door/meshes/aws_robomaker_hospital_elevator_01_low.png
-- Installing: /home/eamon/aws-robomaker-sample-application-pr2-hospital/simulation_ws/install/aws_robomaker_hospital_world/share/aws_robomaker_hospital_world/models/aws_robomaker_hospital_elevator_01_door/model.sdf
-- Installing: /home/eamon/aws-robomaker-sample-application-pr2-hospital/simulation_ws/install/aws_robomaker_hospital_world/share/aws_robomaker_hospital_world/models/aws_robomaker_hospital_elevator_01_door/model.config
-- Installing: /home/eamon/aws-robomaker-sample-application-pr2-hospital/simulation_ws/install/aws_robomaker_hospital_world/share/aws_robomaker_hospital_world/models/aws_robomaker_hospital_nursesstation_01
-- Installing: /home/eamon/aws-robomaker-sample-application-pr2-hospital/simulation_ws/install/aws_robomaker_hospital_world/share/aws_robomaker_hospital_world/models/aws_robomaker_hospital_nursesstation_01/meshes
-- Installing: /home/eamon/aws-robomaker-sample-application-pr2-hospital/simulation_ws/install/aws_robomaker_hospital_world/share/aws_robomaker_hospital_world/models/aws_robomaker_hospital_nursesstation_01/meshes/aws_robomaker_hospital_nursesstation_01_visual.png
-- Installing: /home/eamon/aws-robomaker-sample-application-pr2-hospital/simulation_ws/install/aws_robomaker_hospital_world/share/aws_robomaker_hospital_world/models/aws_robomaker_hospital_nursesstation_01/meshes/aws_robomaker_hospital_nursesstation_01_visual_normal.png
-- Installing: /home/eamon/aws-robomaker-sample-application-pr2-hospital/simulation_ws/install/aws_robomaker_hospital_world/share/aws_robomaker_hospital_world/models/aws_robomaker_hospital_nursesstation_01/meshes/aws_robomaker_hospital_nursesstation_01_collision.dae
-- Installing: /home/eamon/aws-robomaker-sample-application-pr2-hospital/simulation_ws/install/aws_robomaker_hospital_world/share/aws_robomaker_hospital_world/models/aws_robomaker_hospital_nursesstation_01/meshes/aws_robomaker_hospital_nursesstation_01_low.dae
-- Installing: /home/eamon/aws-robomaker-sample-application-pr2-hospital/simulation_ws/install/aws_robomaker_hospital_world/share/aws_robomaker_hospital_world/models/aws_robomaker_hospital_nursesstation_01/meshes/aws_robomaker_hospital_nursesstation_01_low.png
-- Installing: /home/eamon/aws-robomaker-sample-application-pr2-hospital/simulation_ws/install/aws_robomaker_hospital_world/share/aws_robomaker_hospital_world/models/aws_robomaker_hospital_nursesstation_01/meshes/aws_robomaker_hospital_nursesstation_01_visual.dae
-- Installing: /home/eamon/aws-robomaker-sample-application-pr2-hospital/simulation_ws/install/aws_robomaker_hospital_world/share/aws_robomaker_hospital_world/models/aws_robomaker_hospital_nursesstation_01/meshes/aws_robomaker_hospital_nursesstation_01_low_normal.png
-- Installing: /home/eamon/aws-robomaker-sample-application-pr2-hospital/simulation_ws/install/aws_robomaker_hospital_world/share/aws_robomaker_hospital_world/models/aws_robomaker_hospital_nursesstation_01/model.sdf
-- Installing: /home/eamon/aws-robomaker-sample-application-pr2-hospital/simulation_ws/install/aws_robomaker_hospital_world/share/aws_robomaker_hospital_world/models/aws_robomaker_hospital_nursesstation_01/model.config
-- Installing: /home/eamon/aws-robomaker-sample-application-pr2-hospital/simulation_ws/install/aws_robomaker_hospital_world/share/aws_robomaker_hospital_world/models/aws_robomaker_residential_PortraitE_02
-- Installing: /home/eamon/aws-robomaker-sample-application-pr2-hospital/simulation_ws/install/aws_robomaker_hospital_world/share/aws_robomaker_hospital_world/models/aws_robomaker_residential_PortraitE_02/meshes
-- Installing: /home/eamon/aws-robomaker-sample-application-pr2-hospital/simulation_ws/install/aws_robomaker_hospital_world/share/aws_robomaker_hospital_world/models/aws_robomaker_residential_PortraitE_02/meshes/aws_PortraitE_01_visual.DAE
-- Installing: /home/eamon/aws-robomaker-sample-application-pr2-hospital/simulation_ws/install/aws_robomaker_hospital_world/share/aws_robomaker_hospital_world/models/aws_robomaker_residential_PortraitE_02/meshes/aws_PortraitE_01_collision.DAE
-- Installing: /home/eamon/aws-robomaker-sample-application-pr2-hospital/simulation_ws/install/aws_robomaker_hospital_world/share/aws_robomaker_hospital_world/models/aws_robomaker_residential_PortraitE_02/materials
-- Installing: /home/eamon/aws-robomaker-sample-application-pr2-hospital/simulation_ws/install/aws_robomaker_hospital_world/share/aws_robomaker_hospital_world/models/aws_robomaker_residential_PortraitE_02/materials/textures
-- Installing: /home/eamon/aws-robomaker-sample-application-pr2-hospital/simulation_ws/install/aws_robomaker_hospital_world/share/aws_robomaker_hospital_world/models/aws_robomaker_residential_PortraitE_02/materials/textures/aws_PortraitE_01.png
-- Installing: /home/eamon/aws-robomaker-sample-application-pr2-hospital/simulation_ws/install/aws_robomaker_hospital_world/share/aws_robomaker_hospital_world/models/aws_robomaker_residential_PortraitE_02/materials/textures/aws_PortraitE_02.png
-- Installing: /home/eamon/aws-robomaker-sample-application-pr2-hospital/simulation_ws/install/aws_robomaker_hospital_world/share/aws_robomaker_hospital_world/models/aws_robomaker_residential_PortraitE_02/model.sdf
-- Installing: /home/eamon/aws-robomaker-sample-application-pr2-hospital/simulation_ws/install/aws_robomaker_hospital_world/share/aws_robomaker_hospital_world/models/aws_robomaker_residential_PortraitE_02/model.config
-- Installing: /home/eamon/aws-robomaker-sample-application-pr2-hospital/simulation_ws/install/aws_robomaker_hospital_world/share/aws_robomaker_hospital_world/models/aws_robomaker_retail_BookshelfB_01
-- Installing: /home/eamon/aws-robomaker-sample-application-pr2-hospital/simulation_ws/install/aws_robomaker_hospital_world/share/aws_robomaker_hospital_world/models/aws_robomaker_retail_BookshelfB_01/meshes
-- Installing: /home/eamon/aws-robomaker-sample-application-pr2-hospital/simulation_ws/install/aws_robomaker_hospital_world/share/aws_robomaker_hospital_world/models/aws_robomaker_retail_BookshelfB_01/meshes/aws_BookshelfB_01_collision.DAE
-- Installing: /home/eamon/aws-robomaker-sample-application-pr2-hospital/simulation_ws/install/aws_robomaker_hospital_world/share/aws_robomaker_hospital_world/models/aws_robomaker_retail_BookshelfB_01/meshes/aws_BookshelfB_01_visual.DAE
-- Installing: /home/eamon/aws-robomaker-sample-application-pr2-hospital/simulation_ws/install/aws_robomaker_hospital_world/share/aws_robomaker_hospital_world/models/aws_robomaker_retail_BookshelfB_01/materials
-- Installing: /home/eamon/aws-robomaker-sample-application-pr2-hospital/simulation_ws/install/aws_robomaker_hospital_world/share/aws_robomaker_hospital_world/models/aws_robomaker_retail_BookshelfB_01/materials/textures
-- Installing: /home/eamon/aws-robomaker-sample-application-pr2-hospital/simulation_ws/install/aws_robomaker_hospital_world/share/aws_robomaker_hospital_world/models/aws_robomaker_retail_BookshelfB_01/materials/textures/aws_BookshelfB_02.png
-- Installing: /home/eamon/aws-robomaker-sample-application-pr2-hospital/simulation_ws/install/aws_robomaker_hospital_world/share/aws_robomaker_hospital_world/models/aws_robomaker_retail_BookshelfB_01/materials/textures/aws_BookshelfB_01.png
-- Installing: /home/eamon/aws-robomaker-sample-application-pr2-hospital/simulation_ws/install/aws_robomaker_hospital_world/share/aws_robomaker_hospital_world/models/aws_robomaker_retail_BookshelfB_01/model.sdf
-- Installing: /home/eamon/aws-robomaker-sample-application-pr2-hospital/simulation_ws/install/aws_robomaker_hospital_world/share/aws_robomaker_hospital_world/models/aws_robomaker_retail_BookshelfB_01/model.config
-- Installing: /home/eamon/aws-robomaker-sample-application-pr2-hospital/simulation_ws/install/aws_robomaker_hospital_world/share/aws_robomaker_hospital_world/models/aws_robomaker_residential_Carpet_01
-- Installing: /home/eamon/aws-robomaker-sample-application-pr2-hospital/simulation_ws/install/aws_robomaker_hospital_world/share/aws_robomaker_hospital_world/models/aws_robomaker_residential_Carpet_01/meshes
-- Installing: /home/eamon/aws-robomaker-sample-application-pr2-hospital/simulation_ws/install/aws_robomaker_hospital_world/share/aws_robomaker_hospital_world/models/aws_robomaker_residential_Carpet_01/meshes/aws_Carpet_01_visual.DAE
-- Installing: /home/eamon/aws-robomaker-sample-application-pr2-hospital/simulation_ws/install/aws_robomaker_hospital_world/share/aws_robomaker_hospital_world/models/aws_robomaker_residential_Carpet_01/meshes/aws_Carpet_01_collision.DAE
-- Installing: /home/eamon/aws-robomaker-sample-application-pr2-hospital/simulation_ws/install/aws_robomaker_hospital_world/share/aws_robomaker_hospital_world/models/aws_robomaker_residential_Carpet_01/materials
-- Installing: /home/eamon/aws-robomaker-sample-application-pr2-hospital/simulation_ws/install/aws_robomaker_hospital_world/share/aws_robomaker_hospital_world/models/aws_robomaker_residential_Carpet_01/materials/textures
-- Installing: /home/eamon/aws-robomaker-sample-application-pr2-hospital/simulation_ws/install/aws_robomaker_hospital_world/share/aws_robomaker_hospital_world/models/aws_robomaker_residential_Carpet_01/materials/textures/aws_Carpet_01.png
-- Installing: /home/eamon/aws-robomaker-sample-application-pr2-hospital/simulation_ws/install/aws_robomaker_hospital_world/share/aws_robomaker_hospital_world/models/aws_robomaker_residential_Carpet_01/model.sdf
-- Installing: /home/eamon/aws-robomaker-sample-application-pr2-hospital/simulation_ws/install/aws_robomaker_hospital_world/share/aws_robomaker_hospital_world/models/aws_robomaker_residential_Carpet_01/model.config
-- Installing: /home/eamon/aws-robomaker-sample-application-pr2-hospital/simulation_ws/install/aws_robomaker_hospital_world/share/aws_robomaker_hospital_world/models/aws_robomaker_warehouse_ClutteringA_01
-- Installing: /home/eamon/aws-robomaker-sample-application-pr2-hospital/simulation_ws/install/aws_robomaker_hospital_world/share/aws_robomaker_hospital_world/models/aws_robomaker_warehouse_ClutteringA_01/meshes
-- Installing: /home/eamon/aws-robomaker-sample-application-pr2-hospital/simulation_ws/install/aws_robomaker_hospital_world/share/aws_robomaker_hospital_world/models/aws_robomaker_warehouse_ClutteringA_01/meshes/aws_robomaker_warehouse_ClutteringA_01_collision.DAE
-- Installing: /home/eamon/aws-robomaker-sample-application-pr2-hospital/simulation_ws/install/aws_robomaker_hospital_world/share/aws_robomaker_hospital_world/models/aws_robomaker_warehouse_ClutteringA_01/meshes/aws_robomaker_warehouse_ClutteringA_01_visual.DAE
-- Installing: /home/eamon/aws-robomaker-sample-application-pr2-hospital/simulation_ws/install/aws_robomaker_hospital_world/share/aws_robomaker_hospital_world/models/aws_robomaker_warehouse_ClutteringA_01/materials
-- Installing: /home/eamon/aws-robomaker-sample-application-pr2-hospital/simulation_ws/install/aws_robomaker_hospital_world/share/aws_robomaker_hospital_world/models/aws_robomaker_warehouse_ClutteringA_01/materials/textures
-- Installing: /home/eamon/aws-robomaker-sample-application-pr2-hospital/simulation_ws/install/aws_robomaker_hospital_world/share/aws_robomaker_hospital_world/models/aws_robomaker_warehouse_ClutteringA_01/materials/textures/aws_robomaker_warehouse_ClutteringA_02.png
-- Installing: /home/eamon/aws-robomaker-sample-application-pr2-hospital/simulation_ws/install/aws_robomaker_hospital_world/share/aws_robomaker_hospital_world/models/aws_robomaker_warehouse_ClutteringA_01/materials/textures/aws_robomaker_warehouse_ClutteringA_01.png
-- Installing: /home/eamon/aws-robomaker-sample-application-pr2-hospital/simulation_ws/install/aws_robomaker_hospital_world/share/aws_robomaker_hospital_world/models/aws_robomaker_warehouse_ClutteringA_01/materials/textures/aws_robomaker_warehouse_ClutteringA_03.png
-- Installing: /home/eamon/aws-robomaker-sample-application-pr2-hospital/simulation_ws/install/aws_robomaker_hospital_world/share/aws_robomaker_hospital_world/models/aws_robomaker_warehouse_ClutteringA_01/model.sdf
-- Installing: /home/eamon/aws-robomaker-sample-application-pr2-hospital/simulation_ws/install/aws_robomaker_hospital_world/share/aws_robomaker_hospital_world/models/aws_robomaker_warehouse_ClutteringA_01/model.config
-- Installing: /home/eamon/aws-robomaker-sample-application-pr2-hospital/simulation_ws/install/aws_robomaker_hospital_world/share/aws_robomaker_hospital_world/models/aws_robomaker_hospital_elevator_01_portal
-- Installing: /home/eamon/aws-robomaker-sample-application-pr2-hospital/simulation_ws/install/aws_robomaker_hospital_world/share/aws_robomaker_hospital_world/models/aws_robomaker_hospital_elevator_01_portal/meshes
-- Installing: /home/eamon/aws-robomaker-sample-application-pr2-hospital/simulation_ws/install/aws_robomaker_hospital_world/share/aws_robomaker_hospital_world/models/aws_robomaker_hospital_elevator_01_portal/meshes/aws_robomaker_hospital_elevator_01_visual_normal.png
-- Installing: /home/eamon/aws-robomaker-sample-application-pr2-hospital/simulation_ws/install/aws_robomaker_hospital_world/share/aws_robomaker_hospital_world/models/aws_robomaker_hospital_elevator_01_portal/meshes/aws_robomaker_hospital_elevator_01_portal_visual.dae
-- Installing: /home/eamon/aws-robomaker-sample-application-pr2-hospital/simulation_ws/install/aws_robomaker_hospital_world/share/aws_robomaker_hospital_world/models/aws_robomaker_hospital_elevator_01_portal/meshes/aws_robomaker_hospital_elevator_01_portal_low.dae
-- Installing: /home/eamon/aws-robomaker-sample-application-pr2-hospital/simulation_ws/install/aws_robomaker_hospital_world/share/aws_robomaker_hospital_world/models/aws_robomaker_hospital_elevator_01_portal/meshes/aws_robomaker_hospital_elevator_01_low_normal.png
-- Installing: /home/eamon/aws-robomaker-sample-application-pr2-hospital/simulation_ws/install/aws_robomaker_hospital_world/share/aws_robomaker_hospital_world/models/aws_robomaker_hospital_elevator_01_portal/meshes/aws_robomaker_hospital_elevator_01_portal_collision.dae
-- Installing: /home/eamon/aws-robomaker-sample-application-pr2-hospital/simulation_ws/install/aws_robomaker_hospital_world/share/aws_robomaker_hospital_world/models/aws_robomaker_hospital_elevator_01_portal/meshes/aws_robomaker_hospital_elevator_01_visual.png
-- Installing: /home/eamon/aws-robomaker-sample-application-pr2-hospital/simulation_ws/install/aws_robomaker_hospital_world/share/aws_robomaker_hospital_world/models/aws_robomaker_hospital_elevator_01_portal/meshes/aws_robomaker_hospital_elevator_01_low.png
-- Installing: /home/eamon/aws-robomaker-sample-application-pr2-hospital/simulation_ws/install/aws_robomaker_hospital_world/share/aws_robomaker_hospital_world/models/aws_robomaker_hospital_elevator_01_portal/model.sdf
-- Installing: /home/eamon/aws-robomaker-sample-application-pr2-hospital/simulation_ws/install/aws_robomaker_hospital_world/share/aws_robomaker_hospital_world/models/aws_robomaker_hospital_elevator_01_portal/model.config
CMake Error at cmake_install.cmake:56 (file):
  file INSTALL cannot find
  "/home/eamon/aws-robomaker-sample-application-pr2-hospital/simulation_ws/src/deps/aws_robomaker_hospital_world/fuel_models":
  No such file or directory.


