[0.899s] DEBUG:colcon:Command line arguments: ['/usr/bin/colcon', 'build']
[0.899s] DEBUG:colcon:Parsed command line arguments: Namespace(allow_overriding=[], ament_cmake_args=None, base_paths=['.'], build_base='build', catkin_cmake_args=None, catkin_skip_building_tests=False, cmake_args=None, cmake_clean_cache=False, cmake_clean_first=False, cmake_force_configure=False, cmake_target=None, cmake_target_skip_unavailable=False, continue_on_error=False, event_handlers=None, executor='parallel', ignore_user_meta=False, install_base='install', log_base=None, log_level=None, main=<bound method BuildVerb.main of <colcon_core.verb.build.BuildVerb object at 0xffffb3c9c5b0>>, merge_install=False, metas=['./colcon.meta'], packages_above=None, packages_above_and_dependencies=None, packages_above_depth=None, packages_end=None, packages_ignore=None, packages_ignore_regex=None, packages_select=None, packages_select_build_failed=False, packages_select_by_dep=None, packages_select_regex=None, packages_select_test_failures=False, packages_skip=None, packages_skip_build_finished=False, packages_skip_by_dep=None, packages_skip_regex=None, packages_skip_test_passed=False, packages_skip_up_to=None, packages_start=None, packages_up_to=None, packages_up_to_regex=None, parallel_workers=6, paths=None, symlink_install=False, test_result_base=None, verb_extension=<colcon_core.verb.build.BuildVerb object at 0xffffb3c9c5b0>, verb_name='build', verb_parser=<colcon_defaults.argument_parser.defaults.DefaultArgumentsDecorator object at 0xffffb3c9cbe0>)
[0.947s] Level 1:colcon.colcon_core.package_discovery:discover_packages(colcon_meta) check parameters
[0.947s] Level 1:colcon.colcon_core.package_discovery:discover_packages(recursive) check parameters
[0.947s] Level 1:colcon.colcon_core.package_discovery:discover_packages(ignore) check parameters
[0.947s] Level 1:colcon.colcon_core.package_discovery:discover_packages(path) check parameters
[0.947s] Level 1:colcon.colcon_core.package_discovery:discover_packages(colcon_meta) discover
[0.947s] Level 1:colcon.colcon_core.package_discovery:discover_packages(recursive) discover
[0.947s] INFO:colcon.colcon_core.package_discovery:Crawling recursively for packages in '/home/eamon/aws-robomaker-sample-application-pr2-hospital/robot_ws'
[0.947s] Level 1:colcon.colcon_core.package_identification:_identify(.) by extensions ['ignore', 'ignore_ament_install']
[0.947s] Level 1:colcon.colcon_core.package_identification:_identify(.) by extension 'ignore'
[0.947s] Level 1:colcon.colcon_core.package_identification:_identify(.) by extension 'ignore_ament_install'
[0.947s] Level 1:colcon.colcon_core.package_identification:_identify(.) by extensions ['colcon_pkg']
[0.947s] Level 1:colcon.colcon_core.package_identification:_identify(.) by extension 'colcon_pkg'
[0.947s] Level 1:colcon.colcon_core.package_identification:_identify(.) by extensions ['colcon_meta']
[0.947s] Level 1:colcon.colcon_core.package_identification:_identify(.) by extension 'colcon_meta'
[0.947s] Level 1:colcon.colcon_core.package_identification:_identify(.) by extensions ['ros']
[0.947s] Level 1:colcon.colcon_core.package_identification:_identify(.) by extension 'ros'
[0.954s] Level 1:colcon.colcon_core.package_identification:_identify(.) by extensions ['cmake', 'python']
[0.954s] Level 1:colcon.colcon_core.package_identification:_identify(.) by extension 'cmake'
[0.954s] Level 1:colcon.colcon_core.package_identification:_identify(.) by extension 'python'
[0.954s] Level 1:colcon.colcon_core.package_identification:_identify(.) by extensions ['python_setup_py']
[0.954s] Level 1:colcon.colcon_core.package_identification:_identify(.) by extension 'python_setup_py'
[0.954s] Level 1:colcon.colcon_core.package_identification:_identify(build) by extensions ['ignore', 'ignore_ament_install']
[0.954s] Level 1:colcon.colcon_core.package_identification:_identify(build) by extension 'ignore'
[0.954s] Level 1:colcon.colcon_core.package_identification:_identify(build) ignored
[0.954s] Level 1:colcon.colcon_core.package_identification:_identify(bundle) by extensions ['ignore', 'ignore_ament_install']
[0.954s] Level 1:colcon.colcon_core.package_identification:_identify(bundle) by extension 'ignore'
[0.954s] Level 1:colcon.colcon_core.package_identification:_identify(bundle) ignored
[0.954s] Level 1:colcon.colcon_core.package_identification:_identify(install) by extensions ['ignore', 'ignore_ament_install']
[0.954s] Level 1:colcon.colcon_core.package_identification:_identify(install) by extension 'ignore'
[0.954s] Level 1:colcon.colcon_core.package_identification:_identify(install) ignored
[0.954s] Level 1:colcon.colcon_core.package_identification:_identify(log) by extensions ['ignore', 'ignore_ament_install']
[0.954s] Level 1:colcon.colcon_core.package_identification:_identify(log) by extension 'ignore'
[0.954s] Level 1:colcon.colcon_core.package_identification:_identify(log) ignored
[0.954s] Level 1:colcon.colcon_core.package_identification:_identify(src) by extensions ['ignore', 'ignore_ament_install']
[0.954s] Level 1:colcon.colcon_core.package_identification:_identify(src) by extension 'ignore'
[0.954s] Level 1:colcon.colcon_core.package_identification:_identify(src) by extension 'ignore_ament_install'
[0.954s] Level 1:colcon.colcon_core.package_identification:_identify(src) by extensions ['colcon_pkg']
[0.954s] Level 1:colcon.colcon_core.package_identification:_identify(src) by extension 'colcon_pkg'
[0.954s] Level 1:colcon.colcon_core.package_identification:_identify(src) by extensions ['colcon_meta']
[0.954s] Level 1:colcon.colcon_core.package_identification:_identify(src) by extension 'colcon_meta'
[0.954s] Level 1:colcon.colcon_core.package_identification:_identify(src) by extensions ['ros']
[0.954s] Level 1:colcon.colcon_core.package_identification:_identify(src) by extension 'ros'
[0.954s] Level 1:colcon.colcon_core.package_identification:_identify(src) by extensions ['cmake', 'python']
[0.954s] Level 1:colcon.colcon_core.package_identification:_identify(src) by extension 'cmake'
[0.954s] Level 1:colcon.colcon_core.package_identification:_identify(src) by extension 'python'
[0.954s] Level 1:colcon.colcon_core.package_identification:_identify(src) by extensions ['python_setup_py']
[0.954s] Level 1:colcon.colcon_core.package_identification:_identify(src) by extension 'python_setup_py'
[0.954s] Level 1:colcon.colcon_core.package_identification:_identify(src/pr2_hospital_robot) by extensions ['ignore', 'ignore_ament_install']
[0.954s] Level 1:colcon.colcon_core.package_identification:_identify(src/pr2_hospital_robot) by extension 'ignore'
[0.955s] Level 1:colcon.colcon_core.package_identification:_identify(src/pr2_hospital_robot) by extension 'ignore_ament_install'
[0.955s] Level 1:colcon.colcon_core.package_identification:_identify(src/pr2_hospital_robot) by extensions ['colcon_pkg']
[0.955s] Level 1:colcon.colcon_core.package_identification:_identify(src/pr2_hospital_robot) by extension 'colcon_pkg'
[0.955s] Level 1:colcon.colcon_core.package_identification:_identify(src/pr2_hospital_robot) by extensions ['colcon_meta']
[0.955s] Level 1:colcon.colcon_core.package_identification:_identify(src/pr2_hospital_robot) by extension 'colcon_meta'
[0.955s] Level 1:colcon.colcon_core.package_identification:_identify(src/pr2_hospital_robot) by extensions ['ros']
[0.955s] Level 1:colcon.colcon_core.package_identification:_identify(src/pr2_hospital_robot) by extension 'ros'
[0.956s] DEBUG:colcon.colcon_core.package_identification:Package 'src/pr2_hospital_robot' with type 'ros.catkin' and name 'pr2_hospital_robot'
[0.956s] Level 1:colcon.colcon_core.package_discovery:discover_packages(recursive) using defaults
[0.956s] Level 1:colcon.colcon_core.package_discovery:discover_packages(ignore) discover
[0.956s] Level 1:colcon.colcon_core.package_discovery:discover_packages(ignore) using defaults
[0.956s] Level 1:colcon.colcon_core.package_discovery:discover_packages(path) discover
[0.956s] Level 1:colcon.colcon_core.package_discovery:discover_packages(path) using defaults
[1.039s] Level 1:colcon.colcon_core.package_discovery:discover_packages(prefix_path) check parameters
[1.040s] Level 1:colcon.colcon_core.package_discovery:discover_packages(prefix_path) discover
[1.069s] DEBUG:colcon.colcon_installed_package_information.package_discovery:Found 1 installed packages in /home/eamon/aws-robomaker-sample-application-pr2-hospital/robot_ws/install
[1.083s] DEBUG:colcon.colcon_installed_package_information.package_discovery:Found 2 installed packages in /home/eamon/aws-robomaker-sample-application-pr2-hospital/simulation_ws/install
[1.097s] Level 1:colcon.colcon_core.package_discovery:discover_packages(prefix_path) using defaults
[1.127s] Level 5:colcon.colcon_core.verb:set package 'pr2_hospital_robot' build argument 'cmake_args' from command line to 'None'
[1.127s] Level 5:colcon.colcon_core.verb:set package 'pr2_hospital_robot' build argument 'cmake_target' from command line to 'None'
[1.127s] Level 5:colcon.colcon_core.verb:set package 'pr2_hospital_robot' build argument 'cmake_target_skip_unavailable' from command line to 'False'
[1.127s] Level 5:colcon.colcon_core.verb:set package 'pr2_hospital_robot' build argument 'cmake_clean_cache' from command line to 'False'
[1.127s] Level 5:colcon.colcon_core.verb:set package 'pr2_hospital_robot' build argument 'cmake_clean_first' from command line to 'False'
[1.127s] Level 5:colcon.colcon_core.verb:set package 'pr2_hospital_robot' build argument 'cmake_force_configure' from command line to 'False'
[1.127s] Level 5:colcon.colcon_core.verb:set package 'pr2_hospital_robot' build argument 'ament_cmake_args' from command line to 'None'
[1.127s] Level 5:colcon.colcon_core.verb:set package 'pr2_hospital_robot' build argument 'catkin_cmake_args' from command line to 'None'
[1.127s] Level 5:colcon.colcon_core.verb:set package 'pr2_hospital_robot' build argument 'catkin_skip_building_tests' from command line to 'False'
[1.127s] DEBUG:colcon.colcon_core.verb:Building package 'pr2_hospital_robot' with the following arguments: {'ament_cmake_args': None, 'build_base': '/home/eamon/aws-robomaker-sample-application-pr2-hospital/robot_ws/build/pr2_hospital_robot', 'catkin_cmake_args': None, 'catkin_skip_building_tests': False, 'cmake_args': None, 'cmake_clean_cache': False, 'cmake_clean_first': False, 'cmake_force_configure': False, 'cmake_target': None, 'cmake_target_skip_unavailable': False, 'install_base': '/home/eamon/aws-robomaker-sample-application-pr2-hospital/robot_ws/install/pr2_hospital_robot', 'merge_install': False, 'path': '/home/eamon/aws-robomaker-sample-application-pr2-hospital/robot_ws/src/pr2_hospital_robot', 'symlink_install': False, 'test_result_base': None}
[1.141s] INFO:colcon.colcon_core.executor:Executing jobs using 'parallel' executor
[1.155s] DEBUG:colcon.colcon_parallel_executor.executor.parallel:run_until_complete
[1.156s] INFO:colcon.colcon_ros.task.catkin.build:Building ROS package in '/home/eamon/aws-robomaker-sample-application-pr2-hospital/robot_ws/src/pr2_hospital_robot' with build type 'catkin'
[1.156s] INFO:colcon.colcon_cmake.task.cmake.build:Building CMake package in '/home/eamon/aws-robomaker-sample-application-pr2-hospital/robot_ws/src/pr2_hospital_robot'
[1.172s] INFO:colcon.colcon_core.plugin_system:Skipping extension 'colcon_core.shell.bat': Not used on non-Windows systems
[1.172s] INFO:colcon.colcon_core.shell:Skip shell extension 'powershell' for command environment: Not usable outside of PowerShell
[1.172s] DEBUG:colcon.colcon_core.shell:Skip shell extension 'dsv' for command environment
[1.233s] DEBUG:colcon.colcon_core.shell:Ignoring prefix path '/opt/ros/noetic'
[1.242s] DEBUG:colcon.colcon_core.event_handler.log_command:Invoking command in '/home/eamon/aws-robomaker-sample-application-pr2-hospital/robot_ws/build/pr2_hospital_robot': /usr/bin/cmake --build /home/eamon/aws-robomaker-sample-application-pr2-hospital/robot_ws/build/pr2_hospital_robot -- -j6 -l6
[1.270s] DEBUG:colcon.colcon_core.event_handler.log_command:Invoked command in '/home/eamon/aws-robomaker-sample-application-pr2-hospital/robot_ws/build/pr2_hospital_robot' returned '0': /usr/bin/cmake --build /home/eamon/aws-robomaker-sample-application-pr2-hospital/robot_ws/build/pr2_hospital_robot -- -j6 -l6
[1.288s] DEBUG:colcon.colcon_core.event_handler.log_command:Invoking command in '/home/eamon/aws-robomaker-sample-application-pr2-hospital/robot_ws/build/pr2_hospital_robot': /usr/bin/cmake --build /home/eamon/aws-robomaker-sample-application-pr2-hospital/robot_ws/build/pr2_hospital_robot --target tests -- -j6 -l6
[1.328s] DEBUG:colcon.colcon_core.event_handler.log_command:Invoked command in '/home/eamon/aws-robomaker-sample-application-pr2-hospital/robot_ws/build/pr2_hospital_robot' returned '0': /usr/bin/cmake --build /home/eamon/aws-robomaker-sample-application-pr2-hospital/robot_ws/build/pr2_hospital_robot --target tests -- -j6 -l6
[1.350s] DEBUG:colcon.colcon_core.event_handler.log_command:Invoking command in '/home/eamon/aws-robomaker-sample-application-pr2-hospital/robot_ws/build/pr2_hospital_robot': /usr/bin/cmake --install /home/eamon/aws-robomaker-sample-application-pr2-hospital/robot_ws/build/pr2_hospital_robot
[1.356s] DEBUG:colcon.colcon_core.event_handler.log_command:Invoked command in '/home/eamon/aws-robomaker-sample-application-pr2-hospital/robot_ws/build/pr2_hospital_robot' returned '0': /usr/bin/cmake --install /home/eamon/aws-robomaker-sample-application-pr2-hospital/robot_ws/build/pr2_hospital_robot
[1.370s] Level 1:colcon.colcon_core.shell:create_environment_hook('pr2_hospital_robot', 'ros_package_path')
[1.386s] INFO:colcon.colcon_core.shell:Creating environment hook '/home/eamon/aws-robomaker-sample-application-pr2-hospital/robot_ws/install/pr2_hospital_robot/share/pr2_hospital_robot/hook/ros_package_path.ps1'
[1.387s] INFO:colcon.colcon_core.shell:Creating environment descriptor '/home/eamon/aws-robomaker-sample-application-pr2-hospital/robot_ws/install/pr2_hospital_robot/share/pr2_hospital_robot/hook/ros_package_path.dsv'
[1.387s] INFO:colcon.colcon_core.shell:Creating environment hook '/home/eamon/aws-robomaker-sample-application-pr2-hospital/robot_ws/install/pr2_hospital_robot/share/pr2_hospital_robot/hook/ros_package_path.sh'
[1.388s] Level 1:colcon.colcon_ros.task.catkin:checking '/home/eamon/aws-robomaker-sample-application-pr2-hospital/robot_ws/install/pr2_hospital_robot/lib/python3/dist-packages'
[1.388s] Level 1:colcon.colcon_core.shell:create_environment_hook('pr2_hospital_robot', 'pkg_config_path')
[1.403s] INFO:colcon.colcon_core.shell:Creating environment hook '/home/eamon/aws-robomaker-sample-application-pr2-hospital/robot_ws/install/pr2_hospital_robot/share/pr2_hospital_robot/hook/pkg_config_path.ps1'
[1.404s] INFO:colcon.colcon_core.shell:Creating environment descriptor '/home/eamon/aws-robomaker-sample-application-pr2-hospital/robot_ws/install/pr2_hospital_robot/share/pr2_hospital_robot/hook/pkg_config_path.dsv'
[1.404s] INFO:colcon.colcon_core.shell:Creating environment hook '/home/eamon/aws-robomaker-sample-application-pr2-hospital/robot_ws/install/pr2_hospital_robot/share/pr2_hospital_robot/hook/pkg_config_path.sh'
[1.406s] Level 1:colcon.colcon_core.shell:create_environment_hook('pr2_hospital_robot', 'pkg_config_path_multiarch')
[1.422s] INFO:colcon.colcon_core.shell:Creating environment hook '/home/eamon/aws-robomaker-sample-application-pr2-hospital/robot_ws/install/pr2_hospital_robot/share/pr2_hospital_robot/hook/pkg_config_path_multiarch.ps1'
[1.423s] INFO:colcon.colcon_core.shell:Creating environment descriptor '/home/eamon/aws-robomaker-sample-application-pr2-hospital/robot_ws/install/pr2_hospital_robot/share/pr2_hospital_robot/hook/pkg_config_path_multiarch.dsv'
[1.423s] INFO:colcon.colcon_core.shell:Creating environment hook '/home/eamon/aws-robomaker-sample-application-pr2-hospital/robot_ws/install/pr2_hospital_robot/share/pr2_hospital_robot/hook/pkg_config_path_multiarch.sh'
[1.439s] Level 1:colcon.colcon_core.environment:create_environment_scripts_only(pr2_hospital_robot)
[1.457s] Level 1:colcon.colcon_core.environment:checking '/home/eamon/aws-robomaker-sample-application-pr2-hospital/robot_ws/install/pr2_hospital_robot' for CMake module files
[1.457s] Level 1:colcon.colcon_core.environment:checking '/home/eamon/aws-robomaker-sample-application-pr2-hospital/robot_ws/install/pr2_hospital_robot' for CMake config files
[1.457s] Level 1:colcon.colcon_core.shell:create_environment_hook('pr2_hospital_robot', 'cmake_prefix_path')
[1.473s] INFO:colcon.colcon_core.shell:Creating environment hook '/home/eamon/aws-robomaker-sample-application-pr2-hospital/robot_ws/install/pr2_hospital_robot/share/pr2_hospital_robot/hook/cmake_prefix_path.ps1'
[1.473s] INFO:colcon.colcon_core.shell:Creating environment descriptor '/home/eamon/aws-robomaker-sample-application-pr2-hospital/robot_ws/install/pr2_hospital_robot/share/pr2_hospital_robot/hook/cmake_prefix_path.dsv'
[1.473s] INFO:colcon.colcon_core.shell:Creating environment hook '/home/eamon/aws-robomaker-sample-application-pr2-hospital/robot_ws/install/pr2_hospital_robot/share/pr2_hospital_robot/hook/cmake_prefix_path.sh'
[1.474s] Level 1:colcon.colcon_core.environment:checking '/home/eamon/aws-robomaker-sample-application-pr2-hospital/robot_ws/install/pr2_hospital_robot/lib'
[1.474s] Level 1:colcon.colcon_core.environment:checking '/home/eamon/aws-robomaker-sample-application-pr2-hospital/robot_ws/install/pr2_hospital_robot/bin'
[1.474s] Level 1:colcon.colcon_core.environment:checking '/home/eamon/aws-robomaker-sample-application-pr2-hospital/robot_ws/install/pr2_hospital_robot/lib/pkgconfig/pr2_hospital_robot.pc'
[1.474s] Level 1:colcon.colcon_core.shell:create_environment_hook('pr2_hospital_robot', 'pkg_config')
[1.499s] INFO:colcon.colcon_core.shell:Creating environment hook '/home/eamon/aws-robomaker-sample-application-pr2-hospital/robot_ws/install/pr2_hospital_robot/share/pr2_hospital_robot/hook/pkg_config.ps1'
[1.499s] INFO:colcon.colcon_core.shell:Creating environment descriptor '/home/eamon/aws-robomaker-sample-application-pr2-hospital/robot_ws/install/pr2_hospital_robot/share/pr2_hospital_robot/hook/pkg_config.dsv'
[1.500s] INFO:colcon.colcon_core.shell:Creating environment hook '/home/eamon/aws-robomaker-sample-application-pr2-hospital/robot_ws/install/pr2_hospital_robot/share/pr2_hospital_robot/hook/pkg_config.sh'
[1.501s] Level 1:colcon.colcon_core.environment:checking '/home/eamon/aws-robomaker-sample-application-pr2-hospital/robot_ws/install/pr2_hospital_robot/lib/python3.8/site-packages'
[1.501s] Level 1:colcon.colcon_core.environment:checking '/home/eamon/aws-robomaker-sample-application-pr2-hospital/robot_ws/install/pr2_hospital_robot/bin'
[1.516s] INFO:colcon.colcon_core.shell:Creating package script '/home/eamon/aws-robomaker-sample-application-pr2-hospital/robot_ws/install/pr2_hospital_robot/share/pr2_hospital_robot/package.ps1'
[1.517s] INFO:colcon.colcon_core.shell:Creating package descriptor '/home/eamon/aws-robomaker-sample-application-pr2-hospital/robot_ws/install/pr2_hospital_robot/share/pr2_hospital_robot/package.dsv'
[1.517s] INFO:colcon.colcon_core.shell:Creating package script '/home/eamon/aws-robomaker-sample-application-pr2-hospital/robot_ws/install/pr2_hospital_robot/share/pr2_hospital_robot/package.sh'
[1.518s] INFO:colcon.colcon_core.shell:Creating package script '/home/eamon/aws-robomaker-sample-application-pr2-hospital/robot_ws/install/pr2_hospital_robot/share/pr2_hospital_robot/package.bash'
[1.518s] INFO:colcon.colcon_core.shell:Creating package script '/home/eamon/aws-robomaker-sample-application-pr2-hospital/robot_ws/install/pr2_hospital_robot/share/pr2_hospital_robot/package.zsh'
[1.519s] Level 1:colcon.colcon_core.environment:create_file_with_runtime_dependencies(/home/eamon/aws-robomaker-sample-application-pr2-hospital/robot_ws/install/pr2_hospital_robot/share/colcon-core/packages/pr2_hospital_robot)
[1.519s] DEBUG:colcon.colcon_parallel_executor.executor.parallel:closing loop
[1.519s] DEBUG:colcon.colcon_parallel_executor.executor.parallel:loop closed
[1.519s] DEBUG:colcon.colcon_parallel_executor.executor.parallel:run_until_complete finished with '0'
[1.519s] DEBUG:colcon.colcon_core.event_reactor:joining thread
[1.539s] INFO:colcon.colcon_core.plugin_system:Skipping extension 'colcon_notification.desktop_notification.terminal_notifier': Not used on non-Darwin systems
[1.539s] INFO:colcon.colcon_core.plugin_system:Skipping extension 'colcon_notification.desktop_notification.win32': Not used on non-Windows systems
[1.539s] INFO:colcon.colcon_notification.desktop_notification:Sending desktop notification using 'notify2'
[1.555s] DEBUG:colcon.colcon_core.event_reactor:joined thread
[1.573s] INFO:colcon.colcon_core.shell:Creating prefix script '/home/eamon/aws-robomaker-sample-application-pr2-hospital/robot_ws/install/local_setup.ps1'
[1.574s] INFO:colcon.colcon_core.shell:Creating prefix util module '/home/eamon/aws-robomaker-sample-application-pr2-hospital/robot_ws/install/_local_setup_util_ps1.py'
[1.575s] INFO:colcon.colcon_core.shell:Creating prefix chain script '/home/eamon/aws-robomaker-sample-application-pr2-hospital/robot_ws/install/setup.ps1'
[1.593s] INFO:colcon.colcon_core.shell:Creating prefix script '/home/eamon/aws-robomaker-sample-application-pr2-hospital/robot_ws/install/local_setup.sh'
[1.593s] INFO:colcon.colcon_core.shell:Creating prefix util module '/home/eamon/aws-robomaker-sample-application-pr2-hospital/robot_ws/install/_local_setup_util_sh.py'
[1.594s] INFO:colcon.colcon_core.shell:Creating prefix chain script '/home/eamon/aws-robomaker-sample-application-pr2-hospital/robot_ws/install/setup.sh'
[1.610s] INFO:colcon.colcon_core.shell:Creating prefix script '/home/eamon/aws-robomaker-sample-application-pr2-hospital/robot_ws/install/local_setup.bash'
[1.611s] INFO:colcon.colcon_core.shell:Creating prefix chain script '/home/eamon/aws-robomaker-sample-application-pr2-hospital/robot_ws/install/setup.bash'
[1.628s] INFO:colcon.colcon_core.shell:Creating prefix script '/home/eamon/aws-robomaker-sample-application-pr2-hospital/robot_ws/install/local_setup.zsh'
[1.628s] INFO:colcon.colcon_core.shell:Creating prefix chain script '/home/eamon/aws-robomaker-sample-application-pr2-hospital/robot_ws/install/setup.zsh'
