-- The C compiler identification is GNU 9.4.0
-- The CXX compiler identification is GNU 9.4.0
-- Check for working C compiler: /usr/bin/cc
-- Check for working C compiler: /usr/bin/cc -- works
-- Detecting C compiler ABI info
-- Detecting C compiler ABI info - done
-- Detecting C compile features
-- Detecting C compile features - done
-- Check for working CXX compiler: /usr/bin/c++
-- Check for working CXX compiler: /usr/bin/c++ -- works
-- Detecting CXX compiler ABI info
-- Detecting CXX compiler ABI info - done
-- Detecting CXX compile features
-- Detecting CXX compile features - done
-- Using CATKIN_DEVEL_PREFIX: /home/eamon/aws-robomaker-sample-application-pr2-hospital/robot_ws/build/pr2_hospital_robot/devel
-- Using CMAKE_PREFIX_PATH: /opt/ros/noetic
-- This workspace overlays: /opt/ros/noetic
-- Found PythonInterp: /usr/bin/python3 (found suitable version "3.8.10", minimum required is "3") 
-- Using PYTHON_EXECUTABLE: /usr/bin/python3
-- Using Debian Python package layout
-- Found PY_em: /usr/lib/python3/dist-packages/em.py  
-- Using empy: /usr/lib/python3/dist-packages/em.py
-- Using CATKIN_ENABLE_TESTING: ON
-- Call enable_testing()
-- Using CATKIN_TEST_RESULTS_DIR: /home/eamon/aws-robomaker-sample-application-pr2-hospital/robot_ws/build/pr2_hospital_robot/test_results
-- Forcing gtest/gmock from source, though one was otherwise available.
-- Found gtest sources under '/usr/src/googletest': gtests will be built
-- Found gmock sources under '/usr/src/googletest': gmock will be built
-- Found PythonInterp: /usr/bin/python3 (found version "3.8.10") 
-- Found Threads: TRUE  
-- Using Python nosetests: /usr/bin/nosetests3
-- catkin 0.8.10
-- BUILD_SHARED_LIBS is on
-- Configuring done
-- Generating done
-- Build files have been written to: /home/eamon/aws-robomaker-sample-application-pr2-hospital/robot_ws/build/pr2_hospital_robot
[35m[1mScanning dependencies of target tests[0m
Built target tests
-- Install configuration: ""
-- Installing: /home/eamon/aws-robomaker-sample-application-pr2-hospital/robot_ws/install/pr2_hospital_robot/lib/pkgconfig/pr2_hospital_robot.pc
-- Installing: /home/eamon/aws-robomaker-sample-application-pr2-hospital/robot_ws/install/pr2_hospital_robot/share/pr2_hospital_robot/cmake/pr2_hospital_robotConfig.cmake
-- Installing: /home/eamon/aws-robomaker-sample-application-pr2-hospital/robot_ws/install/pr2_hospital_robot/share/pr2_hospital_robot/cmake/pr2_hospital_robotConfig-version.cmake
-- Installing: /home/eamon/aws-robomaker-sample-application-pr2-hospital/robot_ws/install/pr2_hospital_robot/share/pr2_hospital_robot/package.xml
-- Installing: /home/eamon/aws-robomaker-sample-application-pr2-hospital/robot_ws/install/pr2_hospital_robot/share/pr2_hospital_robot/launch
-- Installing: /home/eamon/aws-robomaker-sample-application-pr2-hospital/robot_ws/install/pr2_hospital_robot/share/pr2_hospital_robot/launch/move_base.launch
-- Installing: /home/eamon/aws-robomaker-sample-application-pr2-hospital/robot_ws/install/pr2_hospital_robot/share/pr2_hospital_robot/launch/pr2_2dnav.launch
-- Installing: /home/eamon/aws-robomaker-sample-application-pr2-hospital/robot_ws/install/pr2_hospital_robot/share/pr2_hospital_robot/config
-- Installing: /home/eamon/aws-robomaker-sample-application-pr2-hospital/robot_ws/install/pr2_hospital_robot/share/pr2_hospital_robot/config/costmap_common_params.yaml
