[0.052s] Invoking command in '/home/eamon/aws-robomaker-sample-application-pr2-hospital/robot_ws/build/pr2_hospital_robot': /usr/bin/cmake /home/eamon/aws-robomaker-sample-application-pr2-hospital/robot_ws/src/pr2_hospital_robot -DCATKIN_INSTALL_INTO_PREFIX_ROOT=0 -DCMAKE_INSTALL_PREFIX=/home/eamon/aws-robomaker-sample-application-pr2-hospital/robot_ws/install/pr2_hospital_robot
[0.279s] -- The C compiler identification is GNU 9.4.0
[0.401s] -- The CXX compiler identification is GNU 9.4.0
[0.409s] -- Check for working C compiler: /usr/bin/cc
[0.458s] -- Check for working C compiler: /usr/bin/cc -- works
[0.460s] -- Detecting C compiler ABI info
[0.504s] -- Detecting C compiler ABI info - done
[0.512s] -- Detecting C compile features
[0.513s] -- Detecting C compile features - done
[0.517s] -- Check for working CXX compiler: /usr/bin/c++
[0.566s] -- Check for working CXX compiler: /usr/bin/c++ -- works
[0.566s] -- Detecting CXX compiler ABI info
[0.616s] -- Detecting CXX compiler ABI info - done
[0.625s] -- Detecting CXX compile features
[0.625s] -- Detecting CXX compile features - done
[0.627s] -- Using CATKIN_DEVEL_PREFIX: /home/eamon/aws-robomaker-sample-application-pr2-hospital/robot_ws/build/pr2_hospital_robot/devel
[0.627s] -- Using CMAKE_PREFIX_PATH: /opt/ros/noetic
[0.627s] -- This workspace overlays: /opt/ros/noetic
[0.645s] -- Found PythonInterp: /usr/bin/python3 (found suitable version "3.8.10", minimum required is "3") 
[0.645s] -- Using PYTHON_EXECUTABLE: /usr/bin/python3
[0.645s] -- Using Debian Python package layout
[0.663s] -- Found PY_em: /usr/lib/python3/dist-packages/em.py  
[0.663s] -- Using empy: /usr/lib/python3/dist-packages/em.py
[0.745s] -- Using CATKIN_ENABLE_TESTING: ON
[0.745s] -- Call enable_testing()
[0.748s] -- Using CATKIN_TEST_RESULTS_DIR: /home/eamon/aws-robomaker-sample-application-pr2-hospital/robot_ws/build/pr2_hospital_robot/test_results
[0.967s] -- Forcing gtest/gmock from source, though one was otherwise available.
[0.967s] -- Found gtest sources under '/usr/src/googletest': gtests will be built
[0.967s] -- Found gmock sources under '/usr/src/googletest': gmock will be built
[0.984s] -- Found PythonInterp: /usr/bin/python3 (found version "3.8.10") 
[0.985s] -- Found Threads: TRUE  
[0.989s] -- Using Python nosetests: /usr/bin/nosetests3
[1.021s] -- catkin 0.8.10
[1.021s] -- BUILD_SHARED_LIBS is on
[1.195s] -- Configuring done
[1.203s] -- Generating done
[1.204s] -- Build files have been written to: /home/eamon/aws-robomaker-sample-application-pr2-hospital/robot_ws/build/pr2_hospital_robot
[1.211s] Invoked command in '/home/eamon/aws-robomaker-sample-application-pr2-hospital/robot_ws/build/pr2_hospital_robot' returned '0': /usr/bin/cmake /home/eamon/aws-robomaker-sample-application-pr2-hospital/robot_ws/src/pr2_hospital_robot -DCATKIN_INSTALL_INTO_PREFIX_ROOT=0 -DCMAKE_INSTALL_PREFIX=/home/eamon/aws-robomaker-sample-application-pr2-hospital/robot_ws/install/pr2_hospital_robot
[1.212s] Invoking command in '/home/eamon/aws-robomaker-sample-application-pr2-hospital/robot_ws/build/pr2_hospital_robot': /usr/bin/cmake --build /home/eamon/aws-robomaker-sample-application-pr2-hospital/robot_ws/build/pr2_hospital_robot -- -j6 -l6
[1.233s] Invoked command in '/home/eamon/aws-robomaker-sample-application-pr2-hospital/robot_ws/build/pr2_hospital_robot' returned '0': /usr/bin/cmake --build /home/eamon/aws-robomaker-sample-application-pr2-hospital/robot_ws/build/pr2_hospital_robot -- -j6 -l6
[1.249s] Invoking command in '/home/eamon/aws-robomaker-sample-application-pr2-hospital/robot_ws/build/pr2_hospital_robot': /usr/bin/cmake --build /home/eamon/aws-robomaker-sample-application-pr2-hospital/robot_ws/build/pr2_hospital_robot --target tests -- -j6 -l6
[1.276s] [35m[1mScanning dependencies of target tests[0m
[1.281s] Built target tests
[1.288s] Invoked command in '/home/eamon/aws-robomaker-sample-application-pr2-hospital/robot_ws/build/pr2_hospital_robot' returned '0': /usr/bin/cmake --build /home/eamon/aws-robomaker-sample-application-pr2-hospital/robot_ws/build/pr2_hospital_robot --target tests -- -j6 -l6
[1.309s] Invoking command in '/home/eamon/aws-robomaker-sample-application-pr2-hospital/robot_ws/build/pr2_hospital_robot': /usr/bin/cmake --install /home/eamon/aws-robomaker-sample-application-pr2-hospital/robot_ws/build/pr2_hospital_robot
[1.312s] -- Install configuration: ""
[1.313s] -- Installing: /home/eamon/aws-robomaker-sample-application-pr2-hospital/robot_ws/install/pr2_hospital_robot/lib/pkgconfig/pr2_hospital_robot.pc
[1.313s] -- Installing: /home/eamon/aws-robomaker-sample-application-pr2-hospital/robot_ws/install/pr2_hospital_robot/share/pr2_hospital_robot/cmake/pr2_hospital_robotConfig.cmake
[1.313s] -- Installing: /home/eamon/aws-robomaker-sample-application-pr2-hospital/robot_ws/install/pr2_hospital_robot/share/pr2_hospital_robot/cmake/pr2_hospital_robotConfig-version.cmake
[1.313s] -- Installing: /home/eamon/aws-robomaker-sample-application-pr2-hospital/robot_ws/install/pr2_hospital_robot/share/pr2_hospital_robot/package.xml
[1.313s] -- Installing: /home/eamon/aws-robomaker-sample-application-pr2-hospital/robot_ws/install/pr2_hospital_robot/share/pr2_hospital_robot/launch
[1.313s] -- Installing: /home/eamon/aws-robomaker-sample-application-pr2-hospital/robot_ws/install/pr2_hospital_robot/share/pr2_hospital_robot/launch/move_base.launch
[1.313s] -- Installing: /home/eamon/aws-robomaker-sample-application-pr2-hospital/robot_ws/install/pr2_hospital_robot/share/pr2_hospital_robot/launch/pr2_2dnav.launch
[1.313s] -- Installing: /home/eamon/aws-robomaker-sample-application-pr2-hospital/robot_ws/install/pr2_hospital_robot/share/pr2_hospital_robot/config
[1.313s] -- Installing: /home/eamon/aws-robomaker-sample-application-pr2-hospital/robot_ws/install/pr2_hospital_robot/share/pr2_hospital_robot/config/costmap_common_params.yaml
[1.316s] Invoked command in '/home/eamon/aws-robomaker-sample-application-pr2-hospital/robot_ws/build/pr2_hospital_robot' returned '0': /usr/bin/cmake --install /home/eamon/aws-robomaker-sample-application-pr2-hospital/robot_ws/build/pr2_hospital_robot
