[0.176s] Invoking command in '/home/eamon/aws-robomaker-sample-application-pr2-hospital/simulation_ws/build/aws_robomaker_hospital_world': /usr/bin/cmake --build /home/eamon/aws-robomaker-sample-application-pr2-hospital/simulation_ws/build/aws_robomaker_hospital_world -- -j6 -l6
[0.227s] Invoked command in '/home/eamon/aws-robomaker-sample-application-pr2-hospital/simulation_ws/build/aws_robomaker_hospital_world' returned '0': /usr/bin/cmake --build /home/eamon/aws-robomaker-sample-application-pr2-hospital/simulation_ws/build/aws_robomaker_hospital_world -- -j6 -l6
[0.284s] Invoking command in '/home/eamon/aws-robomaker-sample-application-pr2-hospital/simulation_ws/build/aws_robomaker_hospital_world': /usr/bin/cmake --build /home/eamon/aws-robomaker-sample-application-pr2-hospital/simulation_ws/build/aws_robomaker_hospital_world --target tests -- -j6 -l6
[0.325s] Built target tests
[0.331s] Invoked command in '/home/eamon/aws-robomaker-sample-application-pr2-hospital/simulation_ws/build/aws_robomaker_hospital_world' returned '0': /usr/bin/cmake --build /home/eamon/aws-robomaker-sample-application-pr2-hospital/simulation_ws/build/aws_robomaker_hospital_world --target tests -- -j6 -l6
[0.386s] Invoking command in '/home/eamon/aws-robomaker-sample-application-pr2-hospital/simulation_ws/build/aws_robomaker_hospital_world': /usr/bin/cmake --install /home/eamon/aws-robomaker-sample-application-pr2-hospital/simulation_ws/build/aws_robomaker_hospital_world
[0.392s] -- Install configuration: ""
[0.392s] -- Up-to-date: /home/eamon/aws-robomaker-sample-application-pr2-hospital/simulation_ws/install/aws_robomaker_hospital_world/lib/pkgconfig/aws_robomaker_hospital_world.pc
[0.393s] -- Up-to-date: /home/eamon/aws-robomaker-sample-application-pr2-hospital/simulation_ws/install/aws_robomaker_hospital_world/share/aws_robomaker_hospital_world/cmake/aws_robomaker_hospital_worldConfig.cmake
[0.393s] -- Up-to-date: /home/eamon/aws-robomaker-sample-application-pr2-hospital/simulation_ws/install/aws_robomaker_hospital_world/share/aws_robomaker_hospital_world/cmake/aws_robomaker_hospital_worldConfig-version.cmake
[0.395s] -- Up-to-date: /home/eamon/aws-robomaker-sample-application-pr2-hospital/simulation_ws/install/aws_robomaker_hospital_world/share/aws_robomaker_hospital_world/package.xml
[0.395s] -- Up-to-date: /home/eamon/aws-robomaker-sample-application-pr2-hospital/simulation_ws/install/aws_robomaker_hospital_world/share/aws_robomaker_hospital_world/launch
[0.395s] -- Up-to-date: /home/eamon/aws-robomaker-sample-application-pr2-hospital/simulation_ws/install/aws_robomaker_hospital_world/share/aws_robomaker_hospital_world/launch/hospital.launch
[0.395s] -- Up-to-date: /home/eamon/aws-robomaker-sample-application-pr2-hospital/simulation_ws/install/aws_robomaker_hospital_world/share/aws_robomaker_hospital_world/launch/view_hospital.launch
[0.395s] -- Up-to-date: /home/eamon/aws-robomaker-sample-application-pr2-hospital/simulation_ws/install/aws_robomaker_hospital_world/share/aws_robomaker_hospital_world/models
[0.395s] -- Up-to-date: /home/eamon/aws-robomaker-sample-application-pr2-hospital/simulation_ws/install/aws_robomaker_hospital_world/share/aws_robomaker_hospital_world/models/aws_robomaker_residential_PortraitA_02
[0.395s] -- Up-to-date: /home/eamon/aws-robomaker-sample-application-pr2-hospital/simulation_ws/install/aws_robomaker_hospital_world/share/aws_robomaker_hospital_world/models/aws_robomaker_residential_PortraitA_02/meshes
[0.395s] -- Up-to-date: /home/eamon/aws-robomaker-sample-application-pr2-hospital/simulation_ws/install/aws_robomaker_hospital_world/share/aws_robomaker_hospital_world/models/aws_robomaker_residential_PortraitA_02/meshes/aws_PortraitA_01_collision.DAE
[0.395s] -- Up-to-date: /home/eamon/aws-robomaker-sample-application-pr2-hospital/simulation_ws/install/aws_robomaker_hospital_world/share/aws_robomaker_hospital_world/models/aws_robomaker_residential_PortraitA_02/meshes/aws_PortraitA_01_visual.DAE
[0.395s] -- Up-to-date: /home/eamon/aws-robomaker-sample-application-pr2-hospital/simulation_ws/install/aws_robomaker_hospital_world/share/aws_robomaker_hospital_world/models/aws_robomaker_residential_PortraitA_02/materials
[0.395s] -- Up-to-date: /home/eamon/aws-robomaker-sample-application-pr2-hospital/simulation_ws/install/aws_robomaker_hospital_world/share/aws_robomaker_hospital_world/models/aws_robomaker_residential_PortraitA_02/materials/textures
[0.396s] -- Up-to-date: /home/eamon/aws-robomaker-sample-application-pr2-hospital/simulation_ws/install/aws_robomaker_hospital_world/share/aws_robomaker_hospital_world/models/aws_robomaker_residential_PortraitA_02/materials/textures/aws_PortraitA_01.png
[0.396s] -- Up-to-date: /home/eamon/aws-robomaker-sample-application-pr2-hospital/simulation_ws/install/aws_robomaker_hospital_world/share/aws_robomaker_hospital_world/models/aws_robomaker_residential_PortraitA_02/materials/textures/aws_PortraitA_02.png
[0.396s] -- Up-to-date: /home/eamon/aws-robomaker-sample-application-pr2-hospital/simulation_ws/install/aws_robomaker_hospital_world/share/aws_robomaker_hospital_world/models/aws_robomaker_residential_PortraitA_02/model.sdf
[0.396s] -- Up-to-date: /home/eamon/aws-robomaker-sample-application-pr2-hospital/simulation_ws/install/aws_robomaker_hospital_world/share/aws_robomaker_hospital_world/models/aws_robomaker_residential_PortraitA_02/model.config
[0.396s] -- Up-to-date: /home/eamon/aws-robomaker-sample-application-pr2-hospital/simulation_ws/install/aws_robomaker_hospital_world/share/aws_robomaker_hospital_world/models/aws_robomaker_hospital_hospitalsign_01
[0.396s] -- Up-to-date: /home/eamon/aws-robomaker-sample-application-pr2-hospital/simulation_ws/install/aws_robomaker_hospital_world/share/aws_robomaker_hospital_world/models/aws_robomaker_hospital_hospitalsign_01/meshes
[0.396s] -- Up-to-date: /home/eamon/aws-robomaker-sample-application-pr2-hospital/simulation_ws/install/aws_robomaker_hospital_world/share/aws_robomaker_hospital_world/models/aws_robomaker_hospital_hospitalsign_01/meshes/aws_robomaker_hospital_hospitalsign_01.png
[0.396s] -- Up-to-date: /home/eamon/aws-robomaker-sample-application-pr2-hospital/simulation_ws/install/aws_robomaker_hospital_world/share/aws_robomaker_hospital_world/models/aws_robomaker_hospital_hospitalsign_01/meshes/aws_robomaker_hospital_hospitalsign_01_normal.png
[0.396s] -- Up-to-date: /home/eamon/aws-robomaker-sample-application-pr2-hospital/simulation_ws/install/aws_robomaker_hospital_world/share/aws_robomaker_hospital_world/models/aws_robomaker_hospital_hospitalsign_01/meshes/aws_robomaker_hospital_hospitalsign_01_visual.dae
[0.397s] -- Up-to-date: /home/eamon/aws-robomaker-sample-application-pr2-hospital/simulation_ws/install/aws_robomaker_hospital_world/share/aws_robomaker_hospital_world/models/aws_robomaker_hospital_hospitalsign_01/meshes/aws_robomaker_hospital_hospitalsign_01_collision.dae
[0.397s] -- Up-to-date: /home/eamon/aws-robomaker-sample-application-pr2-hospital/simulation_ws/install/aws_robomaker_hospital_world/share/aws_robomaker_hospital_world/models/aws_robomaker_hospital_hospitalsign_01/model.sdf
[0.397s] -- Up-to-date: /home/eamon/aws-robomaker-sample-application-pr2-hospital/simulation_ws/install/aws_robomaker_hospital_world/share/aws_robomaker_hospital_world/models/aws_robomaker_hospital_hospitalsign_01/model.config
[0.397s] -- Up-to-date: /home/eamon/aws-robomaker-sample-application-pr2-hospital/simulation_ws/install/aws_robomaker_hospital_world/share/aws_robomaker_hospital_world/models/aws_robomaker_hospital_curtain_closed_01
[0.397s] -- Up-to-date: /home/eamon/aws-robomaker-sample-application-pr2-hospital/simulation_ws/install/aws_robomaker_hospital_world/share/aws_robomaker_hospital_world/models/aws_robomaker_hospital_curtain_closed_01/meshes
[0.397s] -- Up-to-date: /home/eamon/aws-robomaker-sample-application-pr2-hospital/simulation_ws/install/aws_robomaker_hospital_world/share/aws_robomaker_hospital_world/models/aws_robomaker_hospital_curtain_closed_01/meshes/aws_robomaker_hospital_curtain_closed_01_visual.dae
[0.397s] -- Up-to-date: /home/eamon/aws-robomaker-sample-application-pr2-hospital/simulation_ws/install/aws_robomaker_hospital_world/share/aws_robomaker_hospital_world/models/aws_robomaker_hospital_curtain_closed_01/meshes/aws_robomaker_hospital_curtain_closed_01_visual.png
[0.398s] -- Up-to-date: /home/eamon/aws-robomaker-sample-application-pr2-hospital/simulation_ws/install/aws_robomaker_hospital_world/share/aws_robomaker_hospital_world/models/aws_robomaker_hospital_curtain_closed_01/meshes/aws_robomaker_hospital_curtain_closed_01_visual_normal.png
[0.398s] -- Up-to-date: /home/eamon/aws-robomaker-sample-application-pr2-hospital/simulation_ws/install/aws_robomaker_hospital_world/share/aws_robomaker_hospital_world/models/aws_robomaker_hospital_curtain_closed_01/meshes/aws_robomaker_hospital_curtainrail_01_visual_normal.png
[0.398s] -- Up-to-date: /home/eamon/aws-robomaker-sample-application-pr2-hospital/simulation_ws/install/aws_robomaker_hospital_world/share/aws_robomaker_hospital_world/models/aws_robomaker_hospital_curtain_closed_01/meshes/aws_robomaker_hospital_curtain_closed_01_low_normal.png
[0.398s] -- Up-to-date: /home/eamon/aws-robomaker-sample-application-pr2-hospital/simulation_ws/install/aws_robomaker_hospital_world/share/aws_robomaker_hospital_world/models/aws_robomaker_hospital_curtain_closed_01/meshes/aws_robomaker_hospital_curtainrail_01_visual.png
[0.398s] -- Up-to-date: /home/eamon/aws-robomaker-sample-application-pr2-hospital/simulation_ws/install/aws_robomaker_hospital_world/share/aws_robomaker_hospital_world/models/aws_robomaker_hospital_curtain_closed_01/meshes/aws_robomaker_hospital_curtain_closed_01_low.png
[0.398s] -- Up-to-date: /home/eamon/aws-robomaker-sample-application-pr2-hospital/simulation_ws/install/aws_robomaker_hospital_world/share/aws_robomaker_hospital_world/models/aws_robomaker_hospital_curtain_closed_01/meshes/aws_robomaker_hospital_curtainrail_01_low.png
[0.398s] -- Up-to-date: /home/eamon/aws-robomaker-sample-application-pr2-hospital/simulation_ws/install/aws_robomaker_hospital_world/share/aws_robomaker_hospital_world/models/aws_robomaker_hospital_curtain_closed_01/meshes/aws_robomaker_hospital_curtainrail_01_low_normal.png
[0.398s] -- Up-to-date: /home/eamon/aws-robomaker-sample-application-pr2-hospital/simulation_ws/install/aws_robomaker_hospital_world/share/aws_robomaker_hospital_world/models/aws_robomaker_hospital_curtain_closed_01/meshes/aws_robomaker_hospital_curtain_closed_01_collision.dae
[0.399s] -- Up-to-date: /home/eamon/aws-robomaker-sample-application-pr2-hospital/simulation_ws/install/aws_robomaker_hospital_world/share/aws_robomaker_hospital_world/models/aws_robomaker_hospital_curtain_closed_01/model.sdf
[0.399s] -- Up-to-date: /home/eamon/aws-robomaker-sample-application-pr2-hospital/simulation_ws/install/aws_robomaker_hospital_world/share/aws_robomaker_hospital_world/models/aws_robomaker_hospital_curtain_closed_01/model.config
[0.399s] -- Up-to-date: /home/eamon/aws-robomaker-sample-application-pr2-hospital/simulation_ws/install/aws_robomaker_hospital_world/share/aws_robomaker_hospital_world/models/aws_robomaker_hospital_curtain_open_01
[0.399s] -- Up-to-date: /home/eamon/aws-robomaker-sample-application-pr2-hospital/simulation_ws/install/aws_robomaker_hospital_world/share/aws_robomaker_hospital_world/models/aws_robomaker_hospital_curtain_open_01/meshes
[0.399s] -- Up-to-date: /home/eamon/aws-robomaker-sample-application-pr2-hospital/simulation_ws/install/aws_robomaker_hospital_world/share/aws_robomaker_hospital_world/models/aws_robomaker_hospital_curtain_open_01/meshes/aws_robomaker_hospital_curtainrail_01_visual_normal.png
[0.399s] -- Up-to-date: /home/eamon/aws-robomaker-sample-application-pr2-hospital/simulation_ws/install/aws_robomaker_hospital_world/share/aws_robomaker_hospital_world/models/aws_robomaker_hospital_curtain_open_01/meshes/aws_robomaker_hospital_curtain_open_01_low_normal.png
[0.399s] -- Up-to-date: /home/eamon/aws-robomaker-sample-application-pr2-hospital/simulation_ws/install/aws_robomaker_hospital_world/share/aws_robomaker_hospital_world/models/aws_robomaker_hospital_curtain_open_01/meshes/aws_robomaker_hospital_curtain_open_01_visual_normal.png
[0.399s] -- Up-to-date: /home/eamon/aws-robomaker-sample-application-pr2-hospital/simulation_ws/install/aws_robomaker_hospital_world/share/aws_robomaker_hospital_world/models/aws_robomaker_hospital_curtain_open_01/meshes/aws_robomaker_hospital_curtain_open_01_visual.png
[0.399s] -- Up-to-date: /home/eamon/aws-robomaker-sample-application-pr2-hospital/simulation_ws/install/aws_robomaker_hospital_world/share/aws_robomaker_hospital_world/models/aws_robomaker_hospital_curtain_open_01/meshes/aws_robomaker_hospital_curtainrail_01_visual.png
[0.399s] -- Up-to-date: /home/eamon/aws-robomaker-sample-application-pr2-hospital/simulation_ws/install/aws_robomaker_hospital_world/share/aws_robomaker_hospital_world/models/aws_robomaker_hospital_curtain_open_01/meshes/aws_robomaker_hospital_curtain_open_01_collision.dae
[0.399s] -- Up-to-date: /home/eamon/aws-robomaker-sample-application-pr2-hospital/simulation_ws/install/aws_robomaker_hospital_world/share/aws_robomaker_hospital_world/models/aws_robomaker_hospital_curtain_open_01/meshes/aws_robomaker_hospital_curtainrail_01_low.png
[0.399s] -- Up-to-date: /home/eamon/aws-robomaker-sample-application-pr2-hospital/simulation_ws/install/aws_robomaker_hospital_world/share/aws_robomaker_hospital_world/models/aws_robomaker_hospital_curtain_open_01/meshes/aws_robomaker_hospital_curtain_open_01_visual.dae
[0.399s] -- Up-to-date: /home/eamon/aws-robomaker-sample-application-pr2-hospital/simulation_ws/install/aws_robomaker_hospital_world/share/aws_robomaker_hospital_world/models/aws_robomaker_hospital_curtain_open_01/meshes/aws_robomaker_hospital_curtainrail_01_low_normal.png
[0.400s] -- Up-to-date: /home/eamon/aws-robomaker-sample-application-pr2-hospital/simulation_ws/install/aws_robomaker_hospital_world/share/aws_robomaker_hospital_world/models/aws_robomaker_hospital_curtain_open_01/meshes/aws_robomaker_hospital_curtain_open_01_low.png
[0.400s] -- Up-to-date: /home/eamon/aws-robomaker-sample-application-pr2-hospital/simulation_ws/install/aws_robomaker_hospital_world/share/aws_robomaker_hospital_world/models/aws_robomaker_hospital_curtain_open_01/model.sdf
[0.400s] -- Up-to-date: /home/eamon/aws-robomaker-sample-application-pr2-hospital/simulation_ws/install/aws_robomaker_hospital_world/share/aws_robomaker_hospital_world/models/aws_robomaker_hospital_curtain_open_01/model.config
[0.400s] -- Up-to-date: /home/eamon/aws-robomaker-sample-application-pr2-hospital/simulation_ws/install/aws_robomaker_hospital_world/share/aws_robomaker_hospital_world/models/aws_robomaker_hospital_floor_01_floor
[0.400s] -- Up-to-date: /home/eamon/aws-robomaker-sample-application-pr2-hospital/simulation_ws/install/aws_robomaker_hospital_world/share/aws_robomaker_hospital_world/models/aws_robomaker_hospital_floor_01_floor/meshes
[0.400s] -- Up-to-date: /home/eamon/aws-robomaker-sample-application-pr2-hospital/simulation_ws/install/aws_robomaker_hospital_world/share/aws_robomaker_hospital_world/models/aws_robomaker_hospital_floor_01_floor/meshes/aws_robomaker_hospital_floor_01_floor_normal.png
[0.401s] -- Up-to-date: /home/eamon/aws-robomaker-sample-application-pr2-hospital/simulation_ws/install/aws_robomaker_hospital_world/share/aws_robomaker_hospital_world/models/aws_robomaker_hospital_floor_01_floor/meshes/aws_robomaker_hospital_floor_01_floor_visual.dae
[0.401s] -- Up-to-date: /home/eamon/aws-robomaker-sample-application-pr2-hospital/simulation_ws/install/aws_robomaker_hospital_world/share/aws_robomaker_hospital_world/models/aws_robomaker_hospital_floor_01_floor/meshes/aws_robomaker_hospital_floor_01_floor.png
[0.401s] -- Up-to-date: /home/eamon/aws-robomaker-sample-application-pr2-hospital/simulation_ws/install/aws_robomaker_hospital_world/share/aws_robomaker_hospital_world/models/aws_robomaker_hospital_floor_01_floor/meshes/aws_robomaker_hospital_floor_01_floor_collision.dae
[0.401s] -- Up-to-date: /home/eamon/aws-robomaker-sample-application-pr2-hospital/simulation_ws/install/aws_robomaker_hospital_world/share/aws_robomaker_hospital_world/models/aws_robomaker_hospital_floor_01_floor/model.sdf
[0.401s] -- Up-to-date: /home/eamon/aws-robomaker-sample-application-pr2-hospital/simulation_ws/install/aws_robomaker_hospital_world/share/aws_robomaker_hospital_world/models/aws_robomaker_hospital_floor_01_floor/model.config
[0.401s] -- Up-to-date: /home/eamon/aws-robomaker-sample-application-pr2-hospital/simulation_ws/install/aws_robomaker_hospital_world/share/aws_robomaker_hospital_world/models/aws_robomaker_residential_KitchenCabinet_01
[0.401s] -- Up-to-date: /home/eamon/aws-robomaker-sample-application-pr2-hospital/simulation_ws/install/aws_robomaker_hospital_world/share/aws_robomaker_hospital_world/models/aws_robomaker_residential_KitchenCabinet_01/meshes
[0.401s] -- Up-to-date: /home/eamon/aws-robomaker-sample-application-pr2-hospital/simulation_ws/install/aws_robomaker_hospital_world/share/aws_robomaker_hospital_world/models/aws_robomaker_residential_KitchenCabinet_01/meshes/aws_KitchenCabinet_01_visual.DAE
[0.401s] -- Up-to-date: /home/eamon/aws-robomaker-sample-application-pr2-hospital/simulation_ws/install/aws_robomaker_hospital_world/share/aws_robomaker_hospital_world/models/aws_robomaker_residential_KitchenCabinet_01/meshes/aws_KitchenCabinet_01_collision.DAE
[0.401s] -- Up-to-date: /home/eamon/aws-robomaker-sample-application-pr2-hospital/simulation_ws/install/aws_robomaker_hospital_world/share/aws_robomaker_hospital_world/models/aws_robomaker_residential_KitchenCabinet_01/materials
[0.401s] -- Up-to-date: /home/eamon/aws-robomaker-sample-application-pr2-hospital/simulation_ws/install/aws_robomaker_hospital_world/share/aws_robomaker_hospital_world/models/aws_robomaker_residential_KitchenCabinet_01/materials/textures
[0.401s] -- Up-to-date: /home/eamon/aws-robomaker-sample-application-pr2-hospital/simulation_ws/install/aws_robomaker_hospital_world/share/aws_robomaker_hospital_world/models/aws_robomaker_residential_KitchenCabinet_01/materials/textures/aws_KitchenCabinet_01.png
[0.402s] -- Up-to-date: /home/eamon/aws-robomaker-sample-application-pr2-hospital/simulation_ws/install/aws_robomaker_hospital_world/share/aws_robomaker_hospital_world/models/aws_robomaker_residential_KitchenCabinet_01/model.sdf
[0.402s] -- Up-to-date: /home/eamon/aws-robomaker-sample-application-pr2-hospital/simulation_ws/install/aws_robomaker_hospital_world/share/aws_robomaker_hospital_world/models/aws_robomaker_residential_KitchenCabinet_01/model.config
[0.402s] -- Up-to-date: /home/eamon/aws-robomaker-sample-application-pr2-hospital/simulation_ws/install/aws_robomaker_hospital_world/share/aws_robomaker_hospital_world/models/aws_robomaker_residential_Refrigerator_01
[0.402s] -- Up-to-date: /home/eamon/aws-robomaker-sample-application-pr2-hospital/simulation_ws/install/aws_robomaker_hospital_world/share/aws_robomaker_hospital_world/models/aws_robomaker_residential_Refrigerator_01/meshes
[0.402s] -- Up-to-date: /home/eamon/aws-robomaker-sample-application-pr2-hospital/simulation_ws/install/aws_robomaker_hospital_world/share/aws_robomaker_hospital_world/models/aws_robomaker_residential_Refrigerator_01/meshes/aws_Refrigerator_01_collision.DAE
[0.402s] -- Up-to-date: /home/eamon/aws-robomaker-sample-application-pr2-hospital/simulation_ws/install/aws_robomaker_hospital_world/share/aws_robomaker_hospital_world/models/aws_robomaker_residential_Refrigerator_01/meshes/aws_Refrigerator_01.DAE
[0.402s] -- Up-to-date: /home/eamon/aws-robomaker-sample-application-pr2-hospital/simulation_ws/install/aws_robomaker_hospital_world/share/aws_robomaker_hospital_world/models/aws_robomaker_residential_Refrigerator_01/meshes/aws_Refrigerator_01_visual.DAE
[0.402s] -- Up-to-date: /home/eamon/aws-robomaker-sample-application-pr2-hospital/simulation_ws/install/aws_robomaker_hospital_world/share/aws_robomaker_hospital_world/models/aws_robomaker_residential_Refrigerator_01/materials
[0.402s] -- Up-to-date: /home/eamon/aws-robomaker-sample-application-pr2-hospital/simulation_ws/install/aws_robomaker_hospital_world/share/aws_robomaker_hospital_world/models/aws_robomaker_residential_Refrigerator_01/materials/textures
[0.402s] -- Up-to-date: /home/eamon/aws-robomaker-sample-application-pr2-hospital/simulation_ws/install/aws_robomaker_hospital_world/share/aws_robomaker_hospital_world/models/aws_robomaker_residential_Refrigerator_01/materials/textures/aws_Refrigerator_02.png
[0.402s] -- Up-to-date: /home/eamon/aws-robomaker-sample-application-pr2-hospital/simulation_ws/install/aws_robomaker_hospital_world/share/aws_robomaker_hospital_world/models/aws_robomaker_residential_Refrigerator_01/materials/textures/aws_Refrigerator_01.png
[0.402s] -- Up-to-date: /home/eamon/aws-robomaker-sample-application-pr2-hospital/simulation_ws/install/aws_robomaker_hospital_world/share/aws_robomaker_hospital_world/models/aws_robomaker_residential_Refrigerator_01/model.sdf
[0.402s] -- Up-to-date: /home/eamon/aws-robomaker-sample-application-pr2-hospital/simulation_ws/install/aws_robomaker_hospital_world/share/aws_robomaker_hospital_world/models/aws_robomaker_residential_Refrigerator_01/model.config
[0.402s] -- Up-to-date: /home/eamon/aws-robomaker-sample-application-pr2-hospital/simulation_ws/install/aws_robomaker_hospital_world/share/aws_robomaker_hospital_world/models/aws_robomaker_residential_PortraitA_01
[0.402s] -- Up-to-date: /home/eamon/aws-robomaker-sample-application-pr2-hospital/simulation_ws/install/aws_robomaker_hospital_world/share/aws_robomaker_hospital_world/models/aws_robomaker_residential_PortraitA_01/meshes
[0.402s] -- Up-to-date: /home/eamon/aws-robomaker-sample-application-pr2-hospital/simulation_ws/install/aws_robomaker_hospital_world/share/aws_robomaker_hospital_world/models/aws_robomaker_residential_PortraitA_01/meshes/aws_PortraitA_01_collision.DAE
[0.402s] -- Up-to-date: /home/eamon/aws-robomaker-sample-application-pr2-hospital/simulation_ws/install/aws_robomaker_hospital_world/share/aws_robomaker_hospital_world/models/aws_robomaker_residential_PortraitA_01/meshes/aws_PortraitA_01_visual.DAE
[0.403s] -- Up-to-date: /home/eamon/aws-robomaker-sample-application-pr2-hospital/simulation_ws/install/aws_robomaker_hospital_world/share/aws_robomaker_hospital_world/models/aws_robomaker_residential_PortraitA_01/materials
[0.403s] -- Up-to-date: /home/eamon/aws-robomaker-sample-application-pr2-hospital/simulation_ws/install/aws_robomaker_hospital_world/share/aws_robomaker_hospital_world/models/aws_robomaker_residential_PortraitA_01/materials/textures
[0.403s] -- Up-to-date: /home/eamon/aws-robomaker-sample-application-pr2-hospital/simulation_ws/install/aws_robomaker_hospital_world/share/aws_robomaker_hospital_world/models/aws_robomaker_residential_PortraitA_01/materials/textures/aws_PortraitA_01.png
[0.403s] -- Up-to-date: /home/eamon/aws-robomaker-sample-application-pr2-hospital/simulation_ws/install/aws_robomaker_hospital_world/share/aws_robomaker_hospital_world/models/aws_robomaker_residential_PortraitA_01/materials/textures/aws_PortraitA_02.png
[0.403s] -- Up-to-date: /home/eamon/aws-robomaker-sample-application-pr2-hospital/simulation_ws/install/aws_robomaker_hospital_world/share/aws_robomaker_hospital_world/models/aws_robomaker_residential_PortraitA_01/model.sdf
[0.403s] -- Up-to-date: /home/eamon/aws-robomaker-sample-application-pr2-hospital/simulation_ws/install/aws_robomaker_hospital_world/share/aws_robomaker_hospital_world/models/aws_robomaker_residential_PortraitA_01/model.config
[0.403s] -- Up-to-date: /home/eamon/aws-robomaker-sample-application-pr2-hospital/simulation_ws/install/aws_robomaker_hospital_world/share/aws_robomaker_hospital_world/models/aws_robomaker_hospital_floor_01_walls
[0.403s] -- Up-to-date: /home/eamon/aws-robomaker-sample-application-pr2-hospital/simulation_ws/install/aws_robomaker_hospital_world/share/aws_robomaker_hospital_world/models/aws_robomaker_hospital_floor_01_walls/meshes
[0.403s] -- Up-to-date: /home/eamon/aws-robomaker-sample-application-pr2-hospital/simulation_ws/install/aws_robomaker_hospital_world/share/aws_robomaker_hospital_world/models/aws_robomaker_hospital_floor_01_walls/meshes/aws_robomaker_hospital_floor_01_walls.png
[0.403s] -- Up-to-date: /home/eamon/aws-robomaker-sample-application-pr2-hospital/simulation_ws/install/aws_robomaker_hospital_world/share/aws_robomaker_hospital_world/models/aws_robomaker_hospital_floor_01_walls/meshes/aws_robomaker_hospital_floor_01_stairs.png
[0.403s] -- Up-to-date: /home/eamon/aws-robomaker-sample-application-pr2-hospital/simulation_ws/install/aws_robomaker_hospital_world/share/aws_robomaker_hospital_world/models/aws_robomaker_hospital_floor_01_walls/meshes/aws_robomaker_hospital_floor_01_walls_collision.dae
[0.403s] -- Up-to-date: /home/eamon/aws-robomaker-sample-application-pr2-hospital/simulation_ws/install/aws_robomaker_hospital_world/share/aws_robomaker_hospital_world/models/aws_robomaker_hospital_floor_01_walls/meshes/aws_robomaker_hospital_floor_01_doorframes_small.png
[0.403s] -- Up-to-date: /home/eamon/aws-robomaker-sample-application-pr2-hospital/simulation_ws/install/aws_robomaker_hospital_world/share/aws_robomaker_hospital_world/models/aws_robomaker_hospital_floor_01_walls/meshes/aws_robomaker_hospital_floor_01_doorsign.png
[0.403s] -- Up-to-date: /home/eamon/aws-robomaker-sample-application-pr2-hospital/simulation_ws/install/aws_robomaker_hospital_world/share/aws_robomaker_hospital_world/models/aws_robomaker_hospital_floor_01_walls/meshes/aws_robomaker_hospital_floor_01_windows.png
[0.403s] -- Up-to-date: /home/eamon/aws-robomaker-sample-application-pr2-hospital/simulation_ws/install/aws_robomaker_hospital_world/share/aws_robomaker_hospital_world/models/aws_robomaker_hospital_floor_01_walls/meshes/aws_robomaker_hospital_floor_01_doorframes_big.png
[0.404s] -- Up-to-date: /home/eamon/aws-robomaker-sample-application-pr2-hospital/simulation_ws/install/aws_robomaker_hospital_world/share/aws_robomaker_hospital_world/models/aws_robomaker_hospital_floor_01_walls/meshes/aws_robomaker_hospital_floor_01_bumprail.png
[0.404s] -- Up-to-date: /home/eamon/aws-robomaker-sample-application-pr2-hospital/simulation_ws/install/aws_robomaker_hospital_world/share/aws_robomaker_hospital_world/models/aws_robomaker_hospital_floor_01_walls/meshes/aws_robomaker_hospital_floor_01_walls_visual.dae
[0.404s] -- Up-to-date: /home/eamon/aws-robomaker-sample-application-pr2-hospital/simulation_ws/install/aws_robomaker_hospital_world/share/aws_robomaker_hospital_world/models/aws_robomaker_hospital_floor_01_walls/meshes/aws_robomaker_hospital_floor_01_handrail.png
[0.404s] -- Up-to-date: /home/eamon/aws-robomaker-sample-application-pr2-hospital/simulation_ws/install/aws_robomaker_hospital_world/share/aws_robomaker_hospital_world/models/aws_robomaker_hospital_floor_01_walls/model.sdf
[0.404s] -- Up-to-date: /home/eamon/aws-robomaker-sample-application-pr2-hospital/simulation_ws/install/aws_robomaker_hospital_world/share/aws_robomaker_hospital_world/models/aws_robomaker_hospital_floor_01_walls/model.config
[0.404s] -- Up-to-date: /home/eamon/aws-robomaker-sample-application-pr2-hospital/simulation_ws/install/aws_robomaker_hospital_world/share/aws_robomaker_hospital_world/models/aws_robomaker_hospital_ramp_01
[0.404s] -- Up-to-date: /home/eamon/aws-robomaker-sample-application-pr2-hospital/simulation_ws/install/aws_robomaker_hospital_world/share/aws_robomaker_hospital_world/models/aws_robomaker_hospital_ramp_01/meshes
[0.404s] -- Up-to-date: /home/eamon/aws-robomaker-sample-application-pr2-hospital/simulation_ws/install/aws_robomaker_hospital_world/share/aws_robomaker_hospital_world/models/aws_robomaker_hospital_ramp_01/meshes/aws_robomaker_hospital_ramp_01_visual.dae
[0.404s] -- Up-to-date: /home/eamon/aws-robomaker-sample-application-pr2-hospital/simulation_ws/install/aws_robomaker_hospital_world/share/aws_robomaker_hospital_world/models/aws_robomaker_hospital_ramp_01/meshes/aws_robomaker_hospital_ramp_01.png
[0.404s] -- Up-to-date: /home/eamon/aws-robomaker-sample-application-pr2-hospital/simulation_ws/install/aws_robomaker_hospital_world/share/aws_robomaker_hospital_world/models/aws_robomaker_hospital_ramp_01/meshes/aws_robomaker_hospital_ramp_01_collision.dae
[0.404s] -- Up-to-date: /home/eamon/aws-robomaker-sample-application-pr2-hospital/simulation_ws/install/aws_robomaker_hospital_world/share/aws_robomaker_hospital_world/models/aws_robomaker_hospital_ramp_01/meshes/aws_robomaker_hospital_ramp_01_normal.png
[0.404s] -- Up-to-date: /home/eamon/aws-robomaker-sample-application-pr2-hospital/simulation_ws/install/aws_robomaker_hospital_world/share/aws_robomaker_hospital_world/models/aws_robomaker_hospital_ramp_01/model.sdf
[0.404s] -- Up-to-date: /home/eamon/aws-robomaker-sample-application-pr2-hospital/simulation_ws/install/aws_robomaker_hospital_world/share/aws_robomaker_hospital_world/models/aws_robomaker_hospital_ramp_01/model.config
[0.404s] -- Up-to-date: /home/eamon/aws-robomaker-sample-application-pr2-hospital/simulation_ws/install/aws_robomaker_hospital_world/share/aws_robomaker_hospital_world/models/aws_robomaker_hospital_floor_02_ceiling
[0.404s] -- Up-to-date: /home/eamon/aws-robomaker-sample-application-pr2-hospital/simulation_ws/install/aws_robomaker_hospital_world/share/aws_robomaker_hospital_world/models/aws_robomaker_hospital_floor_02_ceiling/meshes
[0.404s] -- Up-to-date: /home/eamon/aws-robomaker-sample-application-pr2-hospital/simulation_ws/install/aws_robomaker_hospital_world/share/aws_robomaker_hospital_world/models/aws_robomaker_hospital_floor_02_ceiling/meshes/aws_robomaker_hospital_floor_02_ceiling_normal.png
[0.404s] -- Up-to-date: /home/eamon/aws-robomaker-sample-application-pr2-hospital/simulation_ws/install/aws_robomaker_hospital_world/share/aws_robomaker_hospital_world/models/aws_robomaker_hospital_floor_02_ceiling/meshes/aws_robomaker_hospital_floor_02_ceiling.png
[0.405s] -- Up-to-date: /home/eamon/aws-robomaker-sample-application-pr2-hospital/simulation_ws/install/aws_robomaker_hospital_world/share/aws_robomaker_hospital_world/models/aws_robomaker_hospital_floor_02_ceiling/meshes/aws_robomaker_hospital_floor_02_ceiling_collision.dae
[0.405s] -- Up-to-date: /home/eamon/aws-robomaker-sample-application-pr2-hospital/simulation_ws/install/aws_robomaker_hospital_world/share/aws_robomaker_hospital_world/models/aws_robomaker_hospital_floor_02_ceiling/meshes/aws_robomaker_hospital_floor_02_ceiling_visual.dae
[0.405s] -- Up-to-date: /home/eamon/aws-robomaker-sample-application-pr2-hospital/simulation_ws/install/aws_robomaker_hospital_world/share/aws_robomaker_hospital_world/models/aws_robomaker_hospital_floor_02_ceiling/materials
[0.405s] -- Up-to-date: /home/eamon/aws-robomaker-sample-application-pr2-hospital/simulation_ws/install/aws_robomaker_hospital_world/share/aws_robomaker_hospital_world/models/aws_robomaker_hospital_floor_02_ceiling/materials/model.sdf
[0.405s] -- Up-to-date: /home/eamon/aws-robomaker-sample-application-pr2-hospital/simulation_ws/install/aws_robomaker_hospital_world/share/aws_robomaker_hospital_world/models/aws_robomaker_hospital_floor_02_ceiling/model.sdf
[0.405s] -- Up-to-date: /home/eamon/aws-robomaker-sample-application-pr2-hospital/simulation_ws/install/aws_robomaker_hospital_world/share/aws_robomaker_hospital_world/models/aws_robomaker_hospital_floor_02_ceiling/model.config
[0.405s] -- Up-to-date: /home/eamon/aws-robomaker-sample-application-pr2-hospital/simulation_ws/install/aws_robomaker_hospital_world/share/aws_robomaker_hospital_world/models/aws_robomaker_hospital_curtain_half_open_01
[0.405s] -- Up-to-date: /home/eamon/aws-robomaker-sample-application-pr2-hospital/simulation_ws/install/aws_robomaker_hospital_world/share/aws_robomaker_hospital_world/models/aws_robomaker_hospital_curtain_half_open_01/meshes
[0.406s] -- Up-to-date: /home/eamon/aws-robomaker-sample-application-pr2-hospital/simulation_ws/install/aws_robomaker_hospital_world/share/aws_robomaker_hospital_world/models/aws_robomaker_hospital_curtain_half_open_01/meshes/aws_robomaker_hospital_curtainrail_01_visual_normal.png
[0.406s] -- Up-to-date: /home/eamon/aws-robomaker-sample-application-pr2-hospital/simulation_ws/install/aws_robomaker_hospital_world/share/aws_robomaker_hospital_world/models/aws_robomaker_hospital_curtain_half_open_01/meshes/aws_robomaker_hospital_curtain_half_open_01_low.png
[0.406s] -- Up-to-date: /home/eamon/aws-robomaker-sample-application-pr2-hospital/simulation_ws/install/aws_robomaker_hospital_world/share/aws_robomaker_hospital_world/models/aws_robomaker_hospital_curtain_half_open_01/meshes/aws_robomaker_hospital_curtain_half_open_01_visual.png
[0.406s] -- Up-to-date: /home/eamon/aws-robomaker-sample-application-pr2-hospital/simulation_ws/install/aws_robomaker_hospital_world/share/aws_robomaker_hospital_world/models/aws_robomaker_hospital_curtain_half_open_01/meshes/aws_robomaker_hospital_curtain_half_open_01_collision.dae
[0.408s] -- Up-to-date: /home/eamon/aws-robomaker-sample-application-pr2-hospital/simulation_ws/install/aws_robomaker_hospital_world/share/aws_robomaker_hospital_world/models/aws_robomaker_hospital_curtain_half_open_01/meshes/aws_robomaker_hospital_curtainrail_01_visual.png
[0.408s] -- Up-to-date: /home/eamon/aws-robomaker-sample-application-pr2-hospital/simulation_ws/install/aws_robomaker_hospital_world/share/aws_robomaker_hospital_world/models/aws_robomaker_hospital_curtain_half_open_01/meshes/aws_robomaker_hospital_curtain_half_open_01_visual_normal.png
[0.408s] -- Up-to-date: /home/eamon/aws-robomaker-sample-application-pr2-hospital/simulation_ws/install/aws_robomaker_hospital_world/share/aws_robomaker_hospital_world/models/aws_robomaker_hospital_curtain_half_open_01/meshes/aws_robomaker_hospital_curtainrail_01_low.png
[0.408s] -- Up-to-date: /home/eamon/aws-robomaker-sample-application-pr2-hospital/simulation_ws/install/aws_robomaker_hospital_world/share/aws_robomaker_hospital_world/models/aws_robomaker_hospital_curtain_half_open_01/meshes/aws_robomaker_hospital_curtain_half_open_01_visual.dae
[0.408s] -- Up-to-date: /home/eamon/aws-robomaker-sample-application-pr2-hospital/simulation_ws/install/aws_robomaker_hospital_world/share/aws_robomaker_hospital_world/models/aws_robomaker_hospital_curtain_half_open_01/meshes/aws_robomaker_hospital_curtain_half_open_01_low_normal.png
[0.408s] -- Up-to-date: /home/eamon/aws-robomaker-sample-application-pr2-hospital/simulation_ws/install/aws_robomaker_hospital_world/share/aws_robomaker_hospital_world/models/aws_robomaker_hospital_curtain_half_open_01/meshes/aws_robomaker_hospital_curtainrail_01_low_normal.png
[0.408s] -- Up-to-date: /home/eamon/aws-robomaker-sample-application-pr2-hospital/simulation_ws/install/aws_robomaker_hospital_world/share/aws_robomaker_hospital_world/models/aws_robomaker_hospital_curtain_half_open_01/model.sdf
[0.409s] -- Up-to-date: /home/eamon/aws-robomaker-sample-application-pr2-hospital/simulation_ws/install/aws_robomaker_hospital_world/share/aws_robomaker_hospital_world/models/aws_robomaker_hospital_curtain_half_open_01/model.config
[0.409s] -- Up-to-date: /home/eamon/aws-robomaker-sample-application-pr2-hospital/simulation_ws/install/aws_robomaker_hospital_world/share/aws_robomaker_hospital_world/models/aws_robomaker_hospital_floor_02_floor
[0.409s] -- Up-to-date: /home/eamon/aws-robomaker-sample-application-pr2-hospital/simulation_ws/install/aws_robomaker_hospital_world/share/aws_robomaker_hospital_world/models/aws_robomaker_hospital_floor_02_floor/meshes
[0.409s] -- Up-to-date: /home/eamon/aws-robomaker-sample-application-pr2-hospital/simulation_ws/install/aws_robomaker_hospital_world/share/aws_robomaker_hospital_world/models/aws_robomaker_hospital_floor_02_floor/meshes/aws_robomaker_hospital_floor_02_floor_normal.png
[0.409s] -- Up-to-date: /home/eamon/aws-robomaker-sample-application-pr2-hospital/simulation_ws/install/aws_robomaker_hospital_world/share/aws_robomaker_hospital_world/models/aws_robomaker_hospital_floor_02_floor/meshes/aws_robomaker_hospital_floor_02_floor.png
[0.409s] -- Up-to-date: /home/eamon/aws-robomaker-sample-application-pr2-hospital/simulation_ws/install/aws_robomaker_hospital_world/share/aws_robomaker_hospital_world/models/aws_robomaker_hospital_floor_02_floor/meshes/aws_robomaker_hospital_floor_02_floor_collision.dae
[0.409s] -- Up-to-date: /home/eamon/aws-robomaker-sample-application-pr2-hospital/simulation_ws/install/aws_robomaker_hospital_world/share/aws_robomaker_hospital_world/models/aws_robomaker_hospital_floor_02_floor/meshes/aws_robomaker_hospital_floor_02_floor_visual.dae
[0.410s] -- Up-to-date: /home/eamon/aws-robomaker-sample-application-pr2-hospital/simulation_ws/install/aws_robomaker_hospital_world/share/aws_robomaker_hospital_world/models/aws_robomaker_hospital_floor_02_floor/model.sdf
[0.410s] -- Up-to-date: /home/eamon/aws-robomaker-sample-application-pr2-hospital/simulation_ws/install/aws_robomaker_hospital_world/share/aws_robomaker_hospital_world/models/aws_robomaker_hospital_floor_02_floor/model.config
[0.410s] -- Up-to-date: /home/eamon/aws-robomaker-sample-application-pr2-hospital/simulation_ws/install/aws_robomaker_hospital_world/share/aws_robomaker_hospital_world/models/aws_robomaker_residential_PortraitB_02
[0.410s] -- Up-to-date: /home/eamon/aws-robomaker-sample-application-pr2-hospital/simulation_ws/install/aws_robomaker_hospital_world/share/aws_robomaker_hospital_world/models/aws_robomaker_residential_PortraitB_02/meshes
[0.410s] -- Up-to-date: /home/eamon/aws-robomaker-sample-application-pr2-hospital/simulation_ws/install/aws_robomaker_hospital_world/share/aws_robomaker_hospital_world/models/aws_robomaker_residential_PortraitB_02/meshes/aws_PortraitB_01_visual.DAE
[0.410s] -- Up-to-date: /home/eamon/aws-robomaker-sample-application-pr2-hospital/simulation_ws/install/aws_robomaker_hospital_world/share/aws_robomaker_hospital_world/models/aws_robomaker_residential_PortraitB_02/meshes/aws_PortraitB_01_collision.DAE
[0.410s] -- Up-to-date: /home/eamon/aws-robomaker-sample-application-pr2-hospital/simulation_ws/install/aws_robomaker_hospital_world/share/aws_robomaker_hospital_world/models/aws_robomaker_residential_PortraitB_02/materials
[0.410s] -- Up-to-date: /home/eamon/aws-robomaker-sample-application-pr2-hospital/simulation_ws/install/aws_robomaker_hospital_world/share/aws_robomaker_hospital_world/models/aws_robomaker_residential_PortraitB_02/materials/textures
[0.410s] -- Up-to-date: /home/eamon/aws-robomaker-sample-application-pr2-hospital/simulation_ws/install/aws_robomaker_hospital_world/share/aws_robomaker_hospital_world/models/aws_robomaker_residential_PortraitB_02/materials/textures/aws_PortraitB_02.png
[0.410s] -- Up-to-date: /home/eamon/aws-robomaker-sample-application-pr2-hospital/simulation_ws/install/aws_robomaker_hospital_world/share/aws_robomaker_hospital_world/models/aws_robomaker_residential_PortraitB_02/materials/textures/aws_PortraitB_01.png
[0.410s] -- Up-to-date: /home/eamon/aws-robomaker-sample-application-pr2-hospital/simulation_ws/install/aws_robomaker_hospital_world/share/aws_robomaker_hospital_world/models/aws_robomaker_residential_PortraitB_02/model.sdf
[0.410s] -- Up-to-date: /home/eamon/aws-robomaker-sample-application-pr2-hospital/simulation_ws/install/aws_robomaker_hospital_world/share/aws_robomaker_hospital_world/models/aws_robomaker_residential_PortraitB_02/model.config
[0.410s] -- Up-to-date: /home/eamon/aws-robomaker-sample-application-pr2-hospital/simulation_ws/install/aws_robomaker_hospital_world/share/aws_robomaker_hospital_world/models/aws_robomaker_residential_PortraitE_01
[0.410s] -- Up-to-date: /home/eamon/aws-robomaker-sample-application-pr2-hospital/simulation_ws/install/aws_robomaker_hospital_world/share/aws_robomaker_hospital_world/models/aws_robomaker_residential_PortraitE_01/meshes
[0.410s] -- Up-to-date: /home/eamon/aws-robomaker-sample-application-pr2-hospital/simulation_ws/install/aws_robomaker_hospital_world/share/aws_robomaker_hospital_world/models/aws_robomaker_residential_PortraitE_01/meshes/aws_PortraitE_01_visual.DAE
[0.411s] -- Up-to-date: /home/eamon/aws-robomaker-sample-application-pr2-hospital/simulation_ws/install/aws_robomaker_hospital_world/share/aws_robomaker_hospital_world/models/aws_robomaker_residential_PortraitE_01/meshes/aws_PortraitE_01_collision.DAE
[0.411s] -- Up-to-date: /home/eamon/aws-robomaker-sample-application-pr2-hospital/simulation_ws/install/aws_robomaker_hospital_world/share/aws_robomaker_hospital_world/models/aws_robomaker_residential_PortraitE_01/materials
[0.411s] -- Up-to-date: /home/eamon/aws-robomaker-sample-application-pr2-hospital/simulation_ws/install/aws_robomaker_hospital_world/share/aws_robomaker_hospital_world/models/aws_robomaker_residential_PortraitE_01/materials/textures
[0.411s] -- Up-to-date: /home/eamon/aws-robomaker-sample-application-pr2-hospital/simulation_ws/install/aws_robomaker_hospital_world/share/aws_robomaker_hospital_world/models/aws_robomaker_residential_PortraitE_01/materials/textures/aws_PortraitE_01.png
[0.411s] -- Up-to-date: /home/eamon/aws-robomaker-sample-application-pr2-hospital/simulation_ws/install/aws_robomaker_hospital_world/share/aws_robomaker_hospital_world/models/aws_robomaker_residential_PortraitE_01/materials/textures/aws_PortraitE_02.png
[0.411s] -- Up-to-date: /home/eamon/aws-robomaker-sample-application-pr2-hospital/simulation_ws/install/aws_robomaker_hospital_world/share/aws_robomaker_hospital_world/models/aws_robomaker_residential_PortraitE_01/model.sdf
[0.411s] -- Up-to-date: /home/eamon/aws-robomaker-sample-application-pr2-hospital/simulation_ws/install/aws_robomaker_hospital_world/share/aws_robomaker_hospital_world/models/aws_robomaker_residential_PortraitE_01/model.config
[0.411s] -- Up-to-date: /home/eamon/aws-robomaker-sample-application-pr2-hospital/simulation_ws/install/aws_robomaker_hospital_world/share/aws_robomaker_hospital_world/models/aws_robomaker_residential_PortraitD_01
[0.411s] -- Up-to-date: /home/eamon/aws-robomaker-sample-application-pr2-hospital/simulation_ws/install/aws_robomaker_hospital_world/share/aws_robomaker_hospital_world/models/aws_robomaker_residential_PortraitD_01/meshes
[0.411s] -- Up-to-date: /home/eamon/aws-robomaker-sample-application-pr2-hospital/simulation_ws/install/aws_robomaker_hospital_world/share/aws_robomaker_hospital_world/models/aws_robomaker_residential_PortraitD_01/meshes/aws_PortraitD_01_visual.DAE
[0.411s] -- Up-to-date: /home/eamon/aws-robomaker-sample-application-pr2-hospital/simulation_ws/install/aws_robomaker_hospital_world/share/aws_robomaker_hospital_world/models/aws_robomaker_residential_PortraitD_01/meshes/aws_PortraitD_01_collision.DAE
[0.411s] -- Up-to-date: /home/eamon/aws-robomaker-sample-application-pr2-hospital/simulation_ws/install/aws_robomaker_hospital_world/share/aws_robomaker_hospital_world/models/aws_robomaker_residential_PortraitD_01/materials
[0.411s] -- Up-to-date: /home/eamon/aws-robomaker-sample-application-pr2-hospital/simulation_ws/install/aws_robomaker_hospital_world/share/aws_robomaker_hospital_world/models/aws_robomaker_residential_PortraitD_01/materials/textures
[0.411s] -- Up-to-date: /home/eamon/aws-robomaker-sample-application-pr2-hospital/simulation_ws/install/aws_robomaker_hospital_world/share/aws_robomaker_hospital_world/models/aws_robomaker_residential_PortraitD_01/materials/textures/aws_PortraitD_01.png
[0.411s] -- Up-to-date: /home/eamon/aws-robomaker-sample-application-pr2-hospital/simulation_ws/install/aws_robomaker_hospital_world/share/aws_robomaker_hospital_world/models/aws_robomaker_residential_PortraitD_01/materials/textures/aws_PortraitD_02.png
[0.412s] -- Up-to-date: /home/eamon/aws-robomaker-sample-application-pr2-hospital/simulation_ws/install/aws_robomaker_hospital_world/share/aws_robomaker_hospital_world/models/aws_robomaker_residential_PortraitD_01/model.sdf
[0.413s] -- Up-to-date: /home/eamon/aws-robomaker-sample-application-pr2-hospital/simulation_ws/install/aws_robomaker_hospital_world/share/aws_robomaker_hospital_world/models/aws_robomaker_residential_PortraitD_01/model.config
[0.413s] -- Up-to-date: /home/eamon/aws-robomaker-sample-application-pr2-hospital/simulation_ws/install/aws_robomaker_hospital_world/share/aws_robomaker_hospital_world/models/aws_robomaker_residential_PortraitB_03
[0.413s] -- Up-to-date: /home/eamon/aws-robomaker-sample-application-pr2-hospital/simulation_ws/install/aws_robomaker_hospital_world/share/aws_robomaker_hospital_world/models/aws_robomaker_residential_PortraitB_03/meshes
[0.413s] -- Up-to-date: /home/eamon/aws-robomaker-sample-application-pr2-hospital/simulation_ws/install/aws_robomaker_hospital_world/share/aws_robomaker_hospital_world/models/aws_robomaker_residential_PortraitB_03/meshes/aws_PortraitB_01_visual.DAE
[0.413s] -- Up-to-date: /home/eamon/aws-robomaker-sample-application-pr2-hospital/simulation_ws/install/aws_robomaker_hospital_world/share/aws_robomaker_hospital_world/models/aws_robomaker_residential_PortraitB_03/meshes/aws_PortraitB_01_collision.DAE
[0.413s] -- Up-to-date: /home/eamon/aws-robomaker-sample-application-pr2-hospital/simulation_ws/install/aws_robomaker_hospital_world/share/aws_robomaker_hospital_world/models/aws_robomaker_residential_PortraitB_03/materials
[0.413s] -- Up-to-date: /home/eamon/aws-robomaker-sample-application-pr2-hospital/simulation_ws/install/aws_robomaker_hospital_world/share/aws_robomaker_hospital_world/models/aws_robomaker_residential_PortraitB_03/materials/textures
[0.413s] -- Up-to-date: /home/eamon/aws-robomaker-sample-application-pr2-hospital/simulation_ws/install/aws_robomaker_hospital_world/share/aws_robomaker_hospital_world/models/aws_robomaker_residential_PortraitB_03/materials/textures/aws_PortraitB_02.png
[0.413s] -- Up-to-date: /home/eamon/aws-robomaker-sample-application-pr2-hospital/simulation_ws/install/aws_robomaker_hospital_world/share/aws_robomaker_hospital_world/models/aws_robomaker_residential_PortraitB_03/materials/textures/aws_PortraitB_01.png
[0.413s] -- Up-to-date: /home/eamon/aws-robomaker-sample-application-pr2-hospital/simulation_ws/install/aws_robomaker_hospital_world/share/aws_robomaker_hospital_world/models/aws_robomaker_residential_PortraitB_03/model.sdf
[0.413s] -- Up-to-date: /home/eamon/aws-robomaker-sample-application-pr2-hospital/simulation_ws/install/aws_robomaker_hospital_world/share/aws_robomaker_hospital_world/models/aws_robomaker_residential_PortraitB_03/model.config
[0.413s] -- Up-to-date: /home/eamon/aws-robomaker-sample-application-pr2-hospital/simulation_ws/install/aws_robomaker_hospital_world/share/aws_robomaker_hospital_world/models/aws_robomaker_retail_Computer_01
[0.414s] -- Up-to-date: /home/eamon/aws-robomaker-sample-application-pr2-hospital/simulation_ws/install/aws_robomaker_hospital_world/share/aws_robomaker_hospital_world/models/aws_robomaker_retail_Computer_01/meshes
[0.414s] -- Up-to-date: /home/eamon/aws-robomaker-sample-application-pr2-hospital/simulation_ws/install/aws_robomaker_hospital_world/share/aws_robomaker_hospital_world/models/aws_robomaker_retail_Computer_01/meshes/aws_Computer_01_visual.DAE
[0.414s] -- Up-to-date: /home/eamon/aws-robomaker-sample-application-pr2-hospital/simulation_ws/install/aws_robomaker_hospital_world/share/aws_robomaker_hospital_world/models/aws_robomaker_retail_Computer_01/meshes/aws_Computer_01_collision.DAE
[0.414s] -- Up-to-date: /home/eamon/aws-robomaker-sample-application-pr2-hospital/simulation_ws/install/aws_robomaker_hospital_world/share/aws_robomaker_hospital_world/models/aws_robomaker_retail_Computer_01/materials
[0.414s] -- Up-to-date: /home/eamon/aws-robomaker-sample-application-pr2-hospital/simulation_ws/install/aws_robomaker_hospital_world/share/aws_robomaker_hospital_world/models/aws_robomaker_retail_Computer_01/materials/textures
[0.414s] -- Up-to-date: /home/eamon/aws-robomaker-sample-application-pr2-hospital/simulation_ws/install/aws_robomaker_hospital_world/share/aws_robomaker_hospital_world/models/aws_robomaker_retail_Computer_01/materials/textures/aws_Computer_01.png
[0.414s] -- Up-to-date: /home/eamon/aws-robomaker-sample-application-pr2-hospital/simulation_ws/install/aws_robomaker_hospital_world/share/aws_robomaker_hospital_world/models/aws_robomaker_retail_Computer_01/model.sdf
[0.414s] -- Up-to-date: /home/eamon/aws-robomaker-sample-application-pr2-hospital/simulation_ws/install/aws_robomaker_hospital_world/share/aws_robomaker_hospital_world/models/aws_robomaker_retail_Computer_01/model.config
[0.414s] -- Up-to-date: /home/eamon/aws-robomaker-sample-application-pr2-hospital/simulation_ws/install/aws_robomaker_hospital_world/share/aws_robomaker_hospital_world/models/aws_robomaker_residential_PortraitD_02
[0.414s] -- Up-to-date: /home/eamon/aws-robomaker-sample-application-pr2-hospital/simulation_ws/install/aws_robomaker_hospital_world/share/aws_robomaker_hospital_world/models/aws_robomaker_residential_PortraitD_02/meshes
[0.414s] -- Up-to-date: /home/eamon/aws-robomaker-sample-application-pr2-hospital/simulation_ws/install/aws_robomaker_hospital_world/share/aws_robomaker_hospital_world/models/aws_robomaker_residential_PortraitD_02/meshes/aws_PortraitD_01_visual.DAE
[0.414s] -- Up-to-date: /home/eamon/aws-robomaker-sample-application-pr2-hospital/simulation_ws/install/aws_robomaker_hospital_world/share/aws_robomaker_hospital_world/models/aws_robomaker_residential_PortraitD_02/meshes/aws_PortraitD_01_collision.DAE
[0.414s] -- Up-to-date: /home/eamon/aws-robomaker-sample-application-pr2-hospital/simulation_ws/install/aws_robomaker_hospital_world/share/aws_robomaker_hospital_world/models/aws_robomaker_residential_PortraitD_02/materials
[0.414s] -- Up-to-date: /home/eamon/aws-robomaker-sample-application-pr2-hospital/simulation_ws/install/aws_robomaker_hospital_world/share/aws_robomaker_hospital_world/models/aws_robomaker_residential_PortraitD_02/materials/textures
[0.414s] -- Up-to-date: /home/eamon/aws-robomaker-sample-application-pr2-hospital/simulation_ws/install/aws_robomaker_hospital_world/share/aws_robomaker_hospital_world/models/aws_robomaker_residential_PortraitD_02/materials/textures/aws_PortraitD_01.png
[0.415s] -- Up-to-date: /home/eamon/aws-robomaker-sample-application-pr2-hospital/simulation_ws/install/aws_robomaker_hospital_world/share/aws_robomaker_hospital_world/models/aws_robomaker_residential_PortraitD_02/materials/textures/aws_PortraitD_02.png
[0.415s] -- Up-to-date: /home/eamon/aws-robomaker-sample-application-pr2-hospital/simulation_ws/install/aws_robomaker_hospital_world/share/aws_robomaker_hospital_world/models/aws_robomaker_residential_PortraitD_02/model.sdf
[0.415s] -- Up-to-date: /home/eamon/aws-robomaker-sample-application-pr2-hospital/simulation_ws/install/aws_robomaker_hospital_world/share/aws_robomaker_hospital_world/models/aws_robomaker_residential_PortraitD_02/model.config
[0.415s] -- Up-to-date: /home/eamon/aws-robomaker-sample-application-pr2-hospital/simulation_ws/install/aws_robomaker_hospital_world/share/aws_robomaker_hospital_world/models/aws_robomaker_residential_Trash_01
[0.415s] -- Up-to-date: /home/eamon/aws-robomaker-sample-application-pr2-hospital/simulation_ws/install/aws_robomaker_hospital_world/share/aws_robomaker_hospital_world/models/aws_robomaker_residential_Trash_01/meshes
[0.415s] -- Up-to-date: /home/eamon/aws-robomaker-sample-application-pr2-hospital/simulation_ws/install/aws_robomaker_hospital_world/share/aws_robomaker_hospital_world/models/aws_robomaker_residential_Trash_01/meshes/aws_Trash_01_visual.DAE
[0.415s] -- Up-to-date: /home/eamon/aws-robomaker-sample-application-pr2-hospital/simulation_ws/install/aws_robomaker_hospital_world/share/aws_robomaker_hospital_world/models/aws_robomaker_residential_Trash_01/meshes/aws_Trash_01_collision.DAE
[0.415s] -- Up-to-date: /home/eamon/aws-robomaker-sample-application-pr2-hospital/simulation_ws/install/aws_robomaker_hospital_world/share/aws_robomaker_hospital_world/models/aws_robomaker_residential_Trash_01/materials
[0.415s] -- Up-to-date: /home/eamon/aws-robomaker-sample-application-pr2-hospital/simulation_ws/install/aws_robomaker_hospital_world/share/aws_robomaker_hospital_world/models/aws_robomaker_residential_Trash_01/materials/textures
[0.415s] -- Up-to-date: /home/eamon/aws-robomaker-sample-application-pr2-hospital/simulation_ws/install/aws_robomaker_hospital_world/share/aws_robomaker_hospital_world/models/aws_robomaker_residential_Trash_01/materials/textures/aws_Trash_01.png
[0.415s] -- Up-to-date: /home/eamon/aws-robomaker-sample-application-pr2-hospital/simulation_ws/install/aws_robomaker_hospital_world/share/aws_robomaker_hospital_world/models/aws_robomaker_residential_Trash_01/model.sdf
[0.415s] -- Up-to-date: /home/eamon/aws-robomaker-sample-application-pr2-hospital/simulation_ws/install/aws_robomaker_hospital_world/share/aws_robomaker_hospital_world/models/aws_robomaker_residential_Trash_01/model.config
[0.415s] -- Up-to-date: /home/eamon/aws-robomaker-sample-application-pr2-hospital/simulation_ws/install/aws_robomaker_hospital_world/share/aws_robomaker_hospital_world/models/aws_robomaker_residential_PortraitB_01
[0.415s] -- Up-to-date: /home/eamon/aws-robomaker-sample-application-pr2-hospital/simulation_ws/install/aws_robomaker_hospital_world/share/aws_robomaker_hospital_world/models/aws_robomaker_residential_PortraitB_01/meshes
[0.415s] -- Up-to-date: /home/eamon/aws-robomaker-sample-application-pr2-hospital/simulation_ws/install/aws_robomaker_hospital_world/share/aws_robomaker_hospital_world/models/aws_robomaker_residential_PortraitB_01/meshes/aws_PortraitB_01_visual.DAE
[0.415s] -- Up-to-date: /home/eamon/aws-robomaker-sample-application-pr2-hospital/simulation_ws/install/aws_robomaker_hospital_world/share/aws_robomaker_hospital_world/models/aws_robomaker_residential_PortraitB_01/meshes/aws_PortraitB_01_collision.DAE
[0.415s] -- Up-to-date: /home/eamon/aws-robomaker-sample-application-pr2-hospital/simulation_ws/install/aws_robomaker_hospital_world/share/aws_robomaker_hospital_world/models/aws_robomaker_residential_PortraitB_01/materials
[0.415s] -- Up-to-date: /home/eamon/aws-robomaker-sample-application-pr2-hospital/simulation_ws/install/aws_robomaker_hospital_world/share/aws_robomaker_hospital_world/models/aws_robomaker_residential_PortraitB_01/materials/textures
[0.415s] -- Up-to-date: /home/eamon/aws-robomaker-sample-application-pr2-hospital/simulation_ws/install/aws_robomaker_hospital_world/share/aws_robomaker_hospital_world/models/aws_robomaker_residential_PortraitB_01/materials/textures/aws_PortraitB_02.png
[0.415s] -- Up-to-date: /home/eamon/aws-robomaker-sample-application-pr2-hospital/simulation_ws/install/aws_robomaker_hospital_world/share/aws_robomaker_hospital_world/models/aws_robomaker_residential_PortraitB_01/materials/textures/aws_PortraitB_01.png
[0.415s] -- Up-to-date: /home/eamon/aws-robomaker-sample-application-pr2-hospital/simulation_ws/install/aws_robomaker_hospital_world/share/aws_robomaker_hospital_world/models/aws_robomaker_residential_PortraitB_01/model.sdf
[0.415s] -- Up-to-date: /home/eamon/aws-robomaker-sample-application-pr2-hospital/simulation_ws/install/aws_robomaker_hospital_world/share/aws_robomaker_hospital_world/models/aws_robomaker_residential_PortraitB_01/model.config
[0.415s] -- Up-to-date: /home/eamon/aws-robomaker-sample-application-pr2-hospital/simulation_ws/install/aws_robomaker_hospital_world/share/aws_robomaker_hospital_world/models/aws_robomaker_residential_SofaB_01
[0.415s] -- Up-to-date: /home/eamon/aws-robomaker-sample-application-pr2-hospital/simulation_ws/install/aws_robomaker_hospital_world/share/aws_robomaker_hospital_world/models/aws_robomaker_residential_SofaB_01/meshes
[0.415s] -- Up-to-date: /home/eamon/aws-robomaker-sample-application-pr2-hospital/simulation_ws/install/aws_robomaker_hospital_world/share/aws_robomaker_hospital_world/models/aws_robomaker_residential_SofaB_01/meshes/aws_SofaB_01_visual.DAE
[0.415s] -- Up-to-date: /home/eamon/aws-robomaker-sample-application-pr2-hospital/simulation_ws/install/aws_robomaker_hospital_world/share/aws_robomaker_hospital_world/models/aws_robomaker_residential_SofaB_01/meshes/aws_SofaB_01_collision.DAE
[0.415s] -- Up-to-date: /home/eamon/aws-robomaker-sample-application-pr2-hospital/simulation_ws/install/aws_robomaker_hospital_world/share/aws_robomaker_hospital_world/models/aws_robomaker_residential_SofaB_01/materials
[0.415s] -- Up-to-date: /home/eamon/aws-robomaker-sample-application-pr2-hospital/simulation_ws/install/aws_robomaker_hospital_world/share/aws_robomaker_hospital_world/models/aws_robomaker_residential_SofaB_01/materials/textures
[0.415s] -- Up-to-date: /home/eamon/aws-robomaker-sample-application-pr2-hospital/simulation_ws/install/aws_robomaker_hospital_world/share/aws_robomaker_hospital_world/models/aws_robomaker_residential_SofaB_01/materials/textures/aws_SofaB_01.png
[0.416s] -- Up-to-date: /home/eamon/aws-robomaker-sample-application-pr2-hospital/simulation_ws/install/aws_robomaker_hospital_world/share/aws_robomaker_hospital_world/models/aws_robomaker_residential_SofaB_01/model.sdf
[0.416s] -- Up-to-date: /home/eamon/aws-robomaker-sample-application-pr2-hospital/simulation_ws/install/aws_robomaker_hospital_world/share/aws_robomaker_hospital_world/models/aws_robomaker_residential_SofaB_01/model.config
[0.416s] -- Up-to-date: /home/eamon/aws-robomaker-sample-application-pr2-hospital/simulation_ws/install/aws_robomaker_hospital_world/share/aws_robomaker_hospital_world/models/aws_robomaker_hospital_elevator_01_car
[0.416s] -- Up-to-date: /home/eamon/aws-robomaker-sample-application-pr2-hospital/simulation_ws/install/aws_robomaker_hospital_world/share/aws_robomaker_hospital_world/models/aws_robomaker_hospital_elevator_01_car/meshes
[0.416s] -- Up-to-date: /home/eamon/aws-robomaker-sample-application-pr2-hospital/simulation_ws/install/aws_robomaker_hospital_world/share/aws_robomaker_hospital_world/models/aws_robomaker_hospital_elevator_01_car/meshes/aws_robomaker_hospital_elevator_01_car_low.dae
[0.416s] -- Up-to-date: /home/eamon/aws-robomaker-sample-application-pr2-hospital/simulation_ws/install/aws_robomaker_hospital_world/share/aws_robomaker_hospital_world/models/aws_robomaker_hospital_elevator_01_car/meshes/aws_robomaker_hospital_elevator_01_car_collision.dae
[0.416s] -- Up-to-date: /home/eamon/aws-robomaker-sample-application-pr2-hospital/simulation_ws/install/aws_robomaker_hospital_world/share/aws_robomaker_hospital_world/models/aws_robomaker_hospital_elevator_01_car/meshes/aws_robomaker_hospital_elevator_01_visual_normal.png
[0.416s] -- Up-to-date: /home/eamon/aws-robomaker-sample-application-pr2-hospital/simulation_ws/install/aws_robomaker_hospital_world/share/aws_robomaker_hospital_world/models/aws_robomaker_hospital_elevator_01_car/meshes/aws_robomaker_hospital_elevator_01_car_visual.dae
[0.416s] -- Up-to-date: /home/eamon/aws-robomaker-sample-application-pr2-hospital/simulation_ws/install/aws_robomaker_hospital_world/share/aws_robomaker_hospital_world/models/aws_robomaker_hospital_elevator_01_car/meshes/aws_robomaker_hospital_elevator_01_low_normal.png
[0.416s] -- Up-to-date: /home/eamon/aws-robomaker-sample-application-pr2-hospital/simulation_ws/install/aws_robomaker_hospital_world/share/aws_robomaker_hospital_world/models/aws_robomaker_hospital_elevator_01_car/meshes/aws_robomaker_hospital_elevator_01_visual.png
[0.416s] -- Up-to-date: /home/eamon/aws-robomaker-sample-application-pr2-hospital/simulation_ws/install/aws_robomaker_hospital_world/share/aws_robomaker_hospital_world/models/aws_robomaker_hospital_elevator_01_car/meshes/aws_robomaker_hospital_elevator_01_low.png
[0.416s] -- Up-to-date: /home/eamon/aws-robomaker-sample-application-pr2-hospital/simulation_ws/install/aws_robomaker_hospital_world/share/aws_robomaker_hospital_world/models/aws_robomaker_hospital_elevator_01_car/model.sdf
[0.416s] -- Up-to-date: /home/eamon/aws-robomaker-sample-application-pr2-hospital/simulation_ws/install/aws_robomaker_hospital_world/share/aws_robomaker_hospital_world/models/aws_robomaker_hospital_elevator_01_car/model.config
[0.416s] -- Up-to-date: /home/eamon/aws-robomaker-sample-application-pr2-hospital/simulation_ws/install/aws_robomaker_hospital_world/share/aws_robomaker_hospital_world/models/aws_robomaker_hospital_floor_02_walls
[0.416s] -- Up-to-date: /home/eamon/aws-robomaker-sample-application-pr2-hospital/simulation_ws/install/aws_robomaker_hospital_world/share/aws_robomaker_hospital_world/models/aws_robomaker_hospital_floor_02_walls/meshes
[0.416s] -- Up-to-date: /home/eamon/aws-robomaker-sample-application-pr2-hospital/simulation_ws/install/aws_robomaker_hospital_world/share/aws_robomaker_hospital_world/models/aws_robomaker_hospital_floor_02_walls/meshes/aws_robomaker_hospital_floor_02_doorsign.png
[0.416s] -- Up-to-date: /home/eamon/aws-robomaker-sample-application-pr2-hospital/simulation_ws/install/aws_robomaker_hospital_world/share/aws_robomaker_hospital_world/models/aws_robomaker_hospital_floor_02_walls/meshes/aws_robomaker_hospital_floor_02_windows.png
[0.416s] -- Up-to-date: /home/eamon/aws-robomaker-sample-application-pr2-hospital/simulation_ws/install/aws_robomaker_hospital_world/share/aws_robomaker_hospital_world/models/aws_robomaker_hospital_floor_02_walls/meshes/aws_robomaker_hospital_floor_02_bumprail.png
[0.416s] -- Up-to-date: /home/eamon/aws-robomaker-sample-application-pr2-hospital/simulation_ws/install/aws_robomaker_hospital_world/share/aws_robomaker_hospital_world/models/aws_robomaker_hospital_floor_02_walls/meshes/aws_robomaker_hospital_floor_02_doorframes_small.png
[0.416s] -- Up-to-date: /home/eamon/aws-robomaker-sample-application-pr2-hospital/simulation_ws/install/aws_robomaker_hospital_world/share/aws_robomaker_hospital_world/models/aws_robomaker_hospital_floor_02_walls/meshes/aws_robomaker_hospital_floor_02_walls.png
[0.416s] -- Up-to-date: /home/eamon/aws-robomaker-sample-application-pr2-hospital/simulation_ws/install/aws_robomaker_hospital_world/share/aws_robomaker_hospital_world/models/aws_robomaker_hospital_floor_02_walls/meshes/aws_robomaker_hospital_floor_02_walls_visual.dae
[0.416s] -- Up-to-date: /home/eamon/aws-robomaker-sample-application-pr2-hospital/simulation_ws/install/aws_robomaker_hospital_world/share/aws_robomaker_hospital_world/models/aws_robomaker_hospital_floor_02_walls/meshes/aws_robomaker_hospital_floor_02_stairs.png
[0.416s] -- Up-to-date: /home/eamon/aws-robomaker-sample-application-pr2-hospital/simulation_ws/install/aws_robomaker_hospital_world/share/aws_robomaker_hospital_world/models/aws_robomaker_hospital_floor_02_walls/meshes/aws_robomaker_hospital_floor_02_handrail.png
[0.416s] -- Up-to-date: /home/eamon/aws-robomaker-sample-application-pr2-hospital/simulation_ws/install/aws_robomaker_hospital_world/share/aws_robomaker_hospital_world/models/aws_robomaker_hospital_floor_02_walls/meshes/aws_robomaker_hospital_floor_02_doorframes_big.png
[0.416s] -- Up-to-date: /home/eamon/aws-robomaker-sample-application-pr2-hospital/simulation_ws/install/aws_robomaker_hospital_world/share/aws_robomaker_hospital_world/models/aws_robomaker_hospital_floor_02_walls/meshes/aws_robomaker_hospital_floor_02_walls_collision.dae
[0.416s] -- Up-to-date: /home/eamon/aws-robomaker-sample-application-pr2-hospital/simulation_ws/install/aws_robomaker_hospital_world/share/aws_robomaker_hospital_world/models/aws_robomaker_hospital_floor_02_walls/model.sdf
[0.416s] -- Up-to-date: /home/eamon/aws-robomaker-sample-application-pr2-hospital/simulation_ws/install/aws_robomaker_hospital_world/share/aws_robomaker_hospital_world/models/aws_robomaker_hospital_floor_02_walls/model.config
[0.416s] -- Up-to-date: /home/eamon/aws-robomaker-sample-application-pr2-hospital/simulation_ws/install/aws_robomaker_hospital_world/share/aws_robomaker_hospital_world/models/aws_robomaker_hospital_floor_01_ceiling
[0.416s] -- Up-to-date: /home/eamon/aws-robomaker-sample-application-pr2-hospital/simulation_ws/install/aws_robomaker_hospital_world/share/aws_robomaker_hospital_world/models/aws_robomaker_hospital_floor_01_ceiling/meshes
[0.416s] -- Up-to-date: /home/eamon/aws-robomaker-sample-application-pr2-hospital/simulation_ws/install/aws_robomaker_hospital_world/share/aws_robomaker_hospital_world/models/aws_robomaker_hospital_floor_01_ceiling/meshes/aws_robomaker_hospital_floor_01_ceiling_normal.png
[0.416s] -- Up-to-date: /home/eamon/aws-robomaker-sample-application-pr2-hospital/simulation_ws/install/aws_robomaker_hospital_world/share/aws_robomaker_hospital_world/models/aws_robomaker_hospital_floor_01_ceiling/meshes/aws_robomaker_hospital_floor_01_ceiling_visual.dae
[0.416s] -- Up-to-date: /home/eamon/aws-robomaker-sample-application-pr2-hospital/simulation_ws/install/aws_robomaker_hospital_world/share/aws_robomaker_hospital_world/models/aws_robomaker_hospital_floor_01_ceiling/meshes/aws_robomaker_hospital_floor_01_ceiling.png
[0.416s] -- Up-to-date: /home/eamon/aws-robomaker-sample-application-pr2-hospital/simulation_ws/install/aws_robomaker_hospital_world/share/aws_robomaker_hospital_world/models/aws_robomaker_hospital_floor_01_ceiling/meshes/aws_robomaker_hospital_floor_01_ceiling_collision.dae
[0.416s] -- Up-to-date: /home/eamon/aws-robomaker-sample-application-pr2-hospital/simulation_ws/install/aws_robomaker_hospital_world/share/aws_robomaker_hospital_world/models/aws_robomaker_hospital_floor_01_ceiling/model.sdf
[0.416s] -- Up-to-date: /home/eamon/aws-robomaker-sample-application-pr2-hospital/simulation_ws/install/aws_robomaker_hospital_world/share/aws_robomaker_hospital_world/models/aws_robomaker_hospital_floor_01_ceiling/model.config
[0.416s] -- Up-to-date: /home/eamon/aws-robomaker-sample-application-pr2-hospital/simulation_ws/install/aws_robomaker_hospital_world/share/aws_robomaker_hospital_world/models/aws_robomaker_residential_Sofa_01
[0.416s] -- Up-to-date: /home/eamon/aws-robomaker-sample-application-pr2-hospital/simulation_ws/install/aws_robomaker_hospital_world/share/aws_robomaker_hospital_world/models/aws_robomaker_residential_Sofa_01/meshes
[0.416s] -- Up-to-date: /home/eamon/aws-robomaker-sample-application-pr2-hospital/simulation_ws/install/aws_robomaker_hospital_world/share/aws_robomaker_hospital_world/models/aws_robomaker_residential_Sofa_01/meshes/aws_Sofa_01_collision.DAE
[0.417s] -- Up-to-date: /home/eamon/aws-robomaker-sample-application-pr2-hospital/simulation_ws/install/aws_robomaker_hospital_world/share/aws_robomaker_hospital_world/models/aws_robomaker_residential_Sofa_01/meshes/aws_Sofa_01_visual.DAE
[0.417s] -- Up-to-date: /home/eamon/aws-robomaker-sample-application-pr2-hospital/simulation_ws/install/aws_robomaker_hospital_world/share/aws_robomaker_hospital_world/models/aws_robomaker_residential_Sofa_01/meshes/aws_Sofa_01.DAE
[0.417s] -- Up-to-date: /home/eamon/aws-robomaker-sample-application-pr2-hospital/simulation_ws/install/aws_robomaker_hospital_world/share/aws_robomaker_hospital_world/models/aws_robomaker_residential_Sofa_01/materials
[0.417s] -- Up-to-date: /home/eamon/aws-robomaker-sample-application-pr2-hospital/simulation_ws/install/aws_robomaker_hospital_world/share/aws_robomaker_hospital_world/models/aws_robomaker_residential_Sofa_01/materials/textures
[0.417s] -- Up-to-date: /home/eamon/aws-robomaker-sample-application-pr2-hospital/simulation_ws/install/aws_robomaker_hospital_world/share/aws_robomaker_hospital_world/models/aws_robomaker_residential_Sofa_01/materials/textures/aws_Sofa_01.png
[0.417s] -- Up-to-date: /home/eamon/aws-robomaker-sample-application-pr2-hospital/simulation_ws/install/aws_robomaker_hospital_world/share/aws_robomaker_hospital_world/models/aws_robomaker_residential_Sofa_01/model.sdf
[0.417s] -- Up-to-date: /home/eamon/aws-robomaker-sample-application-pr2-hospital/simulation_ws/install/aws_robomaker_hospital_world/share/aws_robomaker_hospital_world/models/aws_robomaker_residential_Sofa_01/model.config
[0.417s] -- Up-to-date: /home/eamon/aws-robomaker-sample-application-pr2-hospital/simulation_ws/install/aws_robomaker_hospital_world/share/aws_robomaker_hospital_world/models/aws_robomaker_residential_CoffeeTable_01
[0.417s] -- Up-to-date: /home/eamon/aws-robomaker-sample-application-pr2-hospital/simulation_ws/install/aws_robomaker_hospital_world/share/aws_robomaker_hospital_world/models/aws_robomaker_residential_CoffeeTable_01/meshes
[0.417s] -- Up-to-date: /home/eamon/aws-robomaker-sample-application-pr2-hospital/simulation_ws/install/aws_robomaker_hospital_world/share/aws_robomaker_hospital_world/models/aws_robomaker_residential_CoffeeTable_01/meshes/aws_CoffeeTable_01_visual.DAE
[0.417s] -- Up-to-date: /home/eamon/aws-robomaker-sample-application-pr2-hospital/simulation_ws/install/aws_robomaker_hospital_world/share/aws_robomaker_hospital_world/models/aws_robomaker_residential_CoffeeTable_01/meshes/aws_CoffeeTable_01_collision.DAE
[0.417s] -- Up-to-date: /home/eamon/aws-robomaker-sample-application-pr2-hospital/simulation_ws/install/aws_robomaker_hospital_world/share/aws_robomaker_hospital_world/models/aws_robomaker_residential_CoffeeTable_01/materials
[0.417s] -- Up-to-date: /home/eamon/aws-robomaker-sample-application-pr2-hospital/simulation_ws/install/aws_robomaker_hospital_world/share/aws_robomaker_hospital_world/models/aws_robomaker_residential_CoffeeTable_01/materials/textures
[0.417s] -- Up-to-date: /home/eamon/aws-robomaker-sample-application-pr2-hospital/simulation_ws/install/aws_robomaker_hospital_world/share/aws_robomaker_hospital_world/models/aws_robomaker_residential_CoffeeTable_01/materials/textures/aws_CoffeeTable_01.png
[0.417s] -- Up-to-date: /home/eamon/aws-robomaker-sample-application-pr2-hospital/simulation_ws/install/aws_robomaker_hospital_world/share/aws_robomaker_hospital_world/models/aws_robomaker_residential_CoffeeTable_01/model.sdf
[0.417s] -- Up-to-date: /home/eamon/aws-robomaker-sample-application-pr2-hospital/simulation_ws/install/aws_robomaker_hospital_world/share/aws_robomaker_hospital_world/models/aws_robomaker_residential_CoffeeTable_01/model.config
[0.417s] -- Up-to-date: /home/eamon/aws-robomaker-sample-application-pr2-hospital/simulation_ws/install/aws_robomaker_hospital_world/share/aws_robomaker_hospital_world/models/aws_robomaker_warehouse_ClutteringC_01
[0.417s] -- Up-to-date: /home/eamon/aws-robomaker-sample-application-pr2-hospital/simulation_ws/install/aws_robomaker_hospital_world/share/aws_robomaker_hospital_world/models/aws_robomaker_warehouse_ClutteringC_01/meshes
[0.417s] -- Up-to-date: /home/eamon/aws-robomaker-sample-application-pr2-hospital/simulation_ws/install/aws_robomaker_hospital_world/share/aws_robomaker_hospital_world/models/aws_robomaker_warehouse_ClutteringC_01/meshes/aws_robomaker_warehouse_ClutteringC_01_visual.DAE
[0.417s] -- Up-to-date: /home/eamon/aws-robomaker-sample-application-pr2-hospital/simulation_ws/install/aws_robomaker_hospital_world/share/aws_robomaker_hospital_world/models/aws_robomaker_warehouse_ClutteringC_01/meshes/aws_robomaker_warehouse_ClutteringC_01_collision.DAE
[0.417s] -- Up-to-date: /home/eamon/aws-robomaker-sample-application-pr2-hospital/simulation_ws/install/aws_robomaker_hospital_world/share/aws_robomaker_hospital_world/models/aws_robomaker_warehouse_ClutteringC_01/materials
[0.417s] -- Up-to-date: /home/eamon/aws-robomaker-sample-application-pr2-hospital/simulation_ws/install/aws_robomaker_hospital_world/share/aws_robomaker_hospital_world/models/aws_robomaker_warehouse_ClutteringC_01/materials/textures
[0.417s] -- Up-to-date: /home/eamon/aws-robomaker-sample-application-pr2-hospital/simulation_ws/install/aws_robomaker_hospital_world/share/aws_robomaker_hospital_world/models/aws_robomaker_warehouse_ClutteringC_01/materials/textures/aws_robomaker_warehouse_ClutteringC_02.png
[0.417s] -- Up-to-date: /home/eamon/aws-robomaker-sample-application-pr2-hospital/simulation_ws/install/aws_robomaker_hospital_world/share/aws_robomaker_hospital_world/models/aws_robomaker_warehouse_ClutteringC_01/materials/textures/aws_robomaker_warehouse_ClutteringC_01.png
[0.417s] -- Up-to-date: /home/eamon/aws-robomaker-sample-application-pr2-hospital/simulation_ws/install/aws_robomaker_hospital_world/share/aws_robomaker_hospital_world/models/aws_robomaker_warehouse_ClutteringC_01/model.sdf
[0.417s] -- Up-to-date: /home/eamon/aws-robomaker-sample-application-pr2-hospital/simulation_ws/install/aws_robomaker_hospital_world/share/aws_robomaker_hospital_world/models/aws_robomaker_warehouse_ClutteringC_01/model.config
[0.417s] -- Up-to-date: /home/eamon/aws-robomaker-sample-application-pr2-hospital/simulation_ws/install/aws_robomaker_hospital_world/share/aws_robomaker_hospital_world/models/aws_robomaker_residential_TV_02
[0.417s] -- Up-to-date: /home/eamon/aws-robomaker-sample-application-pr2-hospital/simulation_ws/install/aws_robomaker_hospital_world/share/aws_robomaker_hospital_world/models/aws_robomaker_residential_TV_02/meshes
[0.417s] -- Up-to-date: /home/eamon/aws-robomaker-sample-application-pr2-hospital/simulation_ws/install/aws_robomaker_hospital_world/share/aws_robomaker_hospital_world/models/aws_robomaker_residential_TV_02/meshes/aws_TV_01_collision.DAE
[0.418s] -- Up-to-date: /home/eamon/aws-robomaker-sample-application-pr2-hospital/simulation_ws/install/aws_robomaker_hospital_world/share/aws_robomaker_hospital_world/models/aws_robomaker_residential_TV_02/meshes/aws_TV_01_visual.DAE
[0.418s] -- Up-to-date: /home/eamon/aws-robomaker-sample-application-pr2-hospital/simulation_ws/install/aws_robomaker_hospital_world/share/aws_robomaker_hospital_world/models/aws_robomaker_residential_TV_02/materials
[0.418s] -- Up-to-date: /home/eamon/aws-robomaker-sample-application-pr2-hospital/simulation_ws/install/aws_robomaker_hospital_world/share/aws_robomaker_hospital_world/models/aws_robomaker_residential_TV_02/materials/textures
[0.418s] -- Up-to-date: /home/eamon/aws-robomaker-sample-application-pr2-hospital/simulation_ws/install/aws_robomaker_hospital_world/share/aws_robomaker_hospital_world/models/aws_robomaker_residential_TV_02/materials/textures/aws_TV_01.png
[0.418s] -- Up-to-date: /home/eamon/aws-robomaker-sample-application-pr2-hospital/simulation_ws/install/aws_robomaker_hospital_world/share/aws_robomaker_hospital_world/models/aws_robomaker_residential_TV_02/model.sdf
[0.418s] -- Up-to-date: /home/eamon/aws-robomaker-sample-application-pr2-hospital/simulation_ws/install/aws_robomaker_hospital_world/share/aws_robomaker_hospital_world/models/aws_robomaker_residential_TV_02/model.config
[0.418s] -- Up-to-date: /home/eamon/aws-robomaker-sample-application-pr2-hospital/simulation_ws/install/aws_robomaker_hospital_world/share/aws_robomaker_hospital_world/models/aws_robomaker_residential_PortraitC_01
[0.418s] -- Up-to-date: /home/eamon/aws-robomaker-sample-application-pr2-hospital/simulation_ws/install/aws_robomaker_hospital_world/share/aws_robomaker_hospital_world/models/aws_robomaker_residential_PortraitC_01/meshes
[0.418s] -- Up-to-date: /home/eamon/aws-robomaker-sample-application-pr2-hospital/simulation_ws/install/aws_robomaker_hospital_world/share/aws_robomaker_hospital_world/models/aws_robomaker_residential_PortraitC_01/meshes/aws_PortraitC_01_visual.DAE
[0.418s] -- Up-to-date: /home/eamon/aws-robomaker-sample-application-pr2-hospital/simulation_ws/install/aws_robomaker_hospital_world/share/aws_robomaker_hospital_world/models/aws_robomaker_residential_PortraitC_01/meshes/aws_PortraitC_01_collision.DAE
[0.418s] -- Up-to-date: /home/eamon/aws-robomaker-sample-application-pr2-hospital/simulation_ws/install/aws_robomaker_hospital_world/share/aws_robomaker_hospital_world/models/aws_robomaker_residential_PortraitC_01/materials
[0.418s] -- Up-to-date: /home/eamon/aws-robomaker-sample-application-pr2-hospital/simulation_ws/install/aws_robomaker_hospital_world/share/aws_robomaker_hospital_world/models/aws_robomaker_residential_PortraitC_01/materials/textures
[0.418s] -- Up-to-date: /home/eamon/aws-robomaker-sample-application-pr2-hospital/simulation_ws/install/aws_robomaker_hospital_world/share/aws_robomaker_hospital_world/models/aws_robomaker_residential_PortraitC_01/materials/textures/aws_PortraitC_02.png
[0.418s] -- Up-to-date: /home/eamon/aws-robomaker-sample-application-pr2-hospital/simulation_ws/install/aws_robomaker_hospital_world/share/aws_robomaker_hospital_world/models/aws_robomaker_residential_PortraitC_01/materials/textures/aws_PortraitC_01.png
[0.418s] -- Up-to-date: /home/eamon/aws-robomaker-sample-application-pr2-hospital/simulation_ws/install/aws_robomaker_hospital_world/share/aws_robomaker_hospital_world/models/aws_robomaker_residential_PortraitC_01/model.sdf
[0.418s] -- Up-to-date: /home/eamon/aws-robomaker-sample-application-pr2-hospital/simulation_ws/install/aws_robomaker_hospital_world/share/aws_robomaker_hospital_world/models/aws_robomaker_residential_PortraitC_01/model.config
[0.418s] -- Up-to-date: /home/eamon/aws-robomaker-sample-application-pr2-hospital/simulation_ws/install/aws_robomaker_hospital_world/share/aws_robomaker_hospital_world/models/aws_robomaker_hospital_elevator_01_door
[0.418s] -- Up-to-date: /home/eamon/aws-robomaker-sample-application-pr2-hospital/simulation_ws/install/aws_robomaker_hospital_world/share/aws_robomaker_hospital_world/models/aws_robomaker_hospital_elevator_01_door/meshes
[0.418s] -- Up-to-date: /home/eamon/aws-robomaker-sample-application-pr2-hospital/simulation_ws/install/aws_robomaker_hospital_world/share/aws_robomaker_hospital_world/models/aws_robomaker_hospital_elevator_01_door/meshes/aws_robomaker_hospital_elevator_01_visual_normal.png
[0.418s] -- Up-to-date: /home/eamon/aws-robomaker-sample-application-pr2-hospital/simulation_ws/install/aws_robomaker_hospital_world/share/aws_robomaker_hospital_world/models/aws_robomaker_hospital_elevator_01_door/meshes/aws_robomaker_hospital_elevator_01_door_low.dae
[0.418s] -- Up-to-date: /home/eamon/aws-robomaker-sample-application-pr2-hospital/simulation_ws/install/aws_robomaker_hospital_world/share/aws_robomaker_hospital_world/models/aws_robomaker_hospital_elevator_01_door/meshes/aws_robomaker_hospital_elevator_01_door_visual.dae
[0.419s] -- Up-to-date: /home/eamon/aws-robomaker-sample-application-pr2-hospital/simulation_ws/install/aws_robomaker_hospital_world/share/aws_robomaker_hospital_world/models/aws_robomaker_hospital_elevator_01_door/meshes/aws_robomaker_hospital_elevator_01_low_normal.png
[0.419s] -- Up-to-date: /home/eamon/aws-robomaker-sample-application-pr2-hospital/simulation_ws/install/aws_robomaker_hospital_world/share/aws_robomaker_hospital_world/models/aws_robomaker_hospital_elevator_01_door/meshes/aws_robomaker_hospital_elevator_01_door_collision.dae
[0.419s] -- Up-to-date: /home/eamon/aws-robomaker-sample-application-pr2-hospital/simulation_ws/install/aws_robomaker_hospital_world/share/aws_robomaker_hospital_world/models/aws_robomaker_hospital_elevator_01_door/meshes/aws_robomaker_hospital_elevator_01_visual.png
[0.419s] -- Up-to-date: /home/eamon/aws-robomaker-sample-application-pr2-hospital/simulation_ws/install/aws_robomaker_hospital_world/share/aws_robomaker_hospital_world/models/aws_robomaker_hospital_elevator_01_door/meshes/aws_robomaker_hospital_elevator_01_low.png
[0.419s] -- Up-to-date: /home/eamon/aws-robomaker-sample-application-pr2-hospital/simulation_ws/install/aws_robomaker_hospital_world/share/aws_robomaker_hospital_world/models/aws_robomaker_hospital_elevator_01_door/model.sdf
[0.419s] -- Up-to-date: /home/eamon/aws-robomaker-sample-application-pr2-hospital/simulation_ws/install/aws_robomaker_hospital_world/share/aws_robomaker_hospital_world/models/aws_robomaker_hospital_elevator_01_door/model.config
[0.419s] -- Up-to-date: /home/eamon/aws-robomaker-sample-application-pr2-hospital/simulation_ws/install/aws_robomaker_hospital_world/share/aws_robomaker_hospital_world/models/aws_robomaker_hospital_nursesstation_01
[0.419s] -- Up-to-date: /home/eamon/aws-robomaker-sample-application-pr2-hospital/simulation_ws/install/aws_robomaker_hospital_world/share/aws_robomaker_hospital_world/models/aws_robomaker_hospital_nursesstation_01/meshes
[0.419s] -- Up-to-date: /home/eamon/aws-robomaker-sample-application-pr2-hospital/simulation_ws/install/aws_robomaker_hospital_world/share/aws_robomaker_hospital_world/models/aws_robomaker_hospital_nursesstation_01/meshes/aws_robomaker_hospital_nursesstation_01_visual.png
[0.419s] -- Up-to-date: /home/eamon/aws-robomaker-sample-application-pr2-hospital/simulation_ws/install/aws_robomaker_hospital_world/share/aws_robomaker_hospital_world/models/aws_robomaker_hospital_nursesstation_01/meshes/aws_robomaker_hospital_nursesstation_01_visual_normal.png
[0.419s] -- Up-to-date: /home/eamon/aws-robomaker-sample-application-pr2-hospital/simulation_ws/install/aws_robomaker_hospital_world/share/aws_robomaker_hospital_world/models/aws_robomaker_hospital_nursesstation_01/meshes/aws_robomaker_hospital_nursesstation_01_collision.dae
[0.419s] -- Up-to-date: /home/eamon/aws-robomaker-sample-application-pr2-hospital/simulation_ws/install/aws_robomaker_hospital_world/share/aws_robomaker_hospital_world/models/aws_robomaker_hospital_nursesstation_01/meshes/aws_robomaker_hospital_nursesstation_01_low.dae
[0.419s] -- Up-to-date: /home/eamon/aws-robomaker-sample-application-pr2-hospital/simulation_ws/install/aws_robomaker_hospital_world/share/aws_robomaker_hospital_world/models/aws_robomaker_hospital_nursesstation_01/meshes/aws_robomaker_hospital_nursesstation_01_low.png
[0.419s] -- Up-to-date: /home/eamon/aws-robomaker-sample-application-pr2-hospital/simulation_ws/install/aws_robomaker_hospital_world/share/aws_robomaker_hospital_world/models/aws_robomaker_hospital_nursesstation_01/meshes/aws_robomaker_hospital_nursesstation_01_visual.dae
[0.419s] -- Up-to-date: /home/eamon/aws-robomaker-sample-application-pr2-hospital/simulation_ws/install/aws_robomaker_hospital_world/share/aws_robomaker_hospital_world/models/aws_robomaker_hospital_nursesstation_01/meshes/aws_robomaker_hospital_nursesstation_01_low_normal.png
[0.420s] -- Up-to-date: /home/eamon/aws-robomaker-sample-application-pr2-hospital/simulation_ws/install/aws_robomaker_hospital_world/share/aws_robomaker_hospital_world/models/aws_robomaker_hospital_nursesstation_01/model.sdf
[0.420s] -- Up-to-date: /home/eamon/aws-robomaker-sample-application-pr2-hospital/simulation_ws/install/aws_robomaker_hospital_world/share/aws_robomaker_hospital_world/models/aws_robomaker_hospital_nursesstation_01/model.config
[0.420s] -- Up-to-date: /home/eamon/aws-robomaker-sample-application-pr2-hospital/simulation_ws/install/aws_robomaker_hospital_world/share/aws_robomaker_hospital_world/models/aws_robomaker_residential_PortraitE_02
[0.420s] -- Up-to-date: /home/eamon/aws-robomaker-sample-application-pr2-hospital/simulation_ws/install/aws_robomaker_hospital_world/share/aws_robomaker_hospital_world/models/aws_robomaker_residential_PortraitE_02/meshes
[0.420s] -- Up-to-date: /home/eamon/aws-robomaker-sample-application-pr2-hospital/simulation_ws/install/aws_robomaker_hospital_world/share/aws_robomaker_hospital_world/models/aws_robomaker_residential_PortraitE_02/meshes/aws_PortraitE_01_visual.DAE
[0.420s] -- Up-to-date: /home/eamon/aws-robomaker-sample-application-pr2-hospital/simulation_ws/install/aws_robomaker_hospital_world/share/aws_robomaker_hospital_world/models/aws_robomaker_residential_PortraitE_02/meshes/aws_PortraitE_01_collision.DAE
[0.420s] -- Up-to-date: /home/eamon/aws-robomaker-sample-application-pr2-hospital/simulation_ws/install/aws_robomaker_hospital_world/share/aws_robomaker_hospital_world/models/aws_robomaker_residential_PortraitE_02/materials
[0.420s] -- Up-to-date: /home/eamon/aws-robomaker-sample-application-pr2-hospital/simulation_ws/install/aws_robomaker_hospital_world/share/aws_robomaker_hospital_world/models/aws_robomaker_residential_PortraitE_02/materials/textures
[0.420s] -- Up-to-date: /home/eamon/aws-robomaker-sample-application-pr2-hospital/simulation_ws/install/aws_robomaker_hospital_world/share/aws_robomaker_hospital_world/models/aws_robomaker_residential_PortraitE_02/materials/textures/aws_PortraitE_01.png
[0.420s] -- Up-to-date: /home/eamon/aws-robomaker-sample-application-pr2-hospital/simulation_ws/install/aws_robomaker_hospital_world/share/aws_robomaker_hospital_world/models/aws_robomaker_residential_PortraitE_02/materials/textures/aws_PortraitE_02.png
[0.420s] -- Up-to-date: /home/eamon/aws-robomaker-sample-application-pr2-hospital/simulation_ws/install/aws_robomaker_hospital_world/share/aws_robomaker_hospital_world/models/aws_robomaker_residential_PortraitE_02/model.sdf
[0.420s] -- Up-to-date: /home/eamon/aws-robomaker-sample-application-pr2-hospital/simulation_ws/install/aws_robomaker_hospital_world/share/aws_robomaker_hospital_world/models/aws_robomaker_residential_PortraitE_02/model.config
[0.420s] -- Up-to-date: /home/eamon/aws-robomaker-sample-application-pr2-hospital/simulation_ws/install/aws_robomaker_hospital_world/share/aws_robomaker_hospital_world/models/aws_robomaker_retail_BookshelfB_01
[0.420s] -- Up-to-date: /home/eamon/aws-robomaker-sample-application-pr2-hospital/simulation_ws/install/aws_robomaker_hospital_world/share/aws_robomaker_hospital_world/models/aws_robomaker_retail_BookshelfB_01/meshes
[0.420s] -- Up-to-date: /home/eamon/aws-robomaker-sample-application-pr2-hospital/simulation_ws/install/aws_robomaker_hospital_world/share/aws_robomaker_hospital_world/models/aws_robomaker_retail_BookshelfB_01/meshes/aws_BookshelfB_01_collision.DAE
[0.420s] -- Up-to-date: /home/eamon/aws-robomaker-sample-application-pr2-hospital/simulation_ws/install/aws_robomaker_hospital_world/share/aws_robomaker_hospital_world/models/aws_robomaker_retail_BookshelfB_01/meshes/aws_BookshelfB_01_visual.DAE
[0.420s] -- Up-to-date: /home/eamon/aws-robomaker-sample-application-pr2-hospital/simulation_ws/install/aws_robomaker_hospital_world/share/aws_robomaker_hospital_world/models/aws_robomaker_retail_BookshelfB_01/materials
[0.420s] -- Up-to-date: /home/eamon/aws-robomaker-sample-application-pr2-hospital/simulation_ws/install/aws_robomaker_hospital_world/share/aws_robomaker_hospital_world/models/aws_robomaker_retail_BookshelfB_01/materials/textures
[0.421s] -- Up-to-date: /home/eamon/aws-robomaker-sample-application-pr2-hospital/simulation_ws/install/aws_robomaker_hospital_world/share/aws_robomaker_hospital_world/models/aws_robomaker_retail_BookshelfB_01/materials/textures/aws_BookshelfB_02.png
[0.421s] -- Up-to-date: /home/eamon/aws-robomaker-sample-application-pr2-hospital/simulation_ws/install/aws_robomaker_hospital_world/share/aws_robomaker_hospital_world/models/aws_robomaker_retail_BookshelfB_01/materials/textures/aws_BookshelfB_01.png
[0.421s] CMake Error at cmake_install.cmake:56 (file):
[0.421s]   file INSTALL cannot find
[0.421s]   "/home/eamon/aws-robomaker-sample-application-pr2-hospital/simulation_ws/src/deps/aws_robomaker_hospital_world/fuel_models":
[0.421s]   No such file or directory.
[0.421s] 
[0.421s] 
[0.421s] -- Up-to-date: /home/eamon/aws-robomaker-sample-application-pr2-hospital/simulation_ws/install/aws_robomaker_hospital_world/share/aws_robomaker_hospital_world/models/aws_robomaker_retail_BookshelfB_01/model.sdf
[0.421s] -- Up-to-date: /home/eamon/aws-robomaker-sample-application-pr2-hospital/simulation_ws/install/aws_robomaker_hospital_world/share/aws_robomaker_hospital_world/models/aws_robomaker_retail_BookshelfB_01/model.config
[0.421s] -- Up-to-date: /home/eamon/aws-robomaker-sample-application-pr2-hospital/simulation_ws/install/aws_robomaker_hospital_world/share/aws_robomaker_hospital_world/models/aws_robomaker_residential_Carpet_01
[0.421s] -- Up-to-date: /home/eamon/aws-robomaker-sample-application-pr2-hospital/simulation_ws/install/aws_robomaker_hospital_world/share/aws_robomaker_hospital_world/models/aws_robomaker_residential_Carpet_01/meshes
[0.421s] -- Up-to-date: /home/eamon/aws-robomaker-sample-application-pr2-hospital/simulation_ws/install/aws_robomaker_hospital_world/share/aws_robomaker_hospital_world/models/aws_robomaker_residential_Carpet_01/meshes/aws_Carpet_01_visual.DAE
[0.421s] -- Up-to-date: /home/eamon/aws-robomaker-sample-application-pr2-hospital/simulation_ws/install/aws_robomaker_hospital_world/share/aws_robomaker_hospital_world/models/aws_robomaker_residential_Carpet_01/meshes/aws_Carpet_01_collision.DAE
[0.421s] -- Up-to-date: /home/eamon/aws-robomaker-sample-application-pr2-hospital/simulation_ws/install/aws_robomaker_hospital_world/share/aws_robomaker_hospital_world/models/aws_robomaker_residential_Carpet_01/materials
[0.421s] -- Up-to-date: /home/eamon/aws-robomaker-sample-application-pr2-hospital/simulation_ws/install/aws_robomaker_hospital_world/share/aws_robomaker_hospital_world/models/aws_robomaker_residential_Carpet_01/materials/textures
[0.421s] -- Up-to-date: /home/eamon/aws-robomaker-sample-application-pr2-hospital/simulation_ws/install/aws_robomaker_hospital_world/share/aws_robomaker_hospital_world/models/aws_robomaker_residential_Carpet_01/materials/textures/aws_Carpet_01.png
[0.421s] -- Up-to-date: /home/eamon/aws-robomaker-sample-application-pr2-hospital/simulation_ws/install/aws_robomaker_hospital_world/share/aws_robomaker_hospital_world/models/aws_robomaker_residential_Carpet_01/model.sdf
[0.421s] -- Up-to-date: /home/eamon/aws-robomaker-sample-application-pr2-hospital/simulation_ws/install/aws_robomaker_hospital_world/share/aws_robomaker_hospital_world/models/aws_robomaker_residential_Carpet_01/model.config
[0.421s] -- Up-to-date: /home/eamon/aws-robomaker-sample-application-pr2-hospital/simulation_ws/install/aws_robomaker_hospital_world/share/aws_robomaker_hospital_world/models/aws_robomaker_warehouse_ClutteringA_01
[0.422s] -- Up-to-date: /home/eamon/aws-robomaker-sample-application-pr2-hospital/simulation_ws/install/aws_robomaker_hospital_world/share/aws_robomaker_hospital_world/models/aws_robomaker_warehouse_ClutteringA_01/meshes
[0.422s] -- Up-to-date: /home/eamon/aws-robomaker-sample-application-pr2-hospital/simulation_ws/install/aws_robomaker_hospital_world/share/aws_robomaker_hospital_world/models/aws_robomaker_warehouse_ClutteringA_01/meshes/aws_robomaker_warehouse_ClutteringA_01_collision.DAE
[0.422s] -- Up-to-date: /home/eamon/aws-robomaker-sample-application-pr2-hospital/simulation_ws/install/aws_robomaker_hospital_world/share/aws_robomaker_hospital_world/models/aws_robomaker_warehouse_ClutteringA_01/meshes/aws_robomaker_warehouse_ClutteringA_01_visual.DAE
[0.422s] -- Up-to-date: /home/eamon/aws-robomaker-sample-application-pr2-hospital/simulation_ws/install/aws_robomaker_hospital_world/share/aws_robomaker_hospital_world/models/aws_robomaker_warehouse_ClutteringA_01/materials
[0.422s] -- Up-to-date: /home/eamon/aws-robomaker-sample-application-pr2-hospital/simulation_ws/install/aws_robomaker_hospital_world/share/aws_robomaker_hospital_world/models/aws_robomaker_warehouse_ClutteringA_01/materials/textures
[0.422s] -- Up-to-date: /home/eamon/aws-robomaker-sample-application-pr2-hospital/simulation_ws/install/aws_robomaker_hospital_world/share/aws_robomaker_hospital_world/models/aws_robomaker_warehouse_ClutteringA_01/materials/textures/aws_robomaker_warehouse_ClutteringA_02.png
[0.422s] -- Up-to-date: /home/eamon/aws-robomaker-sample-application-pr2-hospital/simulation_ws/install/aws_robomaker_hospital_world/share/aws_robomaker_hospital_world/models/aws_robomaker_warehouse_ClutteringA_01/materials/textures/aws_robomaker_warehouse_ClutteringA_01.png
[0.422s] -- Up-to-date: /home/eamon/aws-robomaker-sample-application-pr2-hospital/simulation_ws/install/aws_robomaker_hospital_world/share/aws_robomaker_hospital_world/models/aws_robomaker_warehouse_ClutteringA_01/materials/textures/aws_robomaker_warehouse_ClutteringA_03.png
[0.422s] -- Up-to-date: /home/eamon/aws-robomaker-sample-application-pr2-hospital/simulation_ws/install/aws_robomaker_hospital_world/share/aws_robomaker_hospital_world/models/aws_robomaker_warehouse_ClutteringA_01/model.sdf
[0.422s] -- Up-to-date: /home/eamon/aws-robomaker-sample-application-pr2-hospital/simulation_ws/install/aws_robomaker_hospital_world/share/aws_robomaker_hospital_world/models/aws_robomaker_warehouse_ClutteringA_01/model.config
[0.422s] -- Up-to-date: /home/eamon/aws-robomaker-sample-application-pr2-hospital/simulation_ws/install/aws_robomaker_hospital_world/share/aws_robomaker_hospital_world/models/aws_robomaker_hospital_elevator_01_portal
[0.422s] -- Up-to-date: /home/eamon/aws-robomaker-sample-application-pr2-hospital/simulation_ws/install/aws_robomaker_hospital_world/share/aws_robomaker_hospital_world/models/aws_robomaker_hospital_elevator_01_portal/meshes
[0.422s] -- Up-to-date: /home/eamon/aws-robomaker-sample-application-pr2-hospital/simulation_ws/install/aws_robomaker_hospital_world/share/aws_robomaker_hospital_world/models/aws_robomaker_hospital_elevator_01_portal/meshes/aws_robomaker_hospital_elevator_01_visual_normal.png
[0.422s] -- Up-to-date: /home/eamon/aws-robomaker-sample-application-pr2-hospital/simulation_ws/install/aws_robomaker_hospital_world/share/aws_robomaker_hospital_world/models/aws_robomaker_hospital_elevator_01_portal/meshes/aws_robomaker_hospital_elevator_01_portal_visual.dae
[0.422s] -- Up-to-date: /home/eamon/aws-robomaker-sample-application-pr2-hospital/simulation_ws/install/aws_robomaker_hospital_world/share/aws_robomaker_hospital_world/models/aws_robomaker_hospital_elevator_01_portal/meshes/aws_robomaker_hospital_elevator_01_portal_low.dae
[0.422s] -- Up-to-date: /home/eamon/aws-robomaker-sample-application-pr2-hospital/simulation_ws/install/aws_robomaker_hospital_world/share/aws_robomaker_hospital_world/models/aws_robomaker_hospital_elevator_01_portal/meshes/aws_robomaker_hospital_elevator_01_low_normal.png
[0.422s] -- Up-to-date: /home/eamon/aws-robomaker-sample-application-pr2-hospital/simulation_ws/install/aws_robomaker_hospital_world/share/aws_robomaker_hospital_world/models/aws_robomaker_hospital_elevator_01_portal/meshes/aws_robomaker_hospital_elevator_01_portal_collision.dae
[0.422s] -- Up-to-date: /home/eamon/aws-robomaker-sample-application-pr2-hospital/simulation_ws/install/aws_robomaker_hospital_world/share/aws_robomaker_hospital_world/models/aws_robomaker_hospital_elevator_01_portal/meshes/aws_robomaker_hospital_elevator_01_visual.png
[0.422s] -- Up-to-date: /home/eamon/aws-robomaker-sample-application-pr2-hospital/simulation_ws/install/aws_robomaker_hospital_world/share/aws_robomaker_hospital_world/models/aws_robomaker_hospital_elevator_01_portal/meshes/aws_robomaker_hospital_elevator_01_low.png
[0.422s] -- Up-to-date: /home/eamon/aws-robomaker-sample-application-pr2-hospital/simulation_ws/install/aws_robomaker_hospital_world/share/aws_robomaker_hospital_world/models/aws_robomaker_hospital_elevator_01_portal/model.sdf
[0.422s] -- Up-to-date: /home/eamon/aws-robomaker-sample-application-pr2-hospital/simulation_ws/install/aws_robomaker_hospital_world/share/aws_robomaker_hospital_world/models/aws_robomaker_hospital_elevator_01_portal/model.config
[0.423s] Invoked command in '/home/eamon/aws-robomaker-sample-application-pr2-hospital/simulation_ws/build/aws_robomaker_hospital_world' returned '1': /usr/bin/cmake --install /home/eamon/aws-robomaker-sample-application-pr2-hospital/simulation_ws/build/aws_robomaker_hospital_world
