[0.949s] DEBUG:colcon:Command line arguments: ['/usr/bin/colcon', 'build']
[0.949s] DEBUG:colcon:Parsed command line arguments: Namespace(allow_overriding=[], ament_cmake_args=None, base_paths=['.'], build_base='build', catkin_cmake_args=None, catkin_skip_building_tests=False, cmake_args=None, cmake_clean_cache=False, cmake_clean_first=False, cmake_force_configure=False, cmake_target=None, cmake_target_skip_unavailable=False, continue_on_error=False, event_handlers=None, executor='parallel', ignore_user_meta=False, install_base='install', log_base=None, log_level=None, main=<bound method BuildVerb.main of <colcon_core.verb.build.BuildVerb object at 0xffff7e897a30>>, merge_install=False, metas=['./colcon.meta'], packages_above=None, packages_above_and_dependencies=None, packages_above_depth=None, packages_end=None, packages_ignore=None, packages_ignore_regex=None, packages_select=None, packages_select_build_failed=False, packages_select_by_dep=None, packages_select_regex=None, packages_select_test_failures=False, packages_skip=None, packages_skip_build_finished=False, packages_skip_by_dep=None, packages_skip_regex=None, packages_skip_test_passed=False, packages_skip_up_to=None, packages_start=None, packages_up_to=None, packages_up_to_regex=None, parallel_workers=6, paths=None, symlink_install=False, test_result_base=None, verb_extension=<colcon_core.verb.build.BuildVerb object at 0xffff7e897a30>, verb_name='build', verb_parser=<colcon_defaults.argument_parser.defaults.DefaultArgumentsDecorator object at 0xffff7e8a00d0>)
[0.994s] Level 1:colcon.colcon_core.package_discovery:discover_packages(colcon_meta) check parameters
[0.994s] Level 1:colcon.colcon_core.package_discovery:discover_packages(recursive) check parameters
[0.994s] Level 1:colcon.colcon_core.package_discovery:discover_packages(ignore) check parameters
[0.994s] Level 1:colcon.colcon_core.package_discovery:discover_packages(path) check parameters
[0.994s] Level 1:colcon.colcon_core.package_discovery:discover_packages(colcon_meta) discover
[0.994s] Level 1:colcon.colcon_core.package_discovery:discover_packages(recursive) discover
[0.994s] INFO:colcon.colcon_core.package_discovery:Crawling recursively for packages in '/home/eamon/aws-robomaker-sample-application-pr2-hospital/robot_ws'
[0.994s] Level 1:colcon.colcon_core.package_identification:_identify(.) by extensions ['ignore', 'ignore_ament_install']
[0.994s] Level 1:colcon.colcon_core.package_identification:_identify(.) by extension 'ignore'
[0.994s] Level 1:colcon.colcon_core.package_identification:_identify(.) by extension 'ignore_ament_install'
[0.994s] Level 1:colcon.colcon_core.package_identification:_identify(.) by extensions ['colcon_pkg']
[0.994s] Level 1:colcon.colcon_core.package_identification:_identify(.) by extension 'colcon_pkg'
[0.995s] Level 1:colcon.colcon_core.package_identification:_identify(.) by extensions ['colcon_meta']
[0.995s] Level 1:colcon.colcon_core.package_identification:_identify(.) by extension 'colcon_meta'
[0.995s] Level 1:colcon.colcon_core.package_identification:_identify(.) by extensions ['ros']
[0.995s] Level 1:colcon.colcon_core.package_identification:_identify(.) by extension 'ros'
[1.000s] Level 1:colcon.colcon_core.package_identification:_identify(.) by extensions ['cmake', 'python']
[1.001s] Level 1:colcon.colcon_core.package_identification:_identify(.) by extension 'cmake'
[1.001s] Level 1:colcon.colcon_core.package_identification:_identify(.) by extension 'python'
[1.001s] Level 1:colcon.colcon_core.package_identification:_identify(.) by extensions ['python_setup_py']
[1.001s] Level 1:colcon.colcon_core.package_identification:_identify(.) by extension 'python_setup_py'
[1.001s] Level 1:colcon.colcon_core.package_identification:_identify(build) by extensions ['ignore', 'ignore_ament_install']
[1.001s] Level 1:colcon.colcon_core.package_identification:_identify(build) by extension 'ignore'
[1.001s] Level 1:colcon.colcon_core.package_identification:_identify(build) ignored
[1.001s] Level 1:colcon.colcon_core.package_identification:_identify(bundle) by extensions ['ignore', 'ignore_ament_install']
[1.001s] Level 1:colcon.colcon_core.package_identification:_identify(bundle) by extension 'ignore'
[1.001s] Level 1:colcon.colcon_core.package_identification:_identify(bundle) ignored
[1.001s] Level 1:colcon.colcon_core.package_identification:_identify(install) by extensions ['ignore', 'ignore_ament_install']
[1.001s] Level 1:colcon.colcon_core.package_identification:_identify(install) by extension 'ignore'
[1.001s] Level 1:colcon.colcon_core.package_identification:_identify(install) ignored
[1.001s] Level 1:colcon.colcon_core.package_identification:_identify(log) by extensions ['ignore', 'ignore_ament_install']
[1.001s] Level 1:colcon.colcon_core.package_identification:_identify(log) by extension 'ignore'
[1.001s] Level 1:colcon.colcon_core.package_identification:_identify(log) ignored
[1.001s] Level 1:colcon.colcon_core.package_identification:_identify(src) by extensions ['ignore', 'ignore_ament_install']
[1.001s] Level 1:colcon.colcon_core.package_identification:_identify(src) by extension 'ignore'
[1.001s] Level 1:colcon.colcon_core.package_identification:_identify(src) by extension 'ignore_ament_install'
[1.001s] Level 1:colcon.colcon_core.package_identification:_identify(src) by extensions ['colcon_pkg']
[1.001s] Level 1:colcon.colcon_core.package_identification:_identify(src) by extension 'colcon_pkg'
[1.001s] Level 1:colcon.colcon_core.package_identification:_identify(src) by extensions ['colcon_meta']
[1.001s] Level 1:colcon.colcon_core.package_identification:_identify(src) by extension 'colcon_meta'
[1.001s] Level 1:colcon.colcon_core.package_identification:_identify(src) by extensions ['ros']
[1.001s] Level 1:colcon.colcon_core.package_identification:_identify(src) by extension 'ros'
[1.001s] Level 1:colcon.colcon_core.package_identification:_identify(src) by extensions ['cmake', 'python']
[1.001s] Level 1:colcon.colcon_core.package_identification:_identify(src) by extension 'cmake'
[1.001s] Level 1:colcon.colcon_core.package_identification:_identify(src) by extension 'python'
[1.001s] Level 1:colcon.colcon_core.package_identification:_identify(src) by extensions ['python_setup_py']
[1.001s] Level 1:colcon.colcon_core.package_identification:_identify(src) by extension 'python_setup_py'
[1.001s] Level 1:colcon.colcon_core.package_identification:_identify(src/pr2_hospital_robot) by extensions ['ignore', 'ignore_ament_install']
[1.001s] Level 1:colcon.colcon_core.package_identification:_identify(src/pr2_hospital_robot) by extension 'ignore'
[1.001s] Level 1:colcon.colcon_core.package_identification:_identify(src/pr2_hospital_robot) by extension 'ignore_ament_install'
[1.002s] Level 1:colcon.colcon_core.package_identification:_identify(src/pr2_hospital_robot) by extensions ['colcon_pkg']
[1.002s] Level 1:colcon.colcon_core.package_identification:_identify(src/pr2_hospital_robot) by extension 'colcon_pkg'
[1.002s] Level 1:colcon.colcon_core.package_identification:_identify(src/pr2_hospital_robot) by extensions ['colcon_meta']
[1.002s] Level 1:colcon.colcon_core.package_identification:_identify(src/pr2_hospital_robot) by extension 'colcon_meta'
[1.002s] Level 1:colcon.colcon_core.package_identification:_identify(src/pr2_hospital_robot) by extensions ['ros']
[1.002s] Level 1:colcon.colcon_core.package_identification:_identify(src/pr2_hospital_robot) by extension 'ros'
[1.003s] DEBUG:colcon.colcon_core.package_identification:Package 'src/pr2_hospital_robot' with type 'ros.catkin' and name 'pr2_hospital_robot'
[1.003s] Level 1:colcon.colcon_core.package_discovery:discover_packages(recursive) using defaults
[1.003s] Level 1:colcon.colcon_core.package_discovery:discover_packages(ignore) discover
[1.003s] Level 1:colcon.colcon_core.package_discovery:discover_packages(ignore) using defaults
[1.003s] Level 1:colcon.colcon_core.package_discovery:discover_packages(path) discover
[1.003s] Level 1:colcon.colcon_core.package_discovery:discover_packages(path) using defaults
[1.089s] Level 1:colcon.colcon_core.package_discovery:discover_packages(prefix_path) check parameters
[1.089s] Level 1:colcon.colcon_core.package_discovery:discover_packages(prefix_path) discover
[1.121s] Level 1:colcon.colcon_core.package_discovery:discover_packages(prefix_path) using defaults
[1.152s] Level 5:colcon.colcon_core.verb:set package 'pr2_hospital_robot' build argument 'cmake_args' from command line to 'None'
[1.152s] Level 5:colcon.colcon_core.verb:set package 'pr2_hospital_robot' build argument 'cmake_target' from command line to 'None'
[1.152s] Level 5:colcon.colcon_core.verb:set package 'pr2_hospital_robot' build argument 'cmake_target_skip_unavailable' from command line to 'False'
[1.152s] Level 5:colcon.colcon_core.verb:set package 'pr2_hospital_robot' build argument 'cmake_clean_cache' from command line to 'False'
[1.152s] Level 5:colcon.colcon_core.verb:set package 'pr2_hospital_robot' build argument 'cmake_clean_first' from command line to 'False'
[1.152s] Level 5:colcon.colcon_core.verb:set package 'pr2_hospital_robot' build argument 'cmake_force_configure' from command line to 'False'
[1.152s] Level 5:colcon.colcon_core.verb:set package 'pr2_hospital_robot' build argument 'ament_cmake_args' from command line to 'None'
[1.152s] Level 5:colcon.colcon_core.verb:set package 'pr2_hospital_robot' build argument 'catkin_cmake_args' from command line to 'None'
[1.152s] Level 5:colcon.colcon_core.verb:set package 'pr2_hospital_robot' build argument 'catkin_skip_building_tests' from command line to 'False'
[1.152s] DEBUG:colcon.colcon_core.verb:Building package 'pr2_hospital_robot' with the following arguments: {'ament_cmake_args': None, 'build_base': '/home/eamon/aws-robomaker-sample-application-pr2-hospital/robot_ws/build/pr2_hospital_robot', 'catkin_cmake_args': None, 'catkin_skip_building_tests': False, 'cmake_args': None, 'cmake_clean_cache': False, 'cmake_clean_first': False, 'cmake_force_configure': False, 'cmake_target': None, 'cmake_target_skip_unavailable': False, 'install_base': '/home/eamon/aws-robomaker-sample-application-pr2-hospital/robot_ws/install/pr2_hospital_robot', 'merge_install': False, 'path': '/home/eamon/aws-robomaker-sample-application-pr2-hospital/robot_ws/src/pr2_hospital_robot', 'symlink_install': False, 'test_result_base': None}
[1.167s] INFO:colcon.colcon_core.executor:Executing jobs using 'parallel' executor
[1.185s] DEBUG:colcon.colcon_parallel_executor.executor.parallel:run_until_complete
[1.185s] INFO:colcon.colcon_ros.task.catkin.build:Building ROS package in '/home/eamon/aws-robomaker-sample-application-pr2-hospital/robot_ws/src/pr2_hospital_robot' with build type 'catkin'
[1.185s] INFO:colcon.colcon_cmake.task.cmake.build:Building CMake package in '/home/eamon/aws-robomaker-sample-application-pr2-hospital/robot_ws/src/pr2_hospital_robot'
[1.208s] INFO:colcon.colcon_core.plugin_system:Skipping extension 'colcon_core.shell.bat': Not used on non-Windows systems
[1.209s] INFO:colcon.colcon_core.shell:Skip shell extension 'powershell' for command environment: Not usable outside of PowerShell
[1.209s] DEBUG:colcon.colcon_core.shell:Skip shell extension 'dsv' for command environment
[1.243s] DEBUG:colcon.colcon_core.shell:Ignoring prefix path '/opt/ros/noetic'
[1.255s] DEBUG:colcon.colcon_core.event_handler.log_command:Invoking command in '/home/eamon/aws-robomaker-sample-application-pr2-hospital/robot_ws/build/pr2_hospital_robot': /usr/bin/cmake --build /home/eamon/aws-robomaker-sample-application-pr2-hospital/robot_ws/build/pr2_hospital_robot -- -j6 -l6
[1.295s] DEBUG:colcon.colcon_core.event_handler.log_command:Invoked command in '/home/eamon/aws-robomaker-sample-application-pr2-hospital/robot_ws/build/pr2_hospital_robot' returned '0': /usr/bin/cmake --build /home/eamon/aws-robomaker-sample-application-pr2-hospital/robot_ws/build/pr2_hospital_robot -- -j6 -l6
[1.317s] DEBUG:colcon.colcon_core.event_handler.log_command:Invoking command in '/home/eamon/aws-robomaker-sample-application-pr2-hospital/robot_ws/build/pr2_hospital_robot': /usr/bin/cmake --build /home/eamon/aws-robomaker-sample-application-pr2-hospital/robot_ws/build/pr2_hospital_robot --target tests -- -j6 -l6
[1.357s] DEBUG:colcon.colcon_core.event_handler.log_command:Invoked command in '/home/eamon/aws-robomaker-sample-application-pr2-hospital/robot_ws/build/pr2_hospital_robot' returned '0': /usr/bin/cmake --build /home/eamon/aws-robomaker-sample-application-pr2-hospital/robot_ws/build/pr2_hospital_robot --target tests -- -j6 -l6
[1.381s] DEBUG:colcon.colcon_core.event_handler.log_command:Invoking command in '/home/eamon/aws-robomaker-sample-application-pr2-hospital/robot_ws/build/pr2_hospital_robot': /usr/bin/cmake --install /home/eamon/aws-robomaker-sample-application-pr2-hospital/robot_ws/build/pr2_hospital_robot
[1.390s] DEBUG:colcon.colcon_core.event_handler.log_command:Invoked command in '/home/eamon/aws-robomaker-sample-application-pr2-hospital/robot_ws/build/pr2_hospital_robot' returned '0': /usr/bin/cmake --install /home/eamon/aws-robomaker-sample-application-pr2-hospital/robot_ws/build/pr2_hospital_robot
[1.407s] Level 1:colcon.colcon_core.shell:create_environment_hook('pr2_hospital_robot', 'ros_package_path')
[1.424s] INFO:colcon.colcon_core.shell:Creating environment hook '/home/eamon/aws-robomaker-sample-application-pr2-hospital/robot_ws/install/pr2_hospital_robot/share/pr2_hospital_robot/hook/ros_package_path.ps1'
[1.425s] INFO:colcon.colcon_core.shell:Creating environment descriptor '/home/eamon/aws-robomaker-sample-application-pr2-hospital/robot_ws/install/pr2_hospital_robot/share/pr2_hospital_robot/hook/ros_package_path.dsv'
[1.425s] INFO:colcon.colcon_core.shell:Creating environment hook '/home/eamon/aws-robomaker-sample-application-pr2-hospital/robot_ws/install/pr2_hospital_robot/share/pr2_hospital_robot/hook/ros_package_path.sh'
[1.425s] Level 1:colcon.colcon_ros.task.catkin:checking '/home/eamon/aws-robomaker-sample-application-pr2-hospital/robot_ws/install/pr2_hospital_robot/lib/python3/dist-packages'
[1.425s] Level 1:colcon.colcon_core.shell:create_environment_hook('pr2_hospital_robot', 'pkg_config_path')
[1.441s] INFO:colcon.colcon_core.shell:Creating environment hook '/home/eamon/aws-robomaker-sample-application-pr2-hospital/robot_ws/install/pr2_hospital_robot/share/pr2_hospital_robot/hook/pkg_config_path.ps1'
[1.442s] INFO:colcon.colcon_core.shell:Creating environment descriptor '/home/eamon/aws-robomaker-sample-application-pr2-hospital/robot_ws/install/pr2_hospital_robot/share/pr2_hospital_robot/hook/pkg_config_path.dsv'
[1.442s] INFO:colcon.colcon_core.shell:Creating environment hook '/home/eamon/aws-robomaker-sample-application-pr2-hospital/robot_ws/install/pr2_hospital_robot/share/pr2_hospital_robot/hook/pkg_config_path.sh'
[1.445s] Level 1:colcon.colcon_core.shell:create_environment_hook('pr2_hospital_robot', 'pkg_config_path_multiarch')
[1.462s] INFO:colcon.colcon_core.shell:Creating environment hook '/home/eamon/aws-robomaker-sample-application-pr2-hospital/robot_ws/install/pr2_hospital_robot/share/pr2_hospital_robot/hook/pkg_config_path_multiarch.ps1'
[1.462s] INFO:colcon.colcon_core.shell:Creating environment descriptor '/home/eamon/aws-robomaker-sample-application-pr2-hospital/robot_ws/install/pr2_hospital_robot/share/pr2_hospital_robot/hook/pkg_config_path_multiarch.dsv'
[1.462s] INFO:colcon.colcon_core.shell:Creating environment hook '/home/eamon/aws-robomaker-sample-application-pr2-hospital/robot_ws/install/pr2_hospital_robot/share/pr2_hospital_robot/hook/pkg_config_path_multiarch.sh'
[1.478s] Level 1:colcon.colcon_core.environment:create_environment_scripts_only(pr2_hospital_robot)
[1.495s] Level 1:colcon.colcon_core.environment:checking '/home/eamon/aws-robomaker-sample-application-pr2-hospital/robot_ws/install/pr2_hospital_robot' for CMake module files
[1.495s] Level 1:colcon.colcon_core.environment:checking '/home/eamon/aws-robomaker-sample-application-pr2-hospital/robot_ws/install/pr2_hospital_robot' for CMake config files
[1.495s] Level 1:colcon.colcon_core.shell:create_environment_hook('pr2_hospital_robot', 'cmake_prefix_path')
[1.512s] INFO:colcon.colcon_core.shell:Creating environment hook '/home/eamon/aws-robomaker-sample-application-pr2-hospital/robot_ws/install/pr2_hospital_robot/share/pr2_hospital_robot/hook/cmake_prefix_path.ps1'
[1.512s] INFO:colcon.colcon_core.shell:Creating environment descriptor '/home/eamon/aws-robomaker-sample-application-pr2-hospital/robot_ws/install/pr2_hospital_robot/share/pr2_hospital_robot/hook/cmake_prefix_path.dsv'
[1.512s] INFO:colcon.colcon_core.shell:Creating environment hook '/home/eamon/aws-robomaker-sample-application-pr2-hospital/robot_ws/install/pr2_hospital_robot/share/pr2_hospital_robot/hook/cmake_prefix_path.sh'
[1.513s] Level 1:colcon.colcon_core.environment:checking '/home/eamon/aws-robomaker-sample-application-pr2-hospital/robot_ws/install/pr2_hospital_robot/lib'
[1.513s] Level 1:colcon.colcon_core.environment:checking '/home/eamon/aws-robomaker-sample-application-pr2-hospital/robot_ws/install/pr2_hospital_robot/bin'
[1.513s] Level 1:colcon.colcon_core.environment:checking '/home/eamon/aws-robomaker-sample-application-pr2-hospital/robot_ws/install/pr2_hospital_robot/lib/pkgconfig/pr2_hospital_robot.pc'
[1.513s] Level 1:colcon.colcon_core.shell:create_environment_hook('pr2_hospital_robot', 'pkg_config')
[1.530s] INFO:colcon.colcon_core.shell:Creating environment hook '/home/eamon/aws-robomaker-sample-application-pr2-hospital/robot_ws/install/pr2_hospital_robot/share/pr2_hospital_robot/hook/pkg_config.ps1'
[1.530s] INFO:colcon.colcon_core.shell:Creating environment descriptor '/home/eamon/aws-robomaker-sample-application-pr2-hospital/robot_ws/install/pr2_hospital_robot/share/pr2_hospital_robot/hook/pkg_config.dsv'
[1.530s] INFO:colcon.colcon_core.shell:Creating environment hook '/home/eamon/aws-robomaker-sample-application-pr2-hospital/robot_ws/install/pr2_hospital_robot/share/pr2_hospital_robot/hook/pkg_config.sh'
[1.531s] Level 1:colcon.colcon_core.environment:checking '/home/eamon/aws-robomaker-sample-application-pr2-hospital/robot_ws/install/pr2_hospital_robot/lib/python3.8/site-packages'
[1.531s] Level 1:colcon.colcon_core.environment:checking '/home/eamon/aws-robomaker-sample-application-pr2-hospital/robot_ws/install/pr2_hospital_robot/bin'
[1.546s] INFO:colcon.colcon_core.shell:Creating package script '/home/eamon/aws-robomaker-sample-application-pr2-hospital/robot_ws/install/pr2_hospital_robot/share/pr2_hospital_robot/package.ps1'
[1.547s] INFO:colcon.colcon_core.shell:Creating package descriptor '/home/eamon/aws-robomaker-sample-application-pr2-hospital/robot_ws/install/pr2_hospital_robot/share/pr2_hospital_robot/package.dsv'
[1.548s] INFO:colcon.colcon_core.shell:Creating package script '/home/eamon/aws-robomaker-sample-application-pr2-hospital/robot_ws/install/pr2_hospital_robot/share/pr2_hospital_robot/package.sh'
[1.548s] INFO:colcon.colcon_core.shell:Creating package script '/home/eamon/aws-robomaker-sample-application-pr2-hospital/robot_ws/install/pr2_hospital_robot/share/pr2_hospital_robot/package.bash'
[1.549s] INFO:colcon.colcon_core.shell:Creating package script '/home/eamon/aws-robomaker-sample-application-pr2-hospital/robot_ws/install/pr2_hospital_robot/share/pr2_hospital_robot/package.zsh'
[1.549s] Level 1:colcon.colcon_core.environment:create_file_with_runtime_dependencies(/home/eamon/aws-robomaker-sample-application-pr2-hospital/robot_ws/install/pr2_hospital_robot/share/colcon-core/packages/pr2_hospital_robot)
[1.550s] DEBUG:colcon.colcon_parallel_executor.executor.parallel:closing loop
[1.550s] DEBUG:colcon.colcon_parallel_executor.executor.parallel:loop closed
[1.550s] DEBUG:colcon.colcon_parallel_executor.executor.parallel:run_until_complete finished with '0'
[1.550s] DEBUG:colcon.colcon_core.event_reactor:joining thread
[1.571s] INFO:colcon.colcon_core.plugin_system:Skipping extension 'colcon_notification.desktop_notification.terminal_notifier': Not used on non-Darwin systems
[1.571s] INFO:colcon.colcon_core.plugin_system:Skipping extension 'colcon_notification.desktop_notification.win32': Not used on non-Windows systems
[1.571s] INFO:colcon.colcon_notification.desktop_notification:Sending desktop notification using 'notify2'
[1.586s] DEBUG:colcon.colcon_core.event_reactor:joined thread
[1.604s] INFO:colcon.colcon_core.shell:Creating prefix script '/home/eamon/aws-robomaker-sample-application-pr2-hospital/robot_ws/install/local_setup.ps1'
[1.604s] INFO:colcon.colcon_core.shell:Creating prefix util module '/home/eamon/aws-robomaker-sample-application-pr2-hospital/robot_ws/install/_local_setup_util_ps1.py'
[1.606s] INFO:colcon.colcon_core.shell:Creating prefix chain script '/home/eamon/aws-robomaker-sample-application-pr2-hospital/robot_ws/install/setup.ps1'
[1.631s] INFO:colcon.colcon_core.shell:Creating prefix script '/home/eamon/aws-robomaker-sample-application-pr2-hospital/robot_ws/install/local_setup.sh'
[1.632s] INFO:colcon.colcon_core.shell:Creating prefix util module '/home/eamon/aws-robomaker-sample-application-pr2-hospital/robot_ws/install/_local_setup_util_sh.py'
[1.632s] INFO:colcon.colcon_core.shell:Creating prefix chain script '/home/eamon/aws-robomaker-sample-application-pr2-hospital/robot_ws/install/setup.sh'
[1.651s] INFO:colcon.colcon_core.shell:Creating prefix script '/home/eamon/aws-robomaker-sample-application-pr2-hospital/robot_ws/install/local_setup.bash'
[1.651s] INFO:colcon.colcon_core.shell:Creating prefix chain script '/home/eamon/aws-robomaker-sample-application-pr2-hospital/robot_ws/install/setup.bash'
[1.667s] INFO:colcon.colcon_core.shell:Creating prefix script '/home/eamon/aws-robomaker-sample-application-pr2-hospital/robot_ws/install/local_setup.zsh'
[1.668s] INFO:colcon.colcon_core.shell:Creating prefix chain script '/home/eamon/aws-robomaker-sample-application-pr2-hospital/robot_ws/install/setup.zsh'
