[0.950s] DEBUG:colcon:Command line arguments: ['/usr/bin/colcon', 'build']
[0.950s] DEBUG:colcon:Parsed command line arguments: Namespace(allow_overriding=[], ament_cmake_args=None, base_paths=['.'], build_base='build', catkin_cmake_args=None, catkin_skip_building_tests=False, cmake_args=None, cmake_clean_cache=False, cmake_clean_first=False, cmake_force_configure=False, cmake_target=None, cmake_target_skip_unavailable=False, continue_on_error=False, event_handlers=None, executor='parallel', ignore_user_meta=False, install_base='install', log_base=None, log_level=None, main=<bound method BuildVerb.main of <colcon_core.verb.build.BuildVerb object at 0xffffa2415640>>, merge_install=False, metas=['./colcon.meta'], packages_above=None, packages_above_and_dependencies=None, packages_above_depth=None, packages_end=None, packages_ignore=None, packages_ignore_regex=None, packages_select=None, packages_select_build_failed=False, packages_select_by_dep=None, packages_select_regex=None, packages_select_test_failures=False, packages_skip=None, packages_skip_build_finished=False, packages_skip_by_dep=None, packages_skip_regex=None, packages_skip_test_passed=False, packages_skip_up_to=None, packages_start=None, packages_up_to=None, packages_up_to_regex=None, parallel_workers=6, paths=None, symlink_install=False, test_result_base=None, verb_extension=<colcon_core.verb.build.BuildVerb object at 0xffffa2415640>, verb_name='build', verb_parser=<colcon_defaults.argument_parser.defaults.DefaultArgumentsDecorator object at 0xffffa240e1f0>)
[0.992s] Level 1:colcon.colcon_core.package_discovery:discover_packages(colcon_meta) check parameters
[0.992s] Level 1:colcon.colcon_core.package_discovery:discover_packages(recursive) check parameters
[0.992s] Level 1:colcon.colcon_core.package_discovery:discover_packages(ignore) check parameters
[0.992s] Level 1:colcon.colcon_core.package_discovery:discover_packages(path) check parameters
[0.992s] Level 1:colcon.colcon_core.package_discovery:discover_packages(colcon_meta) discover
[0.992s] Level 1:colcon.colcon_core.package_discovery:discover_packages(recursive) discover
[0.992s] INFO:colcon.colcon_core.package_discovery:Crawling recursively for packages in '/home/eamon/aws-robomaker-sample-application-pr2-hospital/simulation_ws'
[0.992s] Level 1:colcon.colcon_core.package_identification:_identify(.) by extensions ['ignore', 'ignore_ament_install']
[0.992s] Level 1:colcon.colcon_core.package_identification:_identify(.) by extension 'ignore'
[0.992s] Level 1:colcon.colcon_core.package_identification:_identify(.) by extension 'ignore_ament_install'
[0.992s] Level 1:colcon.colcon_core.package_identification:_identify(.) by extensions ['colcon_pkg']
[0.992s] Level 1:colcon.colcon_core.package_identification:_identify(.) by extension 'colcon_pkg'
[0.992s] Level 1:colcon.colcon_core.package_identification:_identify(.) by extensions ['colcon_meta']
[0.992s] Level 1:colcon.colcon_core.package_identification:_identify(.) by extension 'colcon_meta'
[0.993s] Level 1:colcon.colcon_core.package_identification:_identify(.) by extensions ['ros']
[0.993s] Level 1:colcon.colcon_core.package_identification:_identify(.) by extension 'ros'
[1.001s] Level 1:colcon.colcon_core.package_identification:_identify(.) by extensions ['cmake', 'python']
[1.001s] Level 1:colcon.colcon_core.package_identification:_identify(.) by extension 'cmake'
[1.001s] Level 1:colcon.colcon_core.package_identification:_identify(.) by extension 'python'
[1.001s] Level 1:colcon.colcon_core.package_identification:_identify(.) by extensions ['python_setup_py']
[1.001s] Level 1:colcon.colcon_core.package_identification:_identify(.) by extension 'python_setup_py'
[1.001s] Level 1:colcon.colcon_core.package_identification:_identify(build) by extensions ['ignore', 'ignore_ament_install']
[1.001s] Level 1:colcon.colcon_core.package_identification:_identify(build) by extension 'ignore'
[1.001s] Level 1:colcon.colcon_core.package_identification:_identify(build) ignored
[1.001s] Level 1:colcon.colcon_core.package_identification:_identify(install) by extensions ['ignore', 'ignore_ament_install']
[1.001s] Level 1:colcon.colcon_core.package_identification:_identify(install) by extension 'ignore'
[1.001s] Level 1:colcon.colcon_core.package_identification:_identify(install) ignored
[1.001s] Level 1:colcon.colcon_core.package_identification:_identify(log) by extensions ['ignore', 'ignore_ament_install']
[1.001s] Level 1:colcon.colcon_core.package_identification:_identify(log) by extension 'ignore'
[1.001s] Level 1:colcon.colcon_core.package_identification:_identify(log) ignored
[1.001s] Level 1:colcon.colcon_core.package_identification:_identify(src) by extensions ['ignore', 'ignore_ament_install']
[1.001s] Level 1:colcon.colcon_core.package_identification:_identify(src) by extension 'ignore'
[1.001s] Level 1:colcon.colcon_core.package_identification:_identify(src) by extension 'ignore_ament_install'
[1.001s] Level 1:colcon.colcon_core.package_identification:_identify(src) by extensions ['colcon_pkg']
[1.001s] Level 1:colcon.colcon_core.package_identification:_identify(src) by extension 'colcon_pkg'
[1.001s] Level 1:colcon.colcon_core.package_identification:_identify(src) by extensions ['colcon_meta']
[1.001s] Level 1:colcon.colcon_core.package_identification:_identify(src) by extension 'colcon_meta'
[1.001s] Level 1:colcon.colcon_core.package_identification:_identify(src) by extensions ['ros']
[1.001s] Level 1:colcon.colcon_core.package_identification:_identify(src) by extension 'ros'
[1.001s] Level 1:colcon.colcon_core.package_identification:_identify(src) by extensions ['cmake', 'python']
[1.001s] Level 1:colcon.colcon_core.package_identification:_identify(src) by extension 'cmake'
[1.001s] Level 1:colcon.colcon_core.package_identification:_identify(src) by extension 'python'
[1.002s] Level 1:colcon.colcon_core.package_identification:_identify(src) by extensions ['python_setup_py']
[1.002s] Level 1:colcon.colcon_core.package_identification:_identify(src) by extension 'python_setup_py'
[1.002s] Level 1:colcon.colcon_core.package_identification:_identify(src/deps) by extensions ['ignore', 'ignore_ament_install']
[1.002s] Level 1:colcon.colcon_core.package_identification:_identify(src/deps) by extension 'ignore'
[1.002s] Level 1:colcon.colcon_core.package_identification:_identify(src/deps) by extension 'ignore_ament_install'
[1.002s] Level 1:colcon.colcon_core.package_identification:_identify(src/deps) by extensions ['colcon_pkg']
[1.002s] Level 1:colcon.colcon_core.package_identification:_identify(src/deps) by extension 'colcon_pkg'
[1.002s] Level 1:colcon.colcon_core.package_identification:_identify(src/deps) by extensions ['colcon_meta']
[1.002s] Level 1:colcon.colcon_core.package_identification:_identify(src/deps) by extension 'colcon_meta'
[1.002s] Level 1:colcon.colcon_core.package_identification:_identify(src/deps) by extensions ['ros']
[1.002s] Level 1:colcon.colcon_core.package_identification:_identify(src/deps) by extension 'ros'
[1.002s] Level 1:colcon.colcon_core.package_identification:_identify(src/deps) by extensions ['cmake', 'python']
[1.002s] Level 1:colcon.colcon_core.package_identification:_identify(src/deps) by extension 'cmake'
[1.002s] Level 1:colcon.colcon_core.package_identification:_identify(src/deps) by extension 'python'
[1.002s] Level 1:colcon.colcon_core.package_identification:_identify(src/deps) by extensions ['python_setup_py']
[1.002s] Level 1:colcon.colcon_core.package_identification:_identify(src/deps) by extension 'python_setup_py'
[1.002s] Level 1:colcon.colcon_core.package_identification:_identify(src/deps/aws_robomaker_hospital_world) by extensions ['ignore', 'ignore_ament_install']
[1.002s] Level 1:colcon.colcon_core.package_identification:_identify(src/deps/aws_robomaker_hospital_world) by extension 'ignore'
[1.002s] Level 1:colcon.colcon_core.package_identification:_identify(src/deps/aws_robomaker_hospital_world) by extension 'ignore_ament_install'
[1.002s] Level 1:colcon.colcon_core.package_identification:_identify(src/deps/aws_robomaker_hospital_world) by extensions ['colcon_pkg']
[1.002s] Level 1:colcon.colcon_core.package_identification:_identify(src/deps/aws_robomaker_hospital_world) by extension 'colcon_pkg'
[1.002s] Level 1:colcon.colcon_core.package_identification:_identify(src/deps/aws_robomaker_hospital_world) by extensions ['colcon_meta']
[1.002s] Level 1:colcon.colcon_core.package_identification:_identify(src/deps/aws_robomaker_hospital_world) by extension 'colcon_meta'
[1.002s] Level 1:colcon.colcon_core.package_identification:_identify(src/deps/aws_robomaker_hospital_world) by extensions ['ros']
[1.002s] Level 1:colcon.colcon_core.package_identification:_identify(src/deps/aws_robomaker_hospital_world) by extension 'ros'
[1.004s] DEBUG:colcon.colcon_core.package_identification:Package 'src/deps/aws_robomaker_hospital_world' with type 'ros.catkin' and name 'aws_robomaker_hospital_world'
[1.004s] Level 1:colcon.colcon_core.package_identification:_identify(src/pr2_hospital_simulation) by extensions ['ignore', 'ignore_ament_install']
[1.004s] Level 1:colcon.colcon_core.package_identification:_identify(src/pr2_hospital_simulation) by extension 'ignore'
[1.004s] Level 1:colcon.colcon_core.package_identification:_identify(src/pr2_hospital_simulation) by extension 'ignore_ament_install'
[1.004s] Level 1:colcon.colcon_core.package_identification:_identify(src/pr2_hospital_simulation) by extensions ['colcon_pkg']
[1.004s] Level 1:colcon.colcon_core.package_identification:_identify(src/pr2_hospital_simulation) by extension 'colcon_pkg'
[1.004s] Level 1:colcon.colcon_core.package_identification:_identify(src/pr2_hospital_simulation) by extensions ['colcon_meta']
[1.004s] Level 1:colcon.colcon_core.package_identification:_identify(src/pr2_hospital_simulation) by extension 'colcon_meta'
[1.004s] Level 1:colcon.colcon_core.package_identification:_identify(src/pr2_hospital_simulation) by extensions ['ros']
[1.004s] Level 1:colcon.colcon_core.package_identification:_identify(src/pr2_hospital_simulation) by extension 'ros'
[1.004s] DEBUG:colcon.colcon_core.package_identification:Package 'src/pr2_hospital_simulation' with type 'ros.catkin' and name 'pr2_hospital_simulation'
[1.005s] Level 1:colcon.colcon_core.package_discovery:discover_packages(recursive) using defaults
[1.005s] Level 1:colcon.colcon_core.package_discovery:discover_packages(ignore) discover
[1.005s] Level 1:colcon.colcon_core.package_discovery:discover_packages(ignore) using defaults
[1.005s] Level 1:colcon.colcon_core.package_discovery:discover_packages(path) discover
[1.005s] Level 1:colcon.colcon_core.package_discovery:discover_packages(path) using defaults
[1.087s] Level 1:colcon.colcon_core.package_discovery:discover_packages(prefix_path) check parameters
[1.087s] Level 1:colcon.colcon_core.package_discovery:discover_packages(prefix_path) discover
[1.115s] Level 1:colcon.colcon_core.package_discovery:discover_packages(prefix_path) using defaults
[1.146s] Level 5:colcon.colcon_core.verb:set package 'aws_robomaker_hospital_world' build argument 'cmake_args' from command line to 'None'
[1.146s] Level 5:colcon.colcon_core.verb:set package 'aws_robomaker_hospital_world' build argument 'cmake_target' from command line to 'None'
[1.146s] Level 5:colcon.colcon_core.verb:set package 'aws_robomaker_hospital_world' build argument 'cmake_target_skip_unavailable' from command line to 'False'
[1.146s] Level 5:colcon.colcon_core.verb:set package 'aws_robomaker_hospital_world' build argument 'cmake_clean_cache' from command line to 'False'
[1.146s] Level 5:colcon.colcon_core.verb:set package 'aws_robomaker_hospital_world' build argument 'cmake_clean_first' from command line to 'False'
[1.146s] Level 5:colcon.colcon_core.verb:set package 'aws_robomaker_hospital_world' build argument 'cmake_force_configure' from command line to 'False'
[1.146s] Level 5:colcon.colcon_core.verb:set package 'aws_robomaker_hospital_world' build argument 'ament_cmake_args' from command line to 'None'
[1.146s] Level 5:colcon.colcon_core.verb:set package 'aws_robomaker_hospital_world' build argument 'catkin_cmake_args' from command line to 'None'
[1.146s] Level 5:colcon.colcon_core.verb:set package 'aws_robomaker_hospital_world' build argument 'catkin_skip_building_tests' from command line to 'False'
[1.146s] DEBUG:colcon.colcon_core.verb:Building package 'aws_robomaker_hospital_world' with the following arguments: {'ament_cmake_args': None, 'build_base': '/home/eamon/aws-robomaker-sample-application-pr2-hospital/simulation_ws/build/aws_robomaker_hospital_world', 'catkin_cmake_args': None, 'catkin_skip_building_tests': False, 'cmake_args': None, 'cmake_clean_cache': False, 'cmake_clean_first': False, 'cmake_force_configure': False, 'cmake_target': None, 'cmake_target_skip_unavailable': False, 'install_base': '/home/eamon/aws-robomaker-sample-application-pr2-hospital/simulation_ws/install/aws_robomaker_hospital_world', 'merge_install': False, 'path': '/home/eamon/aws-robomaker-sample-application-pr2-hospital/simulation_ws/src/deps/aws_robomaker_hospital_world', 'symlink_install': False, 'test_result_base': None}
[1.161s] Level 5:colcon.colcon_core.verb:set package 'pr2_hospital_simulation' build argument 'cmake_args' from command line to 'None'
[1.161s] Level 5:colcon.colcon_core.verb:set package 'pr2_hospital_simulation' build argument 'cmake_target' from command line to 'None'
[1.161s] Level 5:colcon.colcon_core.verb:set package 'pr2_hospital_simulation' build argument 'cmake_target_skip_unavailable' from command line to 'False'
[1.161s] Level 5:colcon.colcon_core.verb:set package 'pr2_hospital_simulation' build argument 'cmake_clean_cache' from command line to 'False'
[1.161s] Level 5:colcon.colcon_core.verb:set package 'pr2_hospital_simulation' build argument 'cmake_clean_first' from command line to 'False'
[1.161s] Level 5:colcon.colcon_core.verb:set package 'pr2_hospital_simulation' build argument 'cmake_force_configure' from command line to 'False'
[1.161s] Level 5:colcon.colcon_core.verb:set package 'pr2_hospital_simulation' build argument 'ament_cmake_args' from command line to 'None'
[1.161s] Level 5:colcon.colcon_core.verb:set package 'pr2_hospital_simulation' build argument 'catkin_cmake_args' from command line to 'None'
[1.161s] Level 5:colcon.colcon_core.verb:set package 'pr2_hospital_simulation' build argument 'catkin_skip_building_tests' from command line to 'False'
[1.161s] DEBUG:colcon.colcon_core.verb:Building package 'pr2_hospital_simulation' with the following arguments: {'ament_cmake_args': None, 'build_base': '/home/eamon/aws-robomaker-sample-application-pr2-hospital/simulation_ws/build/pr2_hospital_simulation', 'catkin_cmake_args': None, 'catkin_skip_building_tests': False, 'cmake_args': None, 'cmake_clean_cache': False, 'cmake_clean_first': False, 'cmake_force_configure': False, 'cmake_target': None, 'cmake_target_skip_unavailable': False, 'install_base': '/home/eamon/aws-robomaker-sample-application-pr2-hospital/simulation_ws/install/pr2_hospital_simulation', 'merge_install': False, 'path': '/home/eamon/aws-robomaker-sample-application-pr2-hospital/simulation_ws/src/pr2_hospital_simulation', 'symlink_install': False, 'test_result_base': None}
[1.182s] INFO:colcon.colcon_core.executor:Executing jobs using 'parallel' executor
[1.197s] DEBUG:colcon.colcon_parallel_executor.executor.parallel:run_until_complete
[1.197s] INFO:colcon.colcon_ros.task.catkin.build:Building ROS package in '/home/eamon/aws-robomaker-sample-application-pr2-hospital/simulation_ws/src/deps/aws_robomaker_hospital_world' with build type 'catkin'
[1.197s] INFO:colcon.colcon_cmake.task.cmake.build:Building CMake package in '/home/eamon/aws-robomaker-sample-application-pr2-hospital/simulation_ws/src/deps/aws_robomaker_hospital_world'
[1.213s] INFO:colcon.colcon_core.plugin_system:Skipping extension 'colcon_core.shell.bat': Not used on non-Windows systems
[1.213s] INFO:colcon.colcon_core.shell:Skip shell extension 'powershell' for command environment: Not usable outside of PowerShell
[1.213s] DEBUG:colcon.colcon_core.shell:Skip shell extension 'dsv' for command environment
[1.242s] DEBUG:colcon.colcon_core.shell:Ignoring prefix path '/opt/ros/noetic'
[1.245s] INFO:colcon.colcon_ros.task.catkin.build:Building ROS package in '/home/eamon/aws-robomaker-sample-application-pr2-hospital/simulation_ws/src/pr2_hospital_simulation' with build type 'catkin'
[1.245s] INFO:colcon.colcon_cmake.task.cmake.build:Building CMake package in '/home/eamon/aws-robomaker-sample-application-pr2-hospital/simulation_ws/src/pr2_hospital_simulation'
[1.262s] INFO:colcon.colcon_core.shell:Skip shell extension 'powershell' for command environment: Not usable outside of PowerShell
[1.262s] DEBUG:colcon.colcon_core.shell:Skip shell extension 'dsv' for command environment
[1.293s] DEBUG:colcon.colcon_core.shell:Ignoring prefix path '/opt/ros/noetic'
[1.302s] DEBUG:colcon.colcon_core.event_handler.log_command:Invoking command in '/home/eamon/aws-robomaker-sample-application-pr2-hospital/simulation_ws/build/aws_robomaker_hospital_world': /usr/bin/cmake /home/eamon/aws-robomaker-sample-application-pr2-hospital/simulation_ws/src/deps/aws_robomaker_hospital_world -DCATKIN_INSTALL_INTO_PREFIX_ROOT=0 -DCMAKE_INSTALL_PREFIX=/home/eamon/aws-robomaker-sample-application-pr2-hospital/simulation_ws/install/aws_robomaker_hospital_world
[1.311s] DEBUG:colcon.colcon_core.event_handler.log_command:Invoking command in '/home/eamon/aws-robomaker-sample-application-pr2-hospital/simulation_ws/build/pr2_hospital_simulation': /usr/bin/cmake /home/eamon/aws-robomaker-sample-application-pr2-hospital/simulation_ws/src/pr2_hospital_simulation -DCATKIN_INSTALL_INTO_PREFIX_ROOT=0 -DCMAKE_INSTALL_PREFIX=/home/eamon/aws-robomaker-sample-application-pr2-hospital/simulation_ws/install/pr2_hospital_simulation
[2.429s] DEBUG:colcon.colcon_core.event_handler.log_command:Invoked command in '/home/eamon/aws-robomaker-sample-application-pr2-hospital/simulation_ws/build/pr2_hospital_simulation' returned '0': /usr/bin/cmake /home/eamon/aws-robomaker-sample-application-pr2-hospital/simulation_ws/src/pr2_hospital_simulation -DCATKIN_INSTALL_INTO_PREFIX_ROOT=0 -DCMAKE_INSTALL_PREFIX=/home/eamon/aws-robomaker-sample-application-pr2-hospital/simulation_ws/install/pr2_hospital_simulation
[2.432s] DEBUG:colcon.colcon_core.event_handler.log_command:Invoking command in '/home/eamon/aws-robomaker-sample-application-pr2-hospital/simulation_ws/build/pr2_hospital_simulation': /usr/bin/cmake --build /home/eamon/aws-robomaker-sample-application-pr2-hospital/simulation_ws/build/pr2_hospital_simulation -- -j6 -l6
[2.455s] DEBUG:colcon.colcon_core.event_handler.log_command:Invoked command in '/home/eamon/aws-robomaker-sample-application-pr2-hospital/simulation_ws/build/pr2_hospital_simulation' returned '0': /usr/bin/cmake --build /home/eamon/aws-robomaker-sample-application-pr2-hospital/simulation_ws/build/pr2_hospital_simulation -- -j6 -l6
[2.500s] DEBUG:colcon.colcon_core.event_handler.log_command:Invoking command in '/home/eamon/aws-robomaker-sample-application-pr2-hospital/simulation_ws/build/pr2_hospital_simulation': /usr/bin/cmake --build /home/eamon/aws-robomaker-sample-application-pr2-hospital/simulation_ws/build/pr2_hospital_simulation --target tests -- -j6 -l6
[2.544s] DEBUG:colcon.colcon_core.event_handler.log_command:Invoked command in '/home/eamon/aws-robomaker-sample-application-pr2-hospital/simulation_ws/build/pr2_hospital_simulation' returned '0': /usr/bin/cmake --build /home/eamon/aws-robomaker-sample-application-pr2-hospital/simulation_ws/build/pr2_hospital_simulation --target tests -- -j6 -l6
[2.557s] DEBUG:colcon.colcon_core.event_handler.log_command:Invoked command in '/home/eamon/aws-robomaker-sample-application-pr2-hospital/simulation_ws/build/aws_robomaker_hospital_world' returned '0': /usr/bin/cmake /home/eamon/aws-robomaker-sample-application-pr2-hospital/simulation_ws/src/deps/aws_robomaker_hospital_world -DCATKIN_INSTALL_INTO_PREFIX_ROOT=0 -DCMAKE_INSTALL_PREFIX=/home/eamon/aws-robomaker-sample-application-pr2-hospital/simulation_ws/install/aws_robomaker_hospital_world
[2.559s] DEBUG:colcon.colcon_core.event_handler.log_command:Invoking command in '/home/eamon/aws-robomaker-sample-application-pr2-hospital/simulation_ws/build/aws_robomaker_hospital_world': /usr/bin/cmake --build /home/eamon/aws-robomaker-sample-application-pr2-hospital/simulation_ws/build/aws_robomaker_hospital_world -- -j6 -l6
[2.582s] DEBUG:colcon.colcon_core.event_handler.log_command:Invoked command in '/home/eamon/aws-robomaker-sample-application-pr2-hospital/simulation_ws/build/aws_robomaker_hospital_world' returned '0': /usr/bin/cmake --build /home/eamon/aws-robomaker-sample-application-pr2-hospital/simulation_ws/build/aws_robomaker_hospital_world -- -j6 -l6
[2.601s] DEBUG:colcon.colcon_core.event_handler.log_command:Invoking command in '/home/eamon/aws-robomaker-sample-application-pr2-hospital/simulation_ws/build/pr2_hospital_simulation': /usr/bin/cmake --install /home/eamon/aws-robomaker-sample-application-pr2-hospital/simulation_ws/build/pr2_hospital_simulation
[2.610s] DEBUG:colcon.colcon_core.event_handler.log_command:Invoked command in '/home/eamon/aws-robomaker-sample-application-pr2-hospital/simulation_ws/build/pr2_hospital_simulation' returned '0': /usr/bin/cmake --install /home/eamon/aws-robomaker-sample-application-pr2-hospital/simulation_ws/build/pr2_hospital_simulation
[2.634s] DEBUG:colcon.colcon_core.event_handler.log_command:Invoking command in '/home/eamon/aws-robomaker-sample-application-pr2-hospital/simulation_ws/build/aws_robomaker_hospital_world': /usr/bin/cmake --build /home/eamon/aws-robomaker-sample-application-pr2-hospital/simulation_ws/build/aws_robomaker_hospital_world --target tests -- -j6 -l6
[2.667s] Level 1:colcon.colcon_core.shell:create_environment_hook('pr2_hospital_simulation', 'ros_package_path')
[2.684s] INFO:colcon.colcon_core.shell:Creating environment hook '/home/eamon/aws-robomaker-sample-application-pr2-hospital/simulation_ws/install/pr2_hospital_simulation/share/pr2_hospital_simulation/hook/ros_package_path.ps1'
[2.685s] INFO:colcon.colcon_core.shell:Creating environment descriptor '/home/eamon/aws-robomaker-sample-application-pr2-hospital/simulation_ws/install/pr2_hospital_simulation/share/pr2_hospital_simulation/hook/ros_package_path.dsv'
[2.685s] INFO:colcon.colcon_core.shell:Creating environment hook '/home/eamon/aws-robomaker-sample-application-pr2-hospital/simulation_ws/install/pr2_hospital_simulation/share/pr2_hospital_simulation/hook/ros_package_path.sh'
[2.685s] Level 1:colcon.colcon_ros.task.catkin:checking '/home/eamon/aws-robomaker-sample-application-pr2-hospital/simulation_ws/install/pr2_hospital_simulation/lib/python3/dist-packages'
[2.685s] Level 1:colcon.colcon_core.shell:create_environment_hook('pr2_hospital_simulation', 'pkg_config_path')
[2.701s] INFO:colcon.colcon_core.shell:Creating environment hook '/home/eamon/aws-robomaker-sample-application-pr2-hospital/simulation_ws/install/pr2_hospital_simulation/share/pr2_hospital_simulation/hook/pkg_config_path.ps1'
[2.701s] INFO:colcon.colcon_core.shell:Creating environment descriptor '/home/eamon/aws-robomaker-sample-application-pr2-hospital/simulation_ws/install/pr2_hospital_simulation/share/pr2_hospital_simulation/hook/pkg_config_path.dsv'
[2.701s] INFO:colcon.colcon_core.shell:Creating environment hook '/home/eamon/aws-robomaker-sample-application-pr2-hospital/simulation_ws/install/pr2_hospital_simulation/share/pr2_hospital_simulation/hook/pkg_config_path.sh'
[2.703s] Level 1:colcon.colcon_core.shell:create_environment_hook('pr2_hospital_simulation', 'pkg_config_path_multiarch')
[2.719s] INFO:colcon.colcon_core.shell:Creating environment hook '/home/eamon/aws-robomaker-sample-application-pr2-hospital/simulation_ws/install/pr2_hospital_simulation/share/pr2_hospital_simulation/hook/pkg_config_path_multiarch.ps1'
[2.719s] INFO:colcon.colcon_core.shell:Creating environment descriptor '/home/eamon/aws-robomaker-sample-application-pr2-hospital/simulation_ws/install/pr2_hospital_simulation/share/pr2_hospital_simulation/hook/pkg_config_path_multiarch.dsv'
[2.720s] INFO:colcon.colcon_core.shell:Creating environment hook '/home/eamon/aws-robomaker-sample-application-pr2-hospital/simulation_ws/install/pr2_hospital_simulation/share/pr2_hospital_simulation/hook/pkg_config_path_multiarch.sh'
[2.736s] Level 1:colcon.colcon_core.environment:create_environment_scripts_only(pr2_hospital_simulation)
[2.752s] Level 1:colcon.colcon_core.environment:checking '/home/eamon/aws-robomaker-sample-application-pr2-hospital/simulation_ws/install/pr2_hospital_simulation' for CMake module files
[2.753s] Level 1:colcon.colcon_core.environment:checking '/home/eamon/aws-robomaker-sample-application-pr2-hospital/simulation_ws/install/pr2_hospital_simulation' for CMake config files
[2.753s] Level 1:colcon.colcon_core.shell:create_environment_hook('pr2_hospital_simulation', 'cmake_prefix_path')
[2.768s] INFO:colcon.colcon_core.shell:Creating environment hook '/home/eamon/aws-robomaker-sample-application-pr2-hospital/simulation_ws/install/pr2_hospital_simulation/share/pr2_hospital_simulation/hook/cmake_prefix_path.ps1'
[2.768s] INFO:colcon.colcon_core.shell:Creating environment descriptor '/home/eamon/aws-robomaker-sample-application-pr2-hospital/simulation_ws/install/pr2_hospital_simulation/share/pr2_hospital_simulation/hook/cmake_prefix_path.dsv'
[2.768s] INFO:colcon.colcon_core.shell:Creating environment hook '/home/eamon/aws-robomaker-sample-application-pr2-hospital/simulation_ws/install/pr2_hospital_simulation/share/pr2_hospital_simulation/hook/cmake_prefix_path.sh'
[2.769s] Level 1:colcon.colcon_core.environment:checking '/home/eamon/aws-robomaker-sample-application-pr2-hospital/simulation_ws/install/pr2_hospital_simulation/lib'
[2.769s] Level 1:colcon.colcon_core.environment:checking '/home/eamon/aws-robomaker-sample-application-pr2-hospital/simulation_ws/install/pr2_hospital_simulation/bin'
[2.769s] Level 1:colcon.colcon_core.environment:checking '/home/eamon/aws-robomaker-sample-application-pr2-hospital/simulation_ws/install/pr2_hospital_simulation/lib/pkgconfig/pr2_hospital_simulation.pc'
[2.769s] Level 1:colcon.colcon_core.shell:create_environment_hook('pr2_hospital_simulation', 'pkg_config')
[2.783s] INFO:colcon.colcon_core.shell:Creating environment hook '/home/eamon/aws-robomaker-sample-application-pr2-hospital/simulation_ws/install/pr2_hospital_simulation/share/pr2_hospital_simulation/hook/pkg_config.ps1'
[2.784s] INFO:colcon.colcon_core.shell:Creating environment descriptor '/home/eamon/aws-robomaker-sample-application-pr2-hospital/simulation_ws/install/pr2_hospital_simulation/share/pr2_hospital_simulation/hook/pkg_config.dsv'
[2.784s] INFO:colcon.colcon_core.shell:Creating environment hook '/home/eamon/aws-robomaker-sample-application-pr2-hospital/simulation_ws/install/pr2_hospital_simulation/share/pr2_hospital_simulation/hook/pkg_config.sh'
[2.784s] Level 1:colcon.colcon_core.environment:checking '/home/eamon/aws-robomaker-sample-application-pr2-hospital/simulation_ws/install/pr2_hospital_simulation/lib/python3.8/site-packages'
[2.785s] Level 1:colcon.colcon_core.environment:checking '/home/eamon/aws-robomaker-sample-application-pr2-hospital/simulation_ws/install/pr2_hospital_simulation/bin'
[2.800s] INFO:colcon.colcon_core.shell:Creating package script '/home/eamon/aws-robomaker-sample-application-pr2-hospital/simulation_ws/install/pr2_hospital_simulation/share/pr2_hospital_simulation/package.ps1'
[2.801s] INFO:colcon.colcon_core.shell:Creating package descriptor '/home/eamon/aws-robomaker-sample-application-pr2-hospital/simulation_ws/install/pr2_hospital_simulation/share/pr2_hospital_simulation/package.dsv'
[2.801s] INFO:colcon.colcon_core.shell:Creating package script '/home/eamon/aws-robomaker-sample-application-pr2-hospital/simulation_ws/install/pr2_hospital_simulation/share/pr2_hospital_simulation/package.sh'
[2.801s] INFO:colcon.colcon_core.shell:Creating package script '/home/eamon/aws-robomaker-sample-application-pr2-hospital/simulation_ws/install/pr2_hospital_simulation/share/pr2_hospital_simulation/package.bash'
[2.802s] INFO:colcon.colcon_core.shell:Creating package script '/home/eamon/aws-robomaker-sample-application-pr2-hospital/simulation_ws/install/pr2_hospital_simulation/share/pr2_hospital_simulation/package.zsh'
[2.802s] Level 1:colcon.colcon_core.environment:create_file_with_runtime_dependencies(/home/eamon/aws-robomaker-sample-application-pr2-hospital/simulation_ws/install/pr2_hospital_simulation/share/colcon-core/packages/pr2_hospital_simulation)
[2.804s] DEBUG:colcon.colcon_core.event_handler.log_command:Invoked command in '/home/eamon/aws-robomaker-sample-application-pr2-hospital/simulation_ws/build/aws_robomaker_hospital_world' returned '0': /usr/bin/cmake --build /home/eamon/aws-robomaker-sample-application-pr2-hospital/simulation_ws/build/aws_robomaker_hospital_world --target tests -- -j6 -l6
[2.848s] DEBUG:colcon.colcon_core.event_handler.log_command:Invoking command in '/home/eamon/aws-robomaker-sample-application-pr2-hospital/simulation_ws/build/aws_robomaker_hospital_world': /usr/bin/cmake --install /home/eamon/aws-robomaker-sample-application-pr2-hospital/simulation_ws/build/aws_robomaker_hospital_world
[2.986s] DEBUG:colcon.colcon_core.event_handler.log_command:Invoked command in '/home/eamon/aws-robomaker-sample-application-pr2-hospital/simulation_ws/build/aws_robomaker_hospital_world' returned '1': /usr/bin/cmake --install /home/eamon/aws-robomaker-sample-application-pr2-hospital/simulation_ws/build/aws_robomaker_hospital_world
[3.026s] Level 1:colcon.colcon_core.shell:create_environment_hook('aws_robomaker_hospital_world', 'ros_package_path')
[3.042s] INFO:colcon.colcon_core.shell:Creating environment hook '/home/eamon/aws-robomaker-sample-application-pr2-hospital/simulation_ws/install/aws_robomaker_hospital_world/share/aws_robomaker_hospital_world/hook/ros_package_path.ps1'
[3.043s] INFO:colcon.colcon_core.shell:Creating environment descriptor '/home/eamon/aws-robomaker-sample-application-pr2-hospital/simulation_ws/install/aws_robomaker_hospital_world/share/aws_robomaker_hospital_world/hook/ros_package_path.dsv'
[3.043s] INFO:colcon.colcon_core.shell:Creating environment hook '/home/eamon/aws-robomaker-sample-application-pr2-hospital/simulation_ws/install/aws_robomaker_hospital_world/share/aws_robomaker_hospital_world/hook/ros_package_path.sh'
[3.043s] Level 1:colcon.colcon_ros.task.catkin:checking '/home/eamon/aws-robomaker-sample-application-pr2-hospital/simulation_ws/install/aws_robomaker_hospital_world/lib/python3/dist-packages'
[3.043s] Level 1:colcon.colcon_core.shell:create_environment_hook('aws_robomaker_hospital_world', 'pkg_config_path')
[3.059s] INFO:colcon.colcon_core.shell:Creating environment hook '/home/eamon/aws-robomaker-sample-application-pr2-hospital/simulation_ws/install/aws_robomaker_hospital_world/share/aws_robomaker_hospital_world/hook/pkg_config_path.ps1'
[3.059s] INFO:colcon.colcon_core.shell:Creating environment descriptor '/home/eamon/aws-robomaker-sample-application-pr2-hospital/simulation_ws/install/aws_robomaker_hospital_world/share/aws_robomaker_hospital_world/hook/pkg_config_path.dsv'
[3.059s] INFO:colcon.colcon_core.shell:Creating environment hook '/home/eamon/aws-robomaker-sample-application-pr2-hospital/simulation_ws/install/aws_robomaker_hospital_world/share/aws_robomaker_hospital_world/hook/pkg_config_path.sh'
[3.059s] Level 1:colcon.colcon_core.shell:create_environment_hook('aws_robomaker_hospital_world', 'pkg_config_path_multiarch')
[3.074s] INFO:colcon.colcon_core.shell:Creating environment hook '/home/eamon/aws-robomaker-sample-application-pr2-hospital/simulation_ws/install/aws_robomaker_hospital_world/share/aws_robomaker_hospital_world/hook/pkg_config_path_multiarch.ps1'
[3.075s] INFO:colcon.colcon_core.shell:Creating environment descriptor '/home/eamon/aws-robomaker-sample-application-pr2-hospital/simulation_ws/install/aws_robomaker_hospital_world/share/aws_robomaker_hospital_world/hook/pkg_config_path_multiarch.dsv'
[3.075s] INFO:colcon.colcon_core.shell:Creating environment hook '/home/eamon/aws-robomaker-sample-application-pr2-hospital/simulation_ws/install/aws_robomaker_hospital_world/share/aws_robomaker_hospital_world/hook/pkg_config_path_multiarch.sh'
[3.090s] Level 1:colcon.colcon_core.environment:create_environment_scripts_only(aws_robomaker_hospital_world)
[3.105s] Level 1:colcon.colcon_core.environment:checking '/home/eamon/aws-robomaker-sample-application-pr2-hospital/simulation_ws/install/aws_robomaker_hospital_world' for CMake module files
[3.105s] Level 1:colcon.colcon_core.environment:checking '/home/eamon/aws-robomaker-sample-application-pr2-hospital/simulation_ws/install/aws_robomaker_hospital_world' for CMake config files
[3.105s] Level 1:colcon.colcon_core.shell:create_environment_hook('aws_robomaker_hospital_world', 'cmake_prefix_path')
[3.120s] INFO:colcon.colcon_core.shell:Creating environment hook '/home/eamon/aws-robomaker-sample-application-pr2-hospital/simulation_ws/install/aws_robomaker_hospital_world/share/aws_robomaker_hospital_world/hook/cmake_prefix_path.ps1'
[3.120s] INFO:colcon.colcon_core.shell:Creating environment descriptor '/home/eamon/aws-robomaker-sample-application-pr2-hospital/simulation_ws/install/aws_robomaker_hospital_world/share/aws_robomaker_hospital_world/hook/cmake_prefix_path.dsv'
[3.120s] INFO:colcon.colcon_core.shell:Creating environment hook '/home/eamon/aws-robomaker-sample-application-pr2-hospital/simulation_ws/install/aws_robomaker_hospital_world/share/aws_robomaker_hospital_world/hook/cmake_prefix_path.sh'
[3.120s] Level 1:colcon.colcon_core.environment:checking '/home/eamon/aws-robomaker-sample-application-pr2-hospital/simulation_ws/install/aws_robomaker_hospital_world/lib'
[3.120s] Level 1:colcon.colcon_core.environment:checking '/home/eamon/aws-robomaker-sample-application-pr2-hospital/simulation_ws/install/aws_robomaker_hospital_world/bin'
[3.120s] Level 1:colcon.colcon_core.environment:checking '/home/eamon/aws-robomaker-sample-application-pr2-hospital/simulation_ws/install/aws_robomaker_hospital_world/lib/pkgconfig/aws_robomaker_hospital_world.pc'
[3.120s] Level 1:colcon.colcon_core.shell:create_environment_hook('aws_robomaker_hospital_world', 'pkg_config')
[3.135s] INFO:colcon.colcon_core.shell:Creating environment hook '/home/eamon/aws-robomaker-sample-application-pr2-hospital/simulation_ws/install/aws_robomaker_hospital_world/share/aws_robomaker_hospital_world/hook/pkg_config.ps1'
[3.135s] INFO:colcon.colcon_core.shell:Creating environment descriptor '/home/eamon/aws-robomaker-sample-application-pr2-hospital/simulation_ws/install/aws_robomaker_hospital_world/share/aws_robomaker_hospital_world/hook/pkg_config.dsv'
[3.135s] INFO:colcon.colcon_core.shell:Creating environment hook '/home/eamon/aws-robomaker-sample-application-pr2-hospital/simulation_ws/install/aws_robomaker_hospital_world/share/aws_robomaker_hospital_world/hook/pkg_config.sh'
[3.136s] Level 1:colcon.colcon_core.environment:checking '/home/eamon/aws-robomaker-sample-application-pr2-hospital/simulation_ws/install/aws_robomaker_hospital_world/lib/python3.8/site-packages'
[3.136s] Level 1:colcon.colcon_core.environment:checking '/home/eamon/aws-robomaker-sample-application-pr2-hospital/simulation_ws/install/aws_robomaker_hospital_world/bin'
[3.151s] INFO:colcon.colcon_core.shell:Creating package script '/home/eamon/aws-robomaker-sample-application-pr2-hospital/simulation_ws/install/aws_robomaker_hospital_world/share/aws_robomaker_hospital_world/package.ps1'
[3.152s] INFO:colcon.colcon_core.shell:Creating package descriptor '/home/eamon/aws-robomaker-sample-application-pr2-hospital/simulation_ws/install/aws_robomaker_hospital_world/share/aws_robomaker_hospital_world/package.dsv'
[3.152s] INFO:colcon.colcon_core.shell:Creating package script '/home/eamon/aws-robomaker-sample-application-pr2-hospital/simulation_ws/install/aws_robomaker_hospital_world/share/aws_robomaker_hospital_world/package.sh'
[3.152s] INFO:colcon.colcon_core.shell:Creating package script '/home/eamon/aws-robomaker-sample-application-pr2-hospital/simulation_ws/install/aws_robomaker_hospital_world/share/aws_robomaker_hospital_world/package.bash'
[3.152s] INFO:colcon.colcon_core.shell:Creating package script '/home/eamon/aws-robomaker-sample-application-pr2-hospital/simulation_ws/install/aws_robomaker_hospital_world/share/aws_robomaker_hospital_world/package.zsh'
[3.152s] Level 1:colcon.colcon_core.environment:create_file_with_runtime_dependencies(/home/eamon/aws-robomaker-sample-application-pr2-hospital/simulation_ws/install/aws_robomaker_hospital_world/share/colcon-core/packages/aws_robomaker_hospital_world)
[3.163s] DEBUG:colcon.colcon_parallel_executor.executor.parallel:closing loop
[3.164s] DEBUG:colcon.colcon_parallel_executor.executor.parallel:loop closed
[3.164s] DEBUG:colcon.colcon_parallel_executor.executor.parallel:run_until_complete finished with '1'
[3.164s] DEBUG:colcon.colcon_core.event_reactor:joining thread
[3.183s] INFO:colcon.colcon_core.plugin_system:Skipping extension 'colcon_notification.desktop_notification.terminal_notifier': Not used on non-Darwin systems
[3.183s] INFO:colcon.colcon_core.plugin_system:Skipping extension 'colcon_notification.desktop_notification.win32': Not used on non-Windows systems
[3.183s] INFO:colcon.colcon_notification.desktop_notification:Sending desktop notification using 'notify2'
[3.204s] DEBUG:colcon.colcon_core.event_reactor:joined thread
[3.222s] INFO:colcon.colcon_core.shell:Creating prefix script '/home/eamon/aws-robomaker-sample-application-pr2-hospital/simulation_ws/install/local_setup.ps1'
[3.222s] INFO:colcon.colcon_core.shell:Creating prefix util module '/home/eamon/aws-robomaker-sample-application-pr2-hospital/simulation_ws/install/_local_setup_util_ps1.py'
[3.223s] INFO:colcon.colcon_core.shell:Creating prefix chain script '/home/eamon/aws-robomaker-sample-application-pr2-hospital/simulation_ws/install/setup.ps1'
[3.238s] INFO:colcon.colcon_core.shell:Creating prefix script '/home/eamon/aws-robomaker-sample-application-pr2-hospital/simulation_ws/install/local_setup.sh'
[3.238s] INFO:colcon.colcon_core.shell:Creating prefix util module '/home/eamon/aws-robomaker-sample-application-pr2-hospital/simulation_ws/install/_local_setup_util_sh.py'
[3.239s] INFO:colcon.colcon_core.shell:Creating prefix chain script '/home/eamon/aws-robomaker-sample-application-pr2-hospital/simulation_ws/install/setup.sh'
[3.255s] INFO:colcon.colcon_core.shell:Creating prefix script '/home/eamon/aws-robomaker-sample-application-pr2-hospital/simulation_ws/install/local_setup.bash'
[3.255s] INFO:colcon.colcon_core.shell:Creating prefix chain script '/home/eamon/aws-robomaker-sample-application-pr2-hospital/simulation_ws/install/setup.bash'
[3.270s] INFO:colcon.colcon_core.shell:Creating prefix script '/home/eamon/aws-robomaker-sample-application-pr2-hospital/simulation_ws/install/local_setup.zsh'
[3.270s] INFO:colcon.colcon_core.shell:Creating prefix chain script '/home/eamon/aws-robomaker-sample-application-pr2-hospital/simulation_ws/install/setup.zsh'
