[0.971s] DEBUG:colcon:Command line arguments: ['/usr/bin/colcon', 'build']
[0.971s] DEBUG:colcon:Parsed command line arguments: Namespace(allow_overriding=[], ament_cmake_args=None, base_paths=['.'], build_base='build', catkin_cmake_args=None, catkin_skip_building_tests=False, cmake_args=None, cmake_clean_cache=False, cmake_clean_first=False, cmake_force_configure=False, cmake_target=None, cmake_target_skip_unavailable=False, continue_on_error=False, event_handlers=None, executor='parallel', ignore_user_meta=False, install_base='install', log_base=None, log_level=None, main=<bound method BuildVerb.main of <colcon_core.verb.build.BuildVerb object at 0xffff9c03bbb0>>, merge_install=False, metas=['./colcon.meta'], packages_above=None, packages_above_and_dependencies=None, packages_above_depth=None, packages_end=None, packages_ignore=None, packages_ignore_regex=None, packages_select=None, packages_select_build_failed=False, packages_select_by_dep=None, packages_select_regex=None, packages_select_test_failures=False, packages_skip=None, packages_skip_build_finished=False, packages_skip_by_dep=None, packages_skip_regex=None, packages_skip_test_passed=False, packages_skip_up_to=None, packages_start=None, packages_up_to=None, packages_up_to_regex=None, parallel_workers=6, paths=None, symlink_install=False, test_result_base=None, verb_extension=<colcon_core.verb.build.BuildVerb object at 0xffff9c03bbb0>, verb_name='build', verb_parser=<colcon_defaults.argument_parser.defaults.DefaultArgumentsDecorator object at 0xffff9c03b640>)
[1.032s] Level 1:colcon.colcon_core.package_discovery:discover_packages(colcon_meta) check parameters
[1.032s] Level 1:colcon.colcon_core.package_discovery:discover_packages(recursive) check parameters
[1.032s] Level 1:colcon.colcon_core.package_discovery:discover_packages(ignore) check parameters
[1.032s] Level 1:colcon.colcon_core.package_discovery:discover_packages(path) check parameters
[1.032s] Level 1:colcon.colcon_core.package_discovery:discover_packages(colcon_meta) discover
[1.032s] Level 1:colcon.colcon_core.package_discovery:discover_packages(recursive) discover
[1.032s] INFO:colcon.colcon_core.package_discovery:Crawling recursively for packages in '/home/eamon/aws-robomaker-sample-application-pr2-hospital/simulation_ws'
[1.032s] Level 1:colcon.colcon_core.package_identification:_identify(.) by extensions ['ignore', 'ignore_ament_install']
[1.032s] Level 1:colcon.colcon_core.package_identification:_identify(.) by extension 'ignore'
[1.032s] Level 1:colcon.colcon_core.package_identification:_identify(.) by extension 'ignore_ament_install'
[1.033s] Level 1:colcon.colcon_core.package_identification:_identify(.) by extensions ['colcon_pkg']
[1.033s] Level 1:colcon.colcon_core.package_identification:_identify(.) by extension 'colcon_pkg'
[1.033s] Level 1:colcon.colcon_core.package_identification:_identify(.) by extensions ['colcon_meta']
[1.033s] Level 1:colcon.colcon_core.package_identification:_identify(.) by extension 'colcon_meta'
[1.033s] Level 1:colcon.colcon_core.package_identification:_identify(.) by extensions ['ros']
[1.033s] Level 1:colcon.colcon_core.package_identification:_identify(.) by extension 'ros'
[1.041s] Level 1:colcon.colcon_core.package_identification:_identify(.) by extensions ['cmake', 'python']
[1.041s] Level 1:colcon.colcon_core.package_identification:_identify(.) by extension 'cmake'
[1.041s] Level 1:colcon.colcon_core.package_identification:_identify(.) by extension 'python'
[1.041s] Level 1:colcon.colcon_core.package_identification:_identify(.) by extensions ['python_setup_py']
[1.041s] Level 1:colcon.colcon_core.package_identification:_identify(.) by extension 'python_setup_py'
[1.041s] Level 1:colcon.colcon_core.package_identification:_identify(build) by extensions ['ignore', 'ignore_ament_install']
[1.041s] Level 1:colcon.colcon_core.package_identification:_identify(build) by extension 'ignore'
[1.041s] Level 1:colcon.colcon_core.package_identification:_identify(build) ignored
[1.041s] Level 1:colcon.colcon_core.package_identification:_identify(devel) by extensions ['ignore', 'ignore_ament_install']
[1.041s] Level 1:colcon.colcon_core.package_identification:_identify(devel) by extension 'ignore'
[1.041s] Level 1:colcon.colcon_core.package_identification:_identify(devel) by extension 'ignore_ament_install'
[1.041s] Level 1:colcon.colcon_core.package_identification:_identify(devel) ignored
[1.041s] Level 1:colcon.colcon_core.package_identification:_identify(install) by extensions ['ignore', 'ignore_ament_install']
[1.041s] Level 1:colcon.colcon_core.package_identification:_identify(install) by extension 'ignore'
[1.041s] Level 1:colcon.colcon_core.package_identification:_identify(install) ignored
[1.041s] Level 1:colcon.colcon_core.package_identification:_identify(log) by extensions ['ignore', 'ignore_ament_install']
[1.041s] Level 1:colcon.colcon_core.package_identification:_identify(log) by extension 'ignore'
[1.041s] Level 1:colcon.colcon_core.package_identification:_identify(log) ignored
[1.041s] Level 1:colcon.colcon_core.package_identification:_identify(src) by extensions ['ignore', 'ignore_ament_install']
[1.041s] Level 1:colcon.colcon_core.package_identification:_identify(src) by extension 'ignore'
[1.041s] Level 1:colcon.colcon_core.package_identification:_identify(src) by extension 'ignore_ament_install'
[1.041s] Level 1:colcon.colcon_core.package_identification:_identify(src) by extensions ['colcon_pkg']
[1.042s] Level 1:colcon.colcon_core.package_identification:_identify(src) by extension 'colcon_pkg'
[1.042s] Level 1:colcon.colcon_core.package_identification:_identify(src) by extensions ['colcon_meta']
[1.042s] Level 1:colcon.colcon_core.package_identification:_identify(src) by extension 'colcon_meta'
[1.042s] Level 1:colcon.colcon_core.package_identification:_identify(src) by extensions ['ros']
[1.042s] Level 1:colcon.colcon_core.package_identification:_identify(src) by extension 'ros'
[1.042s] Level 1:colcon.colcon_core.package_identification:_identify(src) by extensions ['cmake', 'python']
[1.042s] Level 1:colcon.colcon_core.package_identification:_identify(src) by extension 'cmake'
[1.046s] WARNING:colcon.colcon_cmake.package_identification.cmake:Ignoring 'src/CMakeLists.txt' since it seems to be a toplevel CMake file generated by 'catkin_make'
[1.046s] Level 1:colcon.colcon_core.package_identification:_identify(src) by extension 'python'
[1.046s] Level 1:colcon.colcon_core.package_identification:_identify(src) by extensions ['python_setup_py']
[1.046s] Level 1:colcon.colcon_core.package_identification:_identify(src) by extension 'python_setup_py'
[1.046s] Level 1:colcon.colcon_core.package_identification:_identify(src/deps) by extensions ['ignore', 'ignore_ament_install']
[1.046s] Level 1:colcon.colcon_core.package_identification:_identify(src/deps) by extension 'ignore'
[1.046s] Level 1:colcon.colcon_core.package_identification:_identify(src/deps) by extension 'ignore_ament_install'
[1.046s] Level 1:colcon.colcon_core.package_identification:_identify(src/deps) by extensions ['colcon_pkg']
[1.046s] Level 1:colcon.colcon_core.package_identification:_identify(src/deps) by extension 'colcon_pkg'
[1.046s] Level 1:colcon.colcon_core.package_identification:_identify(src/deps) by extensions ['colcon_meta']
[1.046s] Level 1:colcon.colcon_core.package_identification:_identify(src/deps) by extension 'colcon_meta'
[1.046s] Level 1:colcon.colcon_core.package_identification:_identify(src/deps) by extensions ['ros']
[1.046s] Level 1:colcon.colcon_core.package_identification:_identify(src/deps) by extension 'ros'
[1.046s] Level 1:colcon.colcon_core.package_identification:_identify(src/deps) by extensions ['cmake', 'python']
[1.046s] Level 1:colcon.colcon_core.package_identification:_identify(src/deps) by extension 'cmake'
[1.046s] Level 1:colcon.colcon_core.package_identification:_identify(src/deps) by extension 'python'
[1.046s] Level 1:colcon.colcon_core.package_identification:_identify(src/deps) by extensions ['python_setup_py']
[1.046s] Level 1:colcon.colcon_core.package_identification:_identify(src/deps) by extension 'python_setup_py'
[1.046s] Level 1:colcon.colcon_core.package_identification:_identify(src/deps/aws_robomaker_hospital_world) by extensions ['ignore', 'ignore_ament_install']
[1.047s] Level 1:colcon.colcon_core.package_identification:_identify(src/deps/aws_robomaker_hospital_world) by extension 'ignore'
[1.047s] Level 1:colcon.colcon_core.package_identification:_identify(src/deps/aws_robomaker_hospital_world) by extension 'ignore_ament_install'
[1.047s] Level 1:colcon.colcon_core.package_identification:_identify(src/deps/aws_robomaker_hospital_world) by extensions ['colcon_pkg']
[1.047s] Level 1:colcon.colcon_core.package_identification:_identify(src/deps/aws_robomaker_hospital_world) by extension 'colcon_pkg'
[1.047s] Level 1:colcon.colcon_core.package_identification:_identify(src/deps/aws_robomaker_hospital_world) by extensions ['colcon_meta']
[1.047s] Level 1:colcon.colcon_core.package_identification:_identify(src/deps/aws_robomaker_hospital_world) by extension 'colcon_meta'
[1.047s] Level 1:colcon.colcon_core.package_identification:_identify(src/deps/aws_robomaker_hospital_world) by extensions ['ros']
[1.047s] Level 1:colcon.colcon_core.package_identification:_identify(src/deps/aws_robomaker_hospital_world) by extension 'ros'
[1.049s] DEBUG:colcon.colcon_core.package_identification:Package 'src/deps/aws_robomaker_hospital_world' with type 'ros.catkin' and name 'aws_robomaker_hospital_world'
[1.049s] Level 1:colcon.colcon_core.package_identification:_identify(src/pr2_hospital_simulation) by extensions ['ignore', 'ignore_ament_install']
[1.049s] Level 1:colcon.colcon_core.package_identification:_identify(src/pr2_hospital_simulation) by extension 'ignore'
[1.049s] Level 1:colcon.colcon_core.package_identification:_identify(src/pr2_hospital_simulation) by extension 'ignore_ament_install'
[1.049s] Level 1:colcon.colcon_core.package_identification:_identify(src/pr2_hospital_simulation) by extensions ['colcon_pkg']
[1.049s] Level 1:colcon.colcon_core.package_identification:_identify(src/pr2_hospital_simulation) by extension 'colcon_pkg'
[1.049s] Level 1:colcon.colcon_core.package_identification:_identify(src/pr2_hospital_simulation) by extensions ['colcon_meta']
[1.049s] Level 1:colcon.colcon_core.package_identification:_identify(src/pr2_hospital_simulation) by extension 'colcon_meta'
[1.049s] Level 1:colcon.colcon_core.package_identification:_identify(src/pr2_hospital_simulation) by extensions ['ros']
[1.049s] Level 1:colcon.colcon_core.package_identification:_identify(src/pr2_hospital_simulation) by extension 'ros'
[1.049s] DEBUG:colcon.colcon_core.package_identification:Package 'src/pr2_hospital_simulation' with type 'ros.catkin' and name 'pr2_hospital_simulation'
[1.050s] Level 1:colcon.colcon_core.package_discovery:discover_packages(recursive) using defaults
[1.050s] Level 1:colcon.colcon_core.package_discovery:discover_packages(ignore) discover
[1.050s] Level 1:colcon.colcon_core.package_discovery:discover_packages(ignore) using defaults
[1.050s] Level 1:colcon.colcon_core.package_discovery:discover_packages(path) discover
[1.050s] Level 1:colcon.colcon_core.package_discovery:discover_packages(path) using defaults
[1.139s] Level 1:colcon.colcon_core.package_discovery:discover_packages(prefix_path) check parameters
[1.139s] Level 1:colcon.colcon_core.package_discovery:discover_packages(prefix_path) discover
[1.172s] DEBUG:colcon.colcon_installed_package_information.package_discovery:Found 1 installed packages in /home/eamon/aws-robomaker-sample-application-pr2-hospital/robot_ws/install
[1.187s] DEBUG:colcon.colcon_installed_package_information.package_discovery:Found 2 installed packages in /home/eamon/aws-robomaker-sample-application-pr2-hospital/simulation_ws/install
[1.203s] Level 1:colcon.colcon_core.package_discovery:discover_packages(prefix_path) using defaults
[1.237s] Level 5:colcon.colcon_core.verb:set package 'aws_robomaker_hospital_world' build argument 'cmake_args' from command line to 'None'
[1.237s] Level 5:colcon.colcon_core.verb:set package 'aws_robomaker_hospital_world' build argument 'cmake_target' from command line to 'None'
[1.237s] Level 5:colcon.colcon_core.verb:set package 'aws_robomaker_hospital_world' build argument 'cmake_target_skip_unavailable' from command line to 'False'
[1.237s] Level 5:colcon.colcon_core.verb:set package 'aws_robomaker_hospital_world' build argument 'cmake_clean_cache' from command line to 'False'
[1.237s] Level 5:colcon.colcon_core.verb:set package 'aws_robomaker_hospital_world' build argument 'cmake_clean_first' from command line to 'False'
[1.237s] Level 5:colcon.colcon_core.verb:set package 'aws_robomaker_hospital_world' build argument 'cmake_force_configure' from command line to 'False'
[1.237s] Level 5:colcon.colcon_core.verb:set package 'aws_robomaker_hospital_world' build argument 'ament_cmake_args' from command line to 'None'
[1.237s] Level 5:colcon.colcon_core.verb:set package 'aws_robomaker_hospital_world' build argument 'catkin_cmake_args' from command line to 'None'
[1.237s] Level 5:colcon.colcon_core.verb:set package 'aws_robomaker_hospital_world' build argument 'catkin_skip_building_tests' from command line to 'False'
[1.237s] DEBUG:colcon.colcon_core.verb:Building package 'aws_robomaker_hospital_world' with the following arguments: {'ament_cmake_args': None, 'build_base': '/home/eamon/aws-robomaker-sample-application-pr2-hospital/simulation_ws/build/aws_robomaker_hospital_world', 'catkin_cmake_args': None, 'catkin_skip_building_tests': False, 'cmake_args': None, 'cmake_clean_cache': False, 'cmake_clean_first': False, 'cmake_force_configure': False, 'cmake_target': None, 'cmake_target_skip_unavailable': False, 'install_base': '/home/eamon/aws-robomaker-sample-application-pr2-hospital/simulation_ws/install/aws_robomaker_hospital_world', 'merge_install': False, 'path': '/home/eamon/aws-robomaker-sample-application-pr2-hospital/simulation_ws/src/deps/aws_robomaker_hospital_world', 'symlink_install': False, 'test_result_base': None}
[1.257s] Level 5:colcon.colcon_core.verb:set package 'pr2_hospital_simulation' build argument 'cmake_args' from command line to 'None'
[1.257s] Level 5:colcon.colcon_core.verb:set package 'pr2_hospital_simulation' build argument 'cmake_target' from command line to 'None'
[1.257s] Level 5:colcon.colcon_core.verb:set package 'pr2_hospital_simulation' build argument 'cmake_target_skip_unavailable' from command line to 'False'
[1.257s] Level 5:colcon.colcon_core.verb:set package 'pr2_hospital_simulation' build argument 'cmake_clean_cache' from command line to 'False'
[1.257s] Level 5:colcon.colcon_core.verb:set package 'pr2_hospital_simulation' build argument 'cmake_clean_first' from command line to 'False'
[1.257s] Level 5:colcon.colcon_core.verb:set package 'pr2_hospital_simulation' build argument 'cmake_force_configure' from command line to 'False'
[1.257s] Level 5:colcon.colcon_core.verb:set package 'pr2_hospital_simulation' build argument 'ament_cmake_args' from command line to 'None'
[1.257s] Level 5:colcon.colcon_core.verb:set package 'pr2_hospital_simulation' build argument 'catkin_cmake_args' from command line to 'None'
[1.257s] Level 5:colcon.colcon_core.verb:set package 'pr2_hospital_simulation' build argument 'catkin_skip_building_tests' from command line to 'False'
[1.257s] DEBUG:colcon.colcon_core.verb:Building package 'pr2_hospital_simulation' with the following arguments: {'ament_cmake_args': None, 'build_base': '/home/eamon/aws-robomaker-sample-application-pr2-hospital/simulation_ws/build/pr2_hospital_simulation', 'catkin_cmake_args': None, 'catkin_skip_building_tests': False, 'cmake_args': None, 'cmake_clean_cache': False, 'cmake_clean_first': False, 'cmake_force_configure': False, 'cmake_target': None, 'cmake_target_skip_unavailable': False, 'install_base': '/home/eamon/aws-robomaker-sample-application-pr2-hospital/simulation_ws/install/pr2_hospital_simulation', 'merge_install': False, 'path': '/home/eamon/aws-robomaker-sample-application-pr2-hospital/simulation_ws/src/pr2_hospital_simulation', 'symlink_install': False, 'test_result_base': None}
[1.272s] INFO:colcon.colcon_core.executor:Executing jobs using 'parallel' executor
[1.287s] DEBUG:colcon.colcon_parallel_executor.executor.parallel:run_until_complete
[1.287s] INFO:colcon.colcon_ros.task.catkin.build:Building ROS package in '/home/eamon/aws-robomaker-sample-application-pr2-hospital/simulation_ws/src/deps/aws_robomaker_hospital_world' with build type 'catkin'
[1.287s] INFO:colcon.colcon_cmake.task.cmake.build:Building CMake package in '/home/eamon/aws-robomaker-sample-application-pr2-hospital/simulation_ws/src/deps/aws_robomaker_hospital_world'
[1.305s] INFO:colcon.colcon_core.plugin_system:Skipping extension 'colcon_core.shell.bat': Not used on non-Windows systems
[1.305s] INFO:colcon.colcon_core.shell:Skip shell extension 'powershell' for command environment: Not usable outside of PowerShell
[1.305s] DEBUG:colcon.colcon_core.shell:Skip shell extension 'dsv' for command environment
[1.366s] DEBUG:colcon.colcon_core.shell:Ignoring prefix path '/opt/ros/noetic'
[1.370s] INFO:colcon.colcon_ros.task.catkin.build:Building ROS package in '/home/eamon/aws-robomaker-sample-application-pr2-hospital/simulation_ws/src/pr2_hospital_simulation' with build type 'catkin'
[1.371s] INFO:colcon.colcon_cmake.task.cmake.build:Building CMake package in '/home/eamon/aws-robomaker-sample-application-pr2-hospital/simulation_ws/src/pr2_hospital_simulation'
[1.389s] INFO:colcon.colcon_core.shell:Skip shell extension 'powershell' for command environment: Not usable outside of PowerShell
[1.389s] DEBUG:colcon.colcon_core.shell:Skip shell extension 'dsv' for command environment
[1.454s] DEBUG:colcon.colcon_core.shell:Ignoring prefix path '/opt/ros/noetic'
[1.459s] DEBUG:colcon.colcon_core.event_handler.log_command:Invoking command in '/home/eamon/aws-robomaker-sample-application-pr2-hospital/simulation_ws/build/aws_robomaker_hospital_world': /usr/bin/cmake /home/eamon/aws-robomaker-sample-application-pr2-hospital/simulation_ws/src/deps/aws_robomaker_hospital_world -DCATKIN_INSTALL_INTO_PREFIX_ROOT=0 -DCMAKE_INSTALL_PREFIX=/home/eamon/aws-robomaker-sample-application-pr2-hospital/simulation_ws/install/aws_robomaker_hospital_world
[1.472s] DEBUG:colcon.colcon_core.event_handler.log_command:Invoking command in '/home/eamon/aws-robomaker-sample-application-pr2-hospital/simulation_ws/build/pr2_hospital_simulation': /usr/bin/cmake /home/eamon/aws-robomaker-sample-application-pr2-hospital/simulation_ws/src/pr2_hospital_simulation -DCATKIN_INSTALL_INTO_PREFIX_ROOT=0 -DCMAKE_INSTALL_PREFIX=/home/eamon/aws-robomaker-sample-application-pr2-hospital/simulation_ws/install/pr2_hospital_simulation
[2.847s] DEBUG:colcon.colcon_core.event_handler.log_command:Invoked command in '/home/eamon/aws-robomaker-sample-application-pr2-hospital/simulation_ws/build/pr2_hospital_simulation' returned '0': /usr/bin/cmake /home/eamon/aws-robomaker-sample-application-pr2-hospital/simulation_ws/src/pr2_hospital_simulation -DCATKIN_INSTALL_INTO_PREFIX_ROOT=0 -DCMAKE_INSTALL_PREFIX=/home/eamon/aws-robomaker-sample-application-pr2-hospital/simulation_ws/install/pr2_hospital_simulation
[2.850s] DEBUG:colcon.colcon_core.event_handler.log_command:Invoking command in '/home/eamon/aws-robomaker-sample-application-pr2-hospital/simulation_ws/build/pr2_hospital_simulation': /usr/bin/cmake --build /home/eamon/aws-robomaker-sample-application-pr2-hospital/simulation_ws/build/pr2_hospital_simulation -- -j6 -l6
[2.883s] DEBUG:colcon.colcon_core.event_handler.log_command:Invoked command in '/home/eamon/aws-robomaker-sample-application-pr2-hospital/simulation_ws/build/pr2_hospital_simulation' returned '0': /usr/bin/cmake --build /home/eamon/aws-robomaker-sample-application-pr2-hospital/simulation_ws/build/pr2_hospital_simulation -- -j6 -l6
[2.932s] DEBUG:colcon.colcon_core.event_handler.log_command:Invoking command in '/home/eamon/aws-robomaker-sample-application-pr2-hospital/simulation_ws/build/pr2_hospital_simulation': /usr/bin/cmake --build /home/eamon/aws-robomaker-sample-application-pr2-hospital/simulation_ws/build/pr2_hospital_simulation --target tests -- -j6 -l6
[2.973s] DEBUG:colcon.colcon_core.event_handler.log_command:Invoked command in '/home/eamon/aws-robomaker-sample-application-pr2-hospital/simulation_ws/build/pr2_hospital_simulation' returned '0': /usr/bin/cmake --build /home/eamon/aws-robomaker-sample-application-pr2-hospital/simulation_ws/build/pr2_hospital_simulation --target tests -- -j6 -l6
[3.021s] DEBUG:colcon.colcon_core.event_handler.log_command:Invoking command in '/home/eamon/aws-robomaker-sample-application-pr2-hospital/simulation_ws/build/pr2_hospital_simulation': /usr/bin/cmake --install /home/eamon/aws-robomaker-sample-application-pr2-hospital/simulation_ws/build/pr2_hospital_simulation
[3.028s] DEBUG:colcon.colcon_core.event_handler.log_command:Invoked command in '/home/eamon/aws-robomaker-sample-application-pr2-hospital/simulation_ws/build/pr2_hospital_simulation' returned '0': /usr/bin/cmake --install /home/eamon/aws-robomaker-sample-application-pr2-hospital/simulation_ws/build/pr2_hospital_simulation
[3.066s] Level 1:colcon.colcon_core.shell:create_environment_hook('pr2_hospital_simulation', 'ros_package_path')
[3.084s] INFO:colcon.colcon_core.shell:Creating environment hook '/home/eamon/aws-robomaker-sample-application-pr2-hospital/simulation_ws/install/pr2_hospital_simulation/share/pr2_hospital_simulation/hook/ros_package_path.ps1'
[3.084s] INFO:colcon.colcon_core.shell:Creating environment descriptor '/home/eamon/aws-robomaker-sample-application-pr2-hospital/simulation_ws/install/pr2_hospital_simulation/share/pr2_hospital_simulation/hook/ros_package_path.dsv'
[3.085s] INFO:colcon.colcon_core.shell:Creating environment hook '/home/eamon/aws-robomaker-sample-application-pr2-hospital/simulation_ws/install/pr2_hospital_simulation/share/pr2_hospital_simulation/hook/ros_package_path.sh'
[3.086s] Level 1:colcon.colcon_ros.task.catkin:checking '/home/eamon/aws-robomaker-sample-application-pr2-hospital/simulation_ws/install/pr2_hospital_simulation/lib/python3/dist-packages'
[3.086s] Level 1:colcon.colcon_core.shell:create_environment_hook('pr2_hospital_simulation', 'pkg_config_path')
[3.103s] INFO:colcon.colcon_core.shell:Creating environment hook '/home/eamon/aws-robomaker-sample-application-pr2-hospital/simulation_ws/install/pr2_hospital_simulation/share/pr2_hospital_simulation/hook/pkg_config_path.ps1'
[3.103s] INFO:colcon.colcon_core.shell:Creating environment descriptor '/home/eamon/aws-robomaker-sample-application-pr2-hospital/simulation_ws/install/pr2_hospital_simulation/share/pr2_hospital_simulation/hook/pkg_config_path.dsv'
[3.103s] INFO:colcon.colcon_core.shell:Creating environment hook '/home/eamon/aws-robomaker-sample-application-pr2-hospital/simulation_ws/install/pr2_hospital_simulation/share/pr2_hospital_simulation/hook/pkg_config_path.sh'
[3.105s] Level 1:colcon.colcon_core.shell:create_environment_hook('pr2_hospital_simulation', 'pkg_config_path_multiarch')
[3.122s] INFO:colcon.colcon_core.shell:Creating environment hook '/home/eamon/aws-robomaker-sample-application-pr2-hospital/simulation_ws/install/pr2_hospital_simulation/share/pr2_hospital_simulation/hook/pkg_config_path_multiarch.ps1'
[3.122s] INFO:colcon.colcon_core.shell:Creating environment descriptor '/home/eamon/aws-robomaker-sample-application-pr2-hospital/simulation_ws/install/pr2_hospital_simulation/share/pr2_hospital_simulation/hook/pkg_config_path_multiarch.dsv'
[3.123s] INFO:colcon.colcon_core.shell:Creating environment hook '/home/eamon/aws-robomaker-sample-application-pr2-hospital/simulation_ws/install/pr2_hospital_simulation/share/pr2_hospital_simulation/hook/pkg_config_path_multiarch.sh'
[3.140s] Level 1:colcon.colcon_core.environment:create_environment_scripts_only(pr2_hospital_simulation)
[3.158s] Level 1:colcon.colcon_core.environment:checking '/home/eamon/aws-robomaker-sample-application-pr2-hospital/simulation_ws/install/pr2_hospital_simulation' for CMake module files
[3.158s] Level 1:colcon.colcon_core.environment:checking '/home/eamon/aws-robomaker-sample-application-pr2-hospital/simulation_ws/install/pr2_hospital_simulation' for CMake config files
[3.159s] Level 1:colcon.colcon_core.shell:create_environment_hook('pr2_hospital_simulation', 'cmake_prefix_path')
[3.175s] INFO:colcon.colcon_core.shell:Creating environment hook '/home/eamon/aws-robomaker-sample-application-pr2-hospital/simulation_ws/install/pr2_hospital_simulation/share/pr2_hospital_simulation/hook/cmake_prefix_path.ps1'
[3.175s] INFO:colcon.colcon_core.shell:Creating environment descriptor '/home/eamon/aws-robomaker-sample-application-pr2-hospital/simulation_ws/install/pr2_hospital_simulation/share/pr2_hospital_simulation/hook/cmake_prefix_path.dsv'
[3.175s] INFO:colcon.colcon_core.shell:Creating environment hook '/home/eamon/aws-robomaker-sample-application-pr2-hospital/simulation_ws/install/pr2_hospital_simulation/share/pr2_hospital_simulation/hook/cmake_prefix_path.sh'
[3.176s] Level 1:colcon.colcon_core.environment:checking '/home/eamon/aws-robomaker-sample-application-pr2-hospital/simulation_ws/install/pr2_hospital_simulation/lib'
[3.176s] Level 1:colcon.colcon_core.environment:checking '/home/eamon/aws-robomaker-sample-application-pr2-hospital/simulation_ws/install/pr2_hospital_simulation/bin'
[3.176s] Level 1:colcon.colcon_core.environment:checking '/home/eamon/aws-robomaker-sample-application-pr2-hospital/simulation_ws/install/pr2_hospital_simulation/lib/pkgconfig/pr2_hospital_simulation.pc'
[3.176s] Level 1:colcon.colcon_core.shell:create_environment_hook('pr2_hospital_simulation', 'pkg_config')
[3.192s] INFO:colcon.colcon_core.shell:Creating environment hook '/home/eamon/aws-robomaker-sample-application-pr2-hospital/simulation_ws/install/pr2_hospital_simulation/share/pr2_hospital_simulation/hook/pkg_config.ps1'
[3.192s] INFO:colcon.colcon_core.shell:Creating environment descriptor '/home/eamon/aws-robomaker-sample-application-pr2-hospital/simulation_ws/install/pr2_hospital_simulation/share/pr2_hospital_simulation/hook/pkg_config.dsv'
[3.192s] INFO:colcon.colcon_core.shell:Creating environment hook '/home/eamon/aws-robomaker-sample-application-pr2-hospital/simulation_ws/install/pr2_hospital_simulation/share/pr2_hospital_simulation/hook/pkg_config.sh'
[3.194s] Level 1:colcon.colcon_core.environment:checking '/home/eamon/aws-robomaker-sample-application-pr2-hospital/simulation_ws/install/pr2_hospital_simulation/lib/python3.8/site-packages'
[3.194s] Level 1:colcon.colcon_core.environment:checking '/home/eamon/aws-robomaker-sample-application-pr2-hospital/simulation_ws/install/pr2_hospital_simulation/bin'
[3.211s] INFO:colcon.colcon_core.shell:Creating package script '/home/eamon/aws-robomaker-sample-application-pr2-hospital/simulation_ws/install/pr2_hospital_simulation/share/pr2_hospital_simulation/package.ps1'
[3.212s] INFO:colcon.colcon_core.shell:Creating package descriptor '/home/eamon/aws-robomaker-sample-application-pr2-hospital/simulation_ws/install/pr2_hospital_simulation/share/pr2_hospital_simulation/package.dsv'
[3.213s] INFO:colcon.colcon_core.shell:Creating package script '/home/eamon/aws-robomaker-sample-application-pr2-hospital/simulation_ws/install/pr2_hospital_simulation/share/pr2_hospital_simulation/package.sh'
[3.213s] INFO:colcon.colcon_core.shell:Creating package script '/home/eamon/aws-robomaker-sample-application-pr2-hospital/simulation_ws/install/pr2_hospital_simulation/share/pr2_hospital_simulation/package.bash'
[3.214s] INFO:colcon.colcon_core.shell:Creating package script '/home/eamon/aws-robomaker-sample-application-pr2-hospital/simulation_ws/install/pr2_hospital_simulation/share/pr2_hospital_simulation/package.zsh'
[3.215s] Level 1:colcon.colcon_core.environment:create_file_with_runtime_dependencies(/home/eamon/aws-robomaker-sample-application-pr2-hospital/simulation_ws/install/pr2_hospital_simulation/share/colcon-core/packages/pr2_hospital_simulation)
[846.195s] DEBUG:colcon.colcon_core.event_handler.log_command:Invoked command in '/home/eamon/aws-robomaker-sample-application-pr2-hospital/simulation_ws/build/aws_robomaker_hospital_world' returned '0': /usr/bin/cmake /home/eamon/aws-robomaker-sample-application-pr2-hospital/simulation_ws/src/deps/aws_robomaker_hospital_world -DCATKIN_INSTALL_INTO_PREFIX_ROOT=0 -DCMAKE_INSTALL_PREFIX=/home/eamon/aws-robomaker-sample-application-pr2-hospital/simulation_ws/install/aws_robomaker_hospital_world
[846.199s] DEBUG:colcon.colcon_core.event_handler.log_command:Invoking command in '/home/eamon/aws-robomaker-sample-application-pr2-hospital/simulation_ws/build/aws_robomaker_hospital_world': /usr/bin/cmake --build /home/eamon/aws-robomaker-sample-application-pr2-hospital/simulation_ws/build/aws_robomaker_hospital_world -- -j6 -l6
[846.251s] DEBUG:colcon.colcon_core.event_handler.log_command:Invoked command in '/home/eamon/aws-robomaker-sample-application-pr2-hospital/simulation_ws/build/aws_robomaker_hospital_world' returned '0': /usr/bin/cmake --build /home/eamon/aws-robomaker-sample-application-pr2-hospital/simulation_ws/build/aws_robomaker_hospital_world -- -j6 -l6
[846.314s] DEBUG:colcon.colcon_core.event_handler.log_command:Invoking command in '/home/eamon/aws-robomaker-sample-application-pr2-hospital/simulation_ws/build/aws_robomaker_hospital_world': /usr/bin/cmake --build /home/eamon/aws-robomaker-sample-application-pr2-hospital/simulation_ws/build/aws_robomaker_hospital_world --target tests -- -j6 -l6
[846.376s] DEBUG:colcon.colcon_core.event_handler.log_command:Invoked command in '/home/eamon/aws-robomaker-sample-application-pr2-hospital/simulation_ws/build/aws_robomaker_hospital_world' returned '0': /usr/bin/cmake --build /home/eamon/aws-robomaker-sample-application-pr2-hospital/simulation_ws/build/aws_robomaker_hospital_world --target tests -- -j6 -l6
[846.420s] DEBUG:colcon.colcon_core.event_handler.log_command:Invoking command in '/home/eamon/aws-robomaker-sample-application-pr2-hospital/simulation_ws/build/aws_robomaker_hospital_world': /usr/bin/cmake --install /home/eamon/aws-robomaker-sample-application-pr2-hospital/simulation_ws/build/aws_robomaker_hospital_world
[847.856s] DEBUG:colcon.colcon_core.event_handler.log_command:Invoked command in '/home/eamon/aws-robomaker-sample-application-pr2-hospital/simulation_ws/build/aws_robomaker_hospital_world' returned '0': /usr/bin/cmake --install /home/eamon/aws-robomaker-sample-application-pr2-hospital/simulation_ws/build/aws_robomaker_hospital_world
[847.901s] Level 1:colcon.colcon_core.shell:create_environment_hook('aws_robomaker_hospital_world', 'ros_package_path')
[847.928s] INFO:colcon.colcon_core.shell:Creating environment hook '/home/eamon/aws-robomaker-sample-application-pr2-hospital/simulation_ws/install/aws_robomaker_hospital_world/share/aws_robomaker_hospital_world/hook/ros_package_path.ps1'
[847.929s] INFO:colcon.colcon_core.shell:Creating environment descriptor '/home/eamon/aws-robomaker-sample-application-pr2-hospital/simulation_ws/install/aws_robomaker_hospital_world/share/aws_robomaker_hospital_world/hook/ros_package_path.dsv'
[847.929s] INFO:colcon.colcon_core.shell:Creating environment hook '/home/eamon/aws-robomaker-sample-application-pr2-hospital/simulation_ws/install/aws_robomaker_hospital_world/share/aws_robomaker_hospital_world/hook/ros_package_path.sh'
[847.929s] Level 1:colcon.colcon_ros.task.catkin:checking '/home/eamon/aws-robomaker-sample-application-pr2-hospital/simulation_ws/install/aws_robomaker_hospital_world/lib/python3/dist-packages'
[847.930s] Level 1:colcon.colcon_core.shell:create_environment_hook('aws_robomaker_hospital_world', 'pkg_config_path')
[847.946s] INFO:colcon.colcon_core.shell:Creating environment hook '/home/eamon/aws-robomaker-sample-application-pr2-hospital/simulation_ws/install/aws_robomaker_hospital_world/share/aws_robomaker_hospital_world/hook/pkg_config_path.ps1'
[847.946s] INFO:colcon.colcon_core.shell:Creating environment descriptor '/home/eamon/aws-robomaker-sample-application-pr2-hospital/simulation_ws/install/aws_robomaker_hospital_world/share/aws_robomaker_hospital_world/hook/pkg_config_path.dsv'
[847.946s] INFO:colcon.colcon_core.shell:Creating environment hook '/home/eamon/aws-robomaker-sample-application-pr2-hospital/simulation_ws/install/aws_robomaker_hospital_world/share/aws_robomaker_hospital_world/hook/pkg_config_path.sh'
[847.946s] Level 1:colcon.colcon_core.shell:create_environment_hook('aws_robomaker_hospital_world', 'pkg_config_path_multiarch')
[847.961s] INFO:colcon.colcon_core.shell:Creating environment hook '/home/eamon/aws-robomaker-sample-application-pr2-hospital/simulation_ws/install/aws_robomaker_hospital_world/share/aws_robomaker_hospital_world/hook/pkg_config_path_multiarch.ps1'
[847.962s] INFO:colcon.colcon_core.shell:Creating environment descriptor '/home/eamon/aws-robomaker-sample-application-pr2-hospital/simulation_ws/install/aws_robomaker_hospital_world/share/aws_robomaker_hospital_world/hook/pkg_config_path_multiarch.dsv'
[847.962s] INFO:colcon.colcon_core.shell:Creating environment hook '/home/eamon/aws-robomaker-sample-application-pr2-hospital/simulation_ws/install/aws_robomaker_hospital_world/share/aws_robomaker_hospital_world/hook/pkg_config_path_multiarch.sh'
[847.986s] Level 1:colcon.colcon_core.environment:create_environment_scripts_only(aws_robomaker_hospital_world)
[848.002s] Level 1:colcon.colcon_core.environment:checking '/home/eamon/aws-robomaker-sample-application-pr2-hospital/simulation_ws/install/aws_robomaker_hospital_world' for CMake module files
[848.002s] Level 1:colcon.colcon_core.environment:checking '/home/eamon/aws-robomaker-sample-application-pr2-hospital/simulation_ws/install/aws_robomaker_hospital_world' for CMake config files
[848.002s] Level 1:colcon.colcon_core.shell:create_environment_hook('aws_robomaker_hospital_world', 'cmake_prefix_path')
[848.017s] INFO:colcon.colcon_core.shell:Creating environment hook '/home/eamon/aws-robomaker-sample-application-pr2-hospital/simulation_ws/install/aws_robomaker_hospital_world/share/aws_robomaker_hospital_world/hook/cmake_prefix_path.ps1'
[848.018s] INFO:colcon.colcon_core.shell:Creating environment descriptor '/home/eamon/aws-robomaker-sample-application-pr2-hospital/simulation_ws/install/aws_robomaker_hospital_world/share/aws_robomaker_hospital_world/hook/cmake_prefix_path.dsv'
[848.018s] INFO:colcon.colcon_core.shell:Creating environment hook '/home/eamon/aws-robomaker-sample-application-pr2-hospital/simulation_ws/install/aws_robomaker_hospital_world/share/aws_robomaker_hospital_world/hook/cmake_prefix_path.sh'
[848.019s] Level 1:colcon.colcon_core.environment:checking '/home/eamon/aws-robomaker-sample-application-pr2-hospital/simulation_ws/install/aws_robomaker_hospital_world/lib'
[848.019s] Level 1:colcon.colcon_core.environment:checking '/home/eamon/aws-robomaker-sample-application-pr2-hospital/simulation_ws/install/aws_robomaker_hospital_world/bin'
[848.019s] Level 1:colcon.colcon_core.environment:checking '/home/eamon/aws-robomaker-sample-application-pr2-hospital/simulation_ws/install/aws_robomaker_hospital_world/lib/pkgconfig/aws_robomaker_hospital_world.pc'
[848.019s] Level 1:colcon.colcon_core.shell:create_environment_hook('aws_robomaker_hospital_world', 'pkg_config')
[848.035s] INFO:colcon.colcon_core.shell:Creating environment hook '/home/eamon/aws-robomaker-sample-application-pr2-hospital/simulation_ws/install/aws_robomaker_hospital_world/share/aws_robomaker_hospital_world/hook/pkg_config.ps1'
[848.035s] INFO:colcon.colcon_core.shell:Creating environment descriptor '/home/eamon/aws-robomaker-sample-application-pr2-hospital/simulation_ws/install/aws_robomaker_hospital_world/share/aws_robomaker_hospital_world/hook/pkg_config.dsv'
[848.036s] INFO:colcon.colcon_core.shell:Creating environment hook '/home/eamon/aws-robomaker-sample-application-pr2-hospital/simulation_ws/install/aws_robomaker_hospital_world/share/aws_robomaker_hospital_world/hook/pkg_config.sh'
[848.036s] Level 1:colcon.colcon_core.environment:checking '/home/eamon/aws-robomaker-sample-application-pr2-hospital/simulation_ws/install/aws_robomaker_hospital_world/lib/python3.8/site-packages'
[848.036s] Level 1:colcon.colcon_core.environment:checking '/home/eamon/aws-robomaker-sample-application-pr2-hospital/simulation_ws/install/aws_robomaker_hospital_world/bin'
[848.052s] INFO:colcon.colcon_core.shell:Creating package script '/home/eamon/aws-robomaker-sample-application-pr2-hospital/simulation_ws/install/aws_robomaker_hospital_world/share/aws_robomaker_hospital_world/package.ps1'
[848.052s] INFO:colcon.colcon_core.shell:Creating package descriptor '/home/eamon/aws-robomaker-sample-application-pr2-hospital/simulation_ws/install/aws_robomaker_hospital_world/share/aws_robomaker_hospital_world/package.dsv'
[848.053s] INFO:colcon.colcon_core.shell:Creating package script '/home/eamon/aws-robomaker-sample-application-pr2-hospital/simulation_ws/install/aws_robomaker_hospital_world/share/aws_robomaker_hospital_world/package.sh'
[848.053s] INFO:colcon.colcon_core.shell:Creating package script '/home/eamon/aws-robomaker-sample-application-pr2-hospital/simulation_ws/install/aws_robomaker_hospital_world/share/aws_robomaker_hospital_world/package.bash'
[848.053s] INFO:colcon.colcon_core.shell:Creating package script '/home/eamon/aws-robomaker-sample-application-pr2-hospital/simulation_ws/install/aws_robomaker_hospital_world/share/aws_robomaker_hospital_world/package.zsh'
[848.054s] Level 1:colcon.colcon_core.environment:create_file_with_runtime_dependencies(/home/eamon/aws-robomaker-sample-application-pr2-hospital/simulation_ws/install/aws_robomaker_hospital_world/share/colcon-core/packages/aws_robomaker_hospital_world)
[848.054s] DEBUG:colcon.colcon_parallel_executor.executor.parallel:closing loop
[848.054s] DEBUG:colcon.colcon_parallel_executor.executor.parallel:loop closed
[848.054s] DEBUG:colcon.colcon_parallel_executor.executor.parallel:run_until_complete finished with '0'
[848.054s] DEBUG:colcon.colcon_core.event_reactor:joining thread
[848.081s] INFO:colcon.colcon_core.plugin_system:Skipping extension 'colcon_notification.desktop_notification.terminal_notifier': Not used on non-Darwin systems
[848.081s] INFO:colcon.colcon_core.plugin_system:Skipping extension 'colcon_notification.desktop_notification.win32': Not used on non-Windows systems
[848.081s] INFO:colcon.colcon_notification.desktop_notification:Sending desktop notification using 'notify2'
[848.147s] DEBUG:colcon.colcon_core.event_reactor:joined thread
[848.172s] INFO:colcon.colcon_core.shell:Creating prefix script '/home/eamon/aws-robomaker-sample-application-pr2-hospital/simulation_ws/install/local_setup.ps1'
[848.173s] INFO:colcon.colcon_core.shell:Creating prefix util module '/home/eamon/aws-robomaker-sample-application-pr2-hospital/simulation_ws/install/_local_setup_util_ps1.py'
[848.175s] INFO:colcon.colcon_core.shell:Creating prefix chain script '/home/eamon/aws-robomaker-sample-application-pr2-hospital/simulation_ws/install/setup.ps1'
[848.192s] INFO:colcon.colcon_core.shell:Creating prefix script '/home/eamon/aws-robomaker-sample-application-pr2-hospital/simulation_ws/install/local_setup.sh'
[848.193s] INFO:colcon.colcon_core.shell:Creating prefix util module '/home/eamon/aws-robomaker-sample-application-pr2-hospital/simulation_ws/install/_local_setup_util_sh.py'
[848.193s] INFO:colcon.colcon_core.shell:Creating prefix chain script '/home/eamon/aws-robomaker-sample-application-pr2-hospital/simulation_ws/install/setup.sh'
[848.211s] INFO:colcon.colcon_core.shell:Creating prefix script '/home/eamon/aws-robomaker-sample-application-pr2-hospital/simulation_ws/install/local_setup.bash'
[848.212s] INFO:colcon.colcon_core.shell:Creating prefix chain script '/home/eamon/aws-robomaker-sample-application-pr2-hospital/simulation_ws/install/setup.bash'
[848.228s] INFO:colcon.colcon_core.shell:Creating prefix script '/home/eamon/aws-robomaker-sample-application-pr2-hospital/simulation_ws/install/local_setup.zsh'
[848.229s] INFO:colcon.colcon_core.shell:Creating prefix chain script '/home/eamon/aws-robomaker-sample-application-pr2-hospital/simulation_ws/install/setup.zsh'
